<?xml version="1.0" encoding="UTF-8"?>
  <testsuites tests="43" disabled="0" errors="0" failures="2" time="2200.514839096">
      <testsuite name="API Test Suites" package="/home/runner/work/uni-compute/uni-compute/test/api/suites" tests="43" disabled="0" skipped="0" errors="0" failures="2" time="2200.514839096" timestamp="2026-05-19T07:10:29">
          <properties>
              <property name="SuiteSucceeded" value="false"></property>
              <property name="SuiteHasProgrammaticFocus" value="false"></property>
              <property name="SpecialSuiteFailureReason" value=""></property>
              <property name="SuiteLabels" value="[]"></property>
              <property name="RandomSeed" value="1779174617"></property>
              <property name="RandomizeAllSpecs" value="false"></property>
              <property name="LabelFilter" value=""></property>
              <property name="FocusStrings" value=""></property>
              <property name="SkipStrings" value=""></property>
              <property name="FocusFiles" value=""></property>
              <property name="SkipFiles" value=""></property>
              <property name="FailOnPending" value="false"></property>
              <property name="FailOnEmpty" value="false"></property>
              <property name="FailFast" value="false"></property>
              <property name="FlakeAttempts" value="0"></property>
              <property name="DryRun" value="false"></property>
              <property name="ParallelTotal" value="1"></property>
              <property name="OutputInterceptorMode" value=""></property>
          </properties>
          <testcase name="[It] SSH Integration should connect over SSH using the instance private key" classname="API Test Suites" status="passed" time="46.647072472">
              <system-err>&gt; Enter [BeforeEach] TOP-LEVEL - /home/runner/work/uni-compute/uni-compute/test/api/suites/suite_test.go:39 @ 05/19/26 07:10:29.373&#xA;&lt; Exit [BeforeEach] TOP-LEVEL - /home/runner/work/uni-compute/uni-compute/test/api/suites/suite_test.go:39 @ 05/19/26 07:10:29.373 (0s)&#xA;&gt; Enter [BeforeEach] SSH Integration - /home/runner/work/uni-compute/uni-compute/test/api/suites/ssh_test.go:43 @ 05/19/26 07:10:29.373&#xA;&lt; Exit [BeforeEach] SSH Integration - /home/runner/work/uni-compute/uni-compute/test/api/suites/ssh_test.go:43 @ 05/19/26 07:10:29.374 (0s)&#xA;&gt; Enter [It] should connect over SSH using the instance private key - /home/runner/work/uni-compute/uni-compute/test/api/suites/ssh_test.go:53 @ 05/19/26 07:10:29.374&#xA;Created instance with ID: e25383e9-d575-442f-9e3e-d463393e1038&#xA;Instance e25383e9-d575-442f-9e3e-d463393e1038 power state: Pending (waiting for Running)&#xA;Instance e25383e9-d575-442f-9e3e-d463393e1038 power state: Pending (waiting for Running)&#xA;Instance e25383e9-d575-442f-9e3e-d463393e1038 power state: Running (waiting for Running)&#xA;Instance e25383e9-d575-442f-9e3e-d463393e1038 is running&#xA;Instance e25383e9-d575-442f-9e3e-d463393e1038 network identity ready: private IP=10.0.1.219, MAC=fa:16:3e:31:4b:bb, public IP=193.143.123.153&#xA;&lt; Exit [It] should connect over SSH using the instance private key - /home/runner/work/uni-compute/uni-compute/test/api/suites/ssh_test.go:53 @ 05/19/26 07:11:10.564 (41.191s)&#xA;&gt; Enter [DeferCleanup (Each)] SSH Integration - /home/runner/work/uni-compute/uni-compute/test/api/fixtures.go:135 @ 05/19/26 07:11:10.564&#xA;Cleaning up instance: e25383e9-d575-442f-9e3e-d463393e1038&#xA;Waiting for instance e25383e9-d575-442f-9e3e-d463393e1038 to be fully deleted&#xA;&lt; Exit [DeferCleanup (Each)] SSH Integration - /home/runner/work/uni-compute/uni-compute/test/api/fixtures.go:135 @ 05/19/26 07:11:15.887 (5.322s)&#xA;&gt; Enter [DeferCleanup (Each)] SSH Integration - /home/runner/work/uni-compute/uni-compute/test/api/fixtures.go:307 @ 05/19/26 07:11:15.887&#xA;Cleaning up SSH security group: f0282a06-7a5c-4415-b405-6aad3fecc2e3&#xA;&lt; Exit [DeferCleanup (Each)] SSH Integration - /home/runner/work/uni-compute/uni-compute/test/api/fixtures.go:307 @ 05/19/26 07:11:16.02 (133ms)&#xA;</system-err>
          </testcase>
          <testcase name="[It] SSH Integration should connect over SSH using a certificate authority" classname="API Test Suites" status="failed" time="334.369881312">
              <failure message="Failed to SSH with certificate to instance b9223bc9-ef83-450b-af52-b4a16f25568a&#xA;Unexpected error:&#xA;    &lt;*fmt.wrapError | 0xc0000483a0&gt;: &#xA;    running SSH command with fallback users [cloud-user ubuntu]: dialing SSH: dial tcp 193.143.123.153:22: i/o timeout&#xA;    {&#xA;        msg: &#34;running SSH command with fallback users [cloud-user ubuntu]: dialing SSH: dial tcp 193.143.123.153:22: i/o timeout&#34;,&#xA;        err: &lt;*fmt.wrapError | 0xc000048380&gt;{&#xA;            msg: &#34;dialing SSH: dial tcp 193.143.123.153:22: i/o timeout&#34;,&#xA;            err: &lt;*net.OpError | 0xc0000d83c0&gt;{&#xA;                Op: &#34;dial&#34;,&#xA;                Net: &#34;tcp&#34;,&#xA;                Source: nil,&#xA;                Addr: &lt;*net.TCPAddr | 0xc000484480&gt;{&#xA;                    IP: [0, 0, 0, 0, 0, 0, 0, 0, 0, 0, 255, 255, 193, 143, 123, 153],&#xA;                    Port: 22,&#xA;                    Zone: &#34;&#34;,&#xA;                },&#xA;                Err: &lt;*net.timeoutError | 0xecdf40&gt;{},&#xA;            },&#xA;        },&#xA;    }&#xA;occurred" type="failed">[FAILED] Failed to SSH with certificate to instance b9223bc9-ef83-450b-af52-b4a16f25568a&#xA;Unexpected error:&#xA;    &lt;*fmt.wrapError | 0xc0000483a0&gt;: &#xA;    running SSH command with fallback users [cloud-user ubuntu]: dialing SSH: dial tcp 193.143.123.153:22: i/o timeout&#xA;    {&#xA;        msg: &#34;running SSH command with fallback users [cloud-user ubuntu]: dialing SSH: dial tcp 193.143.123.153:22: i/o timeout&#34;,&#xA;        err: &lt;*fmt.wrapError | 0xc000048380&gt;{&#xA;            msg: &#34;dialing SSH: dial tcp 193.143.123.153:22: i/o timeout&#34;,&#xA;            err: &lt;*net.OpError | 0xc0000d83c0&gt;{&#xA;                Op: &#34;dial&#34;,&#xA;                Net: &#34;tcp&#34;,&#xA;                Source: nil,&#xA;                Addr: &lt;*net.TCPAddr | 0xc000484480&gt;{&#xA;                    IP: [0, 0, 0, 0, 0, 0, 0, 0, 0, 0, 255, 255, 193, 143, 123, 153],&#xA;                    Port: 22,&#xA;                    Zone: &#34;&#34;,&#xA;                },&#xA;                Err: &lt;*net.timeoutError | 0xecdf40&gt;{},&#xA;            },&#xA;        },&#xA;    }&#xA;occurred&#xA;In [It] at: /home/runner/work/uni-compute/uni-compute/test/api/suites/ssh_test.go:128 @ 05/19/26 07:16:44.152&#xA;</failure>
              <system-err>&gt; Enter [BeforeEach] TOP-LEVEL - /home/runner/work/uni-compute/uni-compute/test/api/suites/suite_test.go:39 @ 05/19/26 07:11:16.02&#xA;&lt; Exit [BeforeEach] TOP-LEVEL - /home/runner/work/uni-compute/uni-compute/test/api/suites/suite_test.go:39 @ 05/19/26 07:11:16.02 (0s)&#xA;&gt; Enter [BeforeEach] SSH Integration - /home/runner/work/uni-compute/uni-compute/test/api/suites/ssh_test.go:43 @ 05/19/26 07:11:16.02&#xA;&lt; Exit [BeforeEach] SSH Integration - /home/runner/work/uni-compute/uni-compute/test/api/suites/ssh_test.go:43 @ 05/19/26 07:11:16.021 (0s)&#xA;&gt; Enter [It] should connect over SSH using a certificate authority - /home/runner/work/uni-compute/uni-compute/test/api/suites/ssh_test.go:86 @ 05/19/26 07:11:16.021&#xA;Created instance with ID: b9223bc9-ef83-450b-af52-b4a16f25568a&#xA;Instance b9223bc9-ef83-450b-af52-b4a16f25568a power state is nil (waiting for initialization)&#xA;Instance b9223bc9-ef83-450b-af52-b4a16f25568a power state is nil (waiting for initialization)&#xA;Instance b9223bc9-ef83-450b-af52-b4a16f25568a power state is nil (waiting for initialization)&#xA;Instance b9223bc9-ef83-450b-af52-b4a16f25568a power state: Pending (waiting for Running)&#xA;Instance b9223bc9-ef83-450b-af52-b4a16f25568a power state: Pending (waiting for Running)&#xA;Instance b9223bc9-ef83-450b-af52-b4a16f25568a power state: Pending (waiting for Running)&#xA;Instance b9223bc9-ef83-450b-af52-b4a16f25568a power state: Pending (waiting for Running)&#xA;Instance b9223bc9-ef83-450b-af52-b4a16f25568a power state: Pending (waiting for Running)&#xA;Instance b9223bc9-ef83-450b-af52-b4a16f25568a power state: Pending (waiting for Running)&#xA;Instance b9223bc9-ef83-450b-af52-b4a16f25568a power state: Pending (waiting for Running)&#xA;Instance b9223bc9-ef83-450b-af52-b4a16f25568a power state: Pending (waiting for Running)&#xA;Instance b9223bc9-ef83-450b-af52-b4a16f25568a power state: Pending (waiting for Running)&#xA;Instance b9223bc9-ef83-450b-af52-b4a16f25568a power state: Pending (waiting for Running)&#xA;Instance b9223bc9-ef83-450b-af52-b4a16f25568a power state: Pending (waiting for Running)&#xA;Instance b9223bc9-ef83-450b-af52-b4a16f25568a power state: Pending (waiting for Running)&#xA;Instance b9223bc9-ef83-450b-af52-b4a16f25568a power state: Running (waiting for Running)&#xA;Instance b9223bc9-ef83-450b-af52-b4a16f25568a is running&#xA;Instance b9223bc9-ef83-450b-af52-b4a16f25568a network identity ready: private IP=10.0.1.170, MAC=fa:16:3e:c6:23:48, public IP=193.143.123.153&#xA;[FAILED] Failed to SSH with certificate to instance b9223bc9-ef83-450b-af52-b4a16f25568a&#xA;Unexpected error:&#xA;    &lt;*fmt.wrapError | 0xc0000483a0&gt;: &#xA;    running SSH command with fallback users [cloud-user ubuntu]: dialing SSH: dial tcp 193.143.123.153:22: i/o timeout&#xA;    {&#xA;        msg: &#34;running SSH command with fallback users [cloud-user ubuntu]: dialing SSH: dial tcp 193.143.123.153:22: i/o timeout&#34;,&#xA;        err: &lt;*fmt.wrapError | 0xc000048380&gt;{&#xA;            msg: &#34;dialing SSH: dial tcp 193.143.123.153:22: i/o timeout&#34;,&#xA;            err: &lt;*net.OpError | 0xc0000d83c0&gt;{&#xA;                Op: &#34;dial&#34;,&#xA;                Net: &#34;tcp&#34;,&#xA;                Source: nil,&#xA;                Addr: &lt;*net.TCPAddr | 0xc000484480&gt;{&#xA;                    IP: [0, 0, 0, 0, 0, 0, 0, 0, 0, 0, 255, 255, 193, 143, 123, 153],&#xA;                    Port: 22,&#xA;                    Zone: &#34;&#34;,&#xA;                },&#xA;                Err: &lt;*net.timeoutError | 0xecdf40&gt;{},&#xA;            },&#xA;        },&#xA;    }&#xA;occurred&#xA;In [It] at: /home/runner/work/uni-compute/uni-compute/test/api/suites/ssh_test.go:128 @ 05/19/26 07:16:44.152&#xA;&lt; Exit [It] should connect over SSH using a certificate authority - /home/runner/work/uni-compute/uni-compute/test/api/suites/ssh_test.go:86 @ 05/19/26 07:16:44.152 (5m28.132s)&#xA;&gt; Enter [DeferCleanup (Each)] SSH Integration - /home/runner/work/uni-compute/uni-compute/test/api/fixtures.go:135 @ 05/19/26 07:16:44.152&#xA;Cleaning up instance: b9223bc9-ef83-450b-af52-b4a16f25568a&#xA;Waiting for instance b9223bc9-ef83-450b-af52-b4a16f25568a to be fully deleted&#xA;&lt; Exit [DeferCleanup (Each)] SSH Integration - /home/runner/work/uni-compute/uni-compute/test/api/fixtures.go:135 @ 05/19/26 07:16:49.806 (5.653s)&#xA;&gt; Enter [DeferCleanup (Each)] SSH Integration - /home/runner/work/uni-compute/uni-compute/test/api/fixtures.go:334 @ 05/19/26 07:16:49.806&#xA;Cleaning up SSH certificate authority: d44629f2-0d5e-4e25-9d50-5371490fad0e&#xA;&lt; Exit [DeferCleanup (Each)] SSH Integration - /home/runner/work/uni-compute/uni-compute/test/api/fixtures.go:334 @ 05/19/26 07:16:50.242 (436ms)&#xA;&gt; Enter [DeferCleanup (Each)] SSH Integration - /home/runner/work/uni-compute/uni-compute/test/api/fixtures.go:307 @ 05/19/26 07:16:50.242&#xA;Cleaning up SSH security group: e7e84175-d2a8-4526-9f5d-beec128f4075&#xA;&lt; Exit [DeferCleanup (Each)] SSH Integration - /home/runner/work/uni-compute/uni-compute/test/api/fixtures.go:307 @ 05/19/26 07:16:50.39 (148ms)&#xA;</system-err>
          </testcase>
          <testcase name="[It] Security and Authentication When accessing API with different authentication states Given invalid authentication should reject requests with invalid tokens" classname="API Test Suites" status="passed" time="0.102512607">
              <system-err>&gt; Enter [BeforeEach] TOP-LEVEL - /home/runner/work/uni-compute/uni-compute/test/api/suites/suite_test.go:39 @ 05/19/26 07:16:50.39&#xA;&lt; Exit [BeforeEach] TOP-LEVEL - /home/runner/work/uni-compute/uni-compute/test/api/suites/suite_test.go:39 @ 05/19/26 07:16:50.39 (0s)&#xA;&gt; Enter [It] should reject requests with invalid tokens - /home/runner/work/uni-compute/uni-compute/test/api/suites/security_authentication_test.go:33 @ 05/19/26 07:16:50.39&#xA;&lt; Exit [It] should reject requests with invalid tokens - /home/runner/work/uni-compute/uni-compute/test/api/suites/security_authentication_test.go:33 @ 05/19/26 07:16:50.492 (102ms)&#xA;</system-err>
          </testcase>
          <testcase name="[It] Security and Authentication When accessing API with different authentication states Given invalid authentication should reject requests with missing authentication" classname="API Test Suites" status="passed" time="0.093544931">
              <system-err>&gt; Enter [BeforeEach] TOP-LEVEL - /home/runner/work/uni-compute/uni-compute/test/api/suites/suite_test.go:39 @ 05/19/26 07:16:50.493&#xA;&lt; Exit [BeforeEach] TOP-LEVEL - /home/runner/work/uni-compute/uni-compute/test/api/suites/suite_test.go:39 @ 05/19/26 07:16:50.493 (0s)&#xA;&gt; Enter [It] should reject requests with missing authentication - /home/runner/work/uni-compute/uni-compute/test/api/suites/security_authentication_test.go:43 @ 05/19/26 07:16:50.493&#xA;&lt; Exit [It] should reject requests with missing authentication - /home/runner/work/uni-compute/uni-compute/test/api/suites/security_authentication_test.go:43 @ 05/19/26 07:16:50.586 (93ms)&#xA;</system-err>
          </testcase>
          <testcase name="[It] Security and Authentication When submitting malicious input Given security testing should reject XSS payloads script tag" classname="API Test Suites" status="passed" time="0.094084205">
              <system-err>&gt; Enter [BeforeEach] TOP-LEVEL - /home/runner/work/uni-compute/uni-compute/test/api/suites/suite_test.go:39 @ 05/19/26 07:16:50.586&#xA;&lt; Exit [BeforeEach] TOP-LEVEL - /home/runner/work/uni-compute/uni-compute/test/api/suites/suite_test.go:39 @ 05/19/26 07:16:50.587 (0s)&#xA;&gt; Enter [It] script tag - /home/runner/work/uni-compute/uni-compute/test/api/suites/security_authentication_test.go:75 @ 05/19/26 07:16:50.587&#xA;&lt; Exit [It] script tag - /home/runner/work/uni-compute/uni-compute/test/api/suites/security_authentication_test.go:75 @ 05/19/26 07:16:50.68 (94ms)&#xA;</system-err>
          </testcase>
          <testcase name="[It] Security and Authentication When submitting malicious input Given security testing should reject XSS payloads img onerror" classname="API Test Suites" status="passed" time="0.093784894">
              <system-err>&gt; Enter [BeforeEach] TOP-LEVEL - /home/runner/work/uni-compute/uni-compute/test/api/suites/suite_test.go:39 @ 05/19/26 07:16:50.68&#xA;&lt; Exit [BeforeEach] TOP-LEVEL - /home/runner/work/uni-compute/uni-compute/test/api/suites/suite_test.go:39 @ 05/19/26 07:16:50.681 (0s)&#xA;&gt; Enter [It] img onerror - /home/runner/work/uni-compute/uni-compute/test/api/suites/security_authentication_test.go:76 @ 05/19/26 07:16:50.681&#xA;&lt; Exit [It] img onerror - /home/runner/work/uni-compute/uni-compute/test/api/suites/security_authentication_test.go:76 @ 05/19/26 07:16:50.774 (93ms)&#xA;</system-err>
          </testcase>
          <testcase name="[It] Security and Authentication When submitting malicious input Given security testing should reject XSS payloads javascript protocol" classname="API Test Suites" status="passed" time="0.09363692">
              <system-err>&gt; Enter [BeforeEach] TOP-LEVEL - /home/runner/work/uni-compute/uni-compute/test/api/suites/suite_test.go:39 @ 05/19/26 07:16:50.774&#xA;&lt; Exit [BeforeEach] TOP-LEVEL - /home/runner/work/uni-compute/uni-compute/test/api/suites/suite_test.go:39 @ 05/19/26 07:16:50.774 (0s)&#xA;&gt; Enter [It] javascript protocol - /home/runner/work/uni-compute/uni-compute/test/api/suites/security_authentication_test.go:77 @ 05/19/26 07:16:50.774&#xA;&lt; Exit [It] javascript protocol - /home/runner/work/uni-compute/uni-compute/test/api/suites/security_authentication_test.go:77 @ 05/19/26 07:16:50.868 (93ms)&#xA;</system-err>
          </testcase>
          <testcase name="[It] Security and Authentication When submitting malicious input Given security testing should reject XSS payloads svg onload" classname="API Test Suites" status="passed" time="0.09373109">
              <system-err>&gt; Enter [BeforeEach] TOP-LEVEL - /home/runner/work/uni-compute/uni-compute/test/api/suites/suite_test.go:39 @ 05/19/26 07:16:50.868&#xA;&lt; Exit [BeforeEach] TOP-LEVEL - /home/runner/work/uni-compute/uni-compute/test/api/suites/suite_test.go:39 @ 05/19/26 07:16:50.868 (0s)&#xA;&gt; Enter [It] svg onload - /home/runner/work/uni-compute/uni-compute/test/api/suites/security_authentication_test.go:78 @ 05/19/26 07:16:50.868&#xA;&lt; Exit [It] svg onload - /home/runner/work/uni-compute/uni-compute/test/api/suites/security_authentication_test.go:78 @ 05/19/26 07:16:50.962 (93ms)&#xA;</system-err>
          </testcase>
          <testcase name="[It] Security and Authentication When submitting malicious input Given security testing should handle path traversal attempts unix path traversal" classname="API Test Suites" status="passed" time="0.094212749">
              <system-err>&gt; Enter [BeforeEach] TOP-LEVEL - /home/runner/work/uni-compute/uni-compute/test/api/suites/suite_test.go:39 @ 05/19/26 07:16:50.962&#xA;&lt; Exit [BeforeEach] TOP-LEVEL - /home/runner/work/uni-compute/uni-compute/test/api/suites/suite_test.go:39 @ 05/19/26 07:16:50.962 (0s)&#xA;&gt; Enter [It] unix path traversal - /home/runner/work/uni-compute/uni-compute/test/api/suites/security_authentication_test.go:95 @ 05/19/26 07:16:50.962&#xA;&lt; Exit [It] unix path traversal - /home/runner/work/uni-compute/uni-compute/test/api/suites/security_authentication_test.go:95 @ 05/19/26 07:16:51.056 (94ms)&#xA;</system-err>
          </testcase>
          <testcase name="[It] Security and Authentication When submitting malicious input Given security testing should handle path traversal attempts windows path traversal" classname="API Test Suites" status="passed" time="0.093738902">
              <system-err>&gt; Enter [BeforeEach] TOP-LEVEL - /home/runner/work/uni-compute/uni-compute/test/api/suites/suite_test.go:39 @ 05/19/26 07:16:51.056&#xA;&lt; Exit [BeforeEach] TOP-LEVEL - /home/runner/work/uni-compute/uni-compute/test/api/suites/suite_test.go:39 @ 05/19/26 07:16:51.056 (0s)&#xA;&gt; Enter [It] windows path traversal - /home/runner/work/uni-compute/uni-compute/test/api/suites/security_authentication_test.go:96 @ 05/19/26 07:16:51.056&#xA;&lt; Exit [It] windows path traversal - /home/runner/work/uni-compute/uni-compute/test/api/suites/security_authentication_test.go:96 @ 05/19/26 07:16:51.15 (93ms)&#xA;</system-err>
          </testcase>
          <testcase name="[It] Security and Authentication When submitting malicious input Given security testing should handle path traversal attempts double encoded traversal" classname="API Test Suites" status="passed" time="0.094329955">
              <system-err>&gt; Enter [BeforeEach] TOP-LEVEL - /home/runner/work/uni-compute/uni-compute/test/api/suites/suite_test.go:39 @ 05/19/26 07:16:51.15&#xA;&lt; Exit [BeforeEach] TOP-LEVEL - /home/runner/work/uni-compute/uni-compute/test/api/suites/suite_test.go:39 @ 05/19/26 07:16:51.15 (0s)&#xA;&gt; Enter [It] double encoded traversal - /home/runner/work/uni-compute/uni-compute/test/api/suites/security_authentication_test.go:97 @ 05/19/26 07:16:51.15&#xA;&lt; Exit [It] double encoded traversal - /home/runner/work/uni-compute/uni-compute/test/api/suites/security_authentication_test.go:97 @ 05/19/26 07:16:51.244 (94ms)&#xA;</system-err>
          </testcase>
          <testcase name="[It] Security and Authentication When submitting malicious input Given security testing should handle path traversal attempts null byte injection" classname="API Test Suites" status="passed" time="0.093771402">
              <system-err>&gt; Enter [BeforeEach] TOP-LEVEL - /home/runner/work/uni-compute/uni-compute/test/api/suites/suite_test.go:39 @ 05/19/26 07:16:51.244&#xA;&lt; Exit [BeforeEach] TOP-LEVEL - /home/runner/work/uni-compute/uni-compute/test/api/suites/suite_test.go:39 @ 05/19/26 07:16:51.244 (0s)&#xA;&gt; Enter [It] null byte injection - /home/runner/work/uni-compute/uni-compute/test/api/suites/security_authentication_test.go:98 @ 05/19/26 07:16:51.244&#xA;&lt; Exit [It] null byte injection - /home/runner/work/uni-compute/uni-compute/test/api/suites/security_authentication_test.go:98 @ 05/19/26 07:16:51.338 (93ms)&#xA;</system-err>
          </testcase>
          <testcase name="[It] Security and Authentication When submitting malicious input Given encoding and Unicode issues should handle Unicode characters properly emoji characters" classname="API Test Suites" status="passed" time="0.093604081">
              <system-err>&gt; Enter [BeforeEach] TOP-LEVEL - /home/runner/work/uni-compute/uni-compute/test/api/suites/suite_test.go:39 @ 05/19/26 07:16:51.338&#xA;&lt; Exit [BeforeEach] TOP-LEVEL - /home/runner/work/uni-compute/uni-compute/test/api/suites/suite_test.go:39 @ 05/19/26 07:16:51.338 (0s)&#xA;&gt; Enter [It] emoji characters - /home/runner/work/uni-compute/uni-compute/test/api/suites/security_authentication_test.go:117 @ 05/19/26 07:16:51.338&#xA;&lt; Exit [It] emoji characters - /home/runner/work/uni-compute/uni-compute/test/api/suites/security_authentication_test.go:117 @ 05/19/26 07:16:51.431 (93ms)&#xA;</system-err>
          </testcase>
          <testcase name="[It] Security and Authentication When submitting malicious input Given encoding and Unicode issues should handle Unicode characters properly chinese characters" classname="API Test Suites" status="passed" time="0.093922926">
              <system-err>&gt; Enter [BeforeEach] TOP-LEVEL - /home/runner/work/uni-compute/uni-compute/test/api/suites/suite_test.go:39 @ 05/19/26 07:16:51.432&#xA;&lt; Exit [BeforeEach] TOP-LEVEL - /home/runner/work/uni-compute/uni-compute/test/api/suites/suite_test.go:39 @ 05/19/26 07:16:51.432 (0s)&#xA;&gt; Enter [It] chinese characters - /home/runner/work/uni-compute/uni-compute/test/api/suites/security_authentication_test.go:118 @ 05/19/26 07:16:51.432&#xA;&lt; Exit [It] chinese characters - /home/runner/work/uni-compute/uni-compute/test/api/suites/security_authentication_test.go:118 @ 05/19/26 07:16:51.525 (93ms)&#xA;</system-err>
          </testcase>
          <testcase name="[It] Security and Authentication When submitting malicious input Given encoding and Unicode issues should handle Unicode characters properly arabic characters" classname="API Test Suites" status="passed" time="0.094008223">
              <system-err>&gt; Enter [BeforeEach] TOP-LEVEL - /home/runner/work/uni-compute/uni-compute/test/api/suites/suite_test.go:39 @ 05/19/26 07:16:51.526&#xA;&lt; Exit [BeforeEach] TOP-LEVEL - /home/runner/work/uni-compute/uni-compute/test/api/suites/suite_test.go:39 @ 05/19/26 07:16:51.526 (0s)&#xA;&gt; Enter [It] arabic characters - /home/runner/work/uni-compute/uni-compute/test/api/suites/security_authentication_test.go:119 @ 05/19/26 07:16:51.526&#xA;&lt; Exit [It] arabic characters - /home/runner/work/uni-compute/uni-compute/test/api/suites/security_authentication_test.go:119 @ 05/19/26 07:16:51.62 (94ms)&#xA;</system-err>
          </testcase>
          <testcase name="[It] Security and Authentication When submitting malicious input Given encoding and Unicode issues should handle Unicode characters properly cyrillic characters" classname="API Test Suites" status="passed" time="0.094205796">
              <system-err>&gt; Enter [BeforeEach] TOP-LEVEL - /home/runner/work/uni-compute/uni-compute/test/api/suites/suite_test.go:39 @ 05/19/26 07:16:51.62&#xA;&lt; Exit [BeforeEach] TOP-LEVEL - /home/runner/work/uni-compute/uni-compute/test/api/suites/suite_test.go:39 @ 05/19/26 07:16:51.62 (0s)&#xA;&gt; Enter [It] cyrillic characters - /home/runner/work/uni-compute/uni-compute/test/api/suites/security_authentication_test.go:120 @ 05/19/26 07:16:51.62&#xA;&lt; Exit [It] cyrillic characters - /home/runner/work/uni-compute/uni-compute/test/api/suites/security_authentication_test.go:120 @ 05/19/26 07:16:51.714 (94ms)&#xA;</system-err>
          </testcase>
          <testcase name="[It] Security and Authentication When submitting malicious input Given encoding and Unicode issues should handle invalid character encodings invalid UTF-8 start byte" classname="API Test Suites" status="passed" time="0.093934055">
              <system-err>&gt; Enter [BeforeEach] TOP-LEVEL - /home/runner/work/uni-compute/uni-compute/test/api/suites/suite_test.go:39 @ 05/19/26 07:16:51.714&#xA;&lt; Exit [BeforeEach] TOP-LEVEL - /home/runner/work/uni-compute/uni-compute/test/api/suites/suite_test.go:39 @ 05/19/26 07:16:51.714 (0s)&#xA;&gt; Enter [It] invalid UTF-8 start byte - /home/runner/work/uni-compute/uni-compute/test/api/suites/security_authentication_test.go:137 @ 05/19/26 07:16:51.714&#xA;&lt; Exit [It] invalid UTF-8 start byte - /home/runner/work/uni-compute/uni-compute/test/api/suites/security_authentication_test.go:137 @ 05/19/26 07:16:51.808 (94ms)&#xA;</system-err>
          </testcase>
          <testcase name="[It] Security and Authentication When submitting malicious input Given encoding and Unicode issues should handle invalid character encodings truncated multi-byte" classname="API Test Suites" status="passed" time="0.093962599">
              <system-err>&gt; Enter [BeforeEach] TOP-LEVEL - /home/runner/work/uni-compute/uni-compute/test/api/suites/suite_test.go:39 @ 05/19/26 07:16:51.808&#xA;&lt; Exit [BeforeEach] TOP-LEVEL - /home/runner/work/uni-compute/uni-compute/test/api/suites/suite_test.go:39 @ 05/19/26 07:16:51.808 (0s)&#xA;&gt; Enter [It] truncated multi-byte - /home/runner/work/uni-compute/uni-compute/test/api/suites/security_authentication_test.go:138 @ 05/19/26 07:16:51.808&#xA;&lt; Exit [It] truncated multi-byte - /home/runner/work/uni-compute/uni-compute/test/api/suites/security_authentication_test.go:138 @ 05/19/26 07:16:51.902 (94ms)&#xA;</system-err>
          </testcase>
          <testcase name="[It] Security and Authentication When submitting malicious input Given encoding and Unicode issues should handle invalid character encodings overlong encoding" classname="API Test Suites" status="passed" time="0.093766043">
              <system-err>&gt; Enter [BeforeEach] TOP-LEVEL - /home/runner/work/uni-compute/uni-compute/test/api/suites/suite_test.go:39 @ 05/19/26 07:16:51.902&#xA;&lt; Exit [BeforeEach] TOP-LEVEL - /home/runner/work/uni-compute/uni-compute/test/api/suites/suite_test.go:39 @ 05/19/26 07:16:51.902 (0s)&#xA;&gt; Enter [It] overlong encoding - /home/runner/work/uni-compute/uni-compute/test/api/suites/security_authentication_test.go:139 @ 05/19/26 07:16:51.902&#xA;&lt; Exit [It] overlong encoding - /home/runner/work/uni-compute/uni-compute/test/api/suites/security_authentication_test.go:139 @ 05/19/26 07:16:51.996 (93ms)&#xA;</system-err>
          </testcase>
          <testcase name="[It] Instance Operations When listing instances Given a provisioned instance should return the provisioned instance in the list" classname="API Test Suites" status="passed" time="16.316250065">
              <system-err>&gt; Enter [BeforeEach] TOP-LEVEL - /home/runner/work/uni-compute/uni-compute/test/api/suites/suite_test.go:39 @ 05/19/26 07:16:51.996&#xA;&lt; Exit [BeforeEach] TOP-LEVEL - /home/runner/work/uni-compute/uni-compute/test/api/suites/suite_test.go:39 @ 05/19/26 07:16:51.996 (1ms)&#xA;&gt; Enter [BeforeEach] Given a provisioned instance - /home/runner/work/uni-compute/uni-compute/test/api/suites/instance_operations_test.go:44 @ 05/19/26 07:16:51.996&#xA;Created instance with ID: c66fd9ef-01f6-4dcb-945f-11353b548332&#xA;Using instance c66fd9ef-01f6-4dcb-945f-11353b548332 for list test&#xA;&lt; Exit [BeforeEach] Given a provisioned instance - /home/runner/work/uni-compute/uni-compute/test/api/suites/instance_operations_test.go:44 @ 05/19/26 07:16:57.806 (5.809s)&#xA;&gt; Enter [It] should return the provisioned instance in the list - /home/runner/work/uni-compute/uni-compute/test/api/suites/instance_operations_test.go:51 @ 05/19/26 07:16:57.806&#xA;Found instance c66fd9ef-01f6-4dcb-945f-11353b548332 in list with status provisioned&#xA;&lt; Exit [It] should return the provisioned instance in the list - /home/runner/work/uni-compute/uni-compute/test/api/suites/instance_operations_test.go:51 @ 05/19/26 07:16:57.9 (94ms)&#xA;&gt; Enter [DeferCleanup (Each)] Given a provisioned instance - /home/runner/work/uni-compute/uni-compute/test/api/fixtures.go:135 @ 05/19/26 07:16:57.9&#xA;Cleaning up instance: c66fd9ef-01f6-4dcb-945f-11353b548332&#xA;Waiting for instance c66fd9ef-01f6-4dcb-945f-11353b548332 to be fully deleted&#xA;&lt; Exit [DeferCleanup (Each)] Given a provisioned instance - /home/runner/work/uni-compute/uni-compute/test/api/fixtures.go:135 @ 05/19/26 07:17:08.312 (10.412s)&#xA;</system-err>
          </testcase>
          <testcase name="[It] Instance Operations When updating an instance Given a provisioned instance should update the instance description and persist it" classname="API Test Suites" status="passed" time="11.147861114">
              <system-err>&gt; Enter [BeforeEach] TOP-LEVEL - /home/runner/work/uni-compute/uni-compute/test/api/suites/suite_test.go:39 @ 05/19/26 07:17:08.312&#xA;&lt; Exit [BeforeEach] TOP-LEVEL - /home/runner/work/uni-compute/uni-compute/test/api/suites/suite_test.go:39 @ 05/19/26 07:17:08.312 (0s)&#xA;&gt; Enter [BeforeEach] Given a provisioned instance - /home/runner/work/uni-compute/uni-compute/test/api/suites/instance_operations_test.go:79 @ 05/19/26 07:17:08.312&#xA;Created instance with ID: c4a5c291-376f-4272-add5-be2dbdb5cc31&#xA;Using instance c4a5c291-376f-4272-add5-be2dbdb5cc31 for update test&#xA;&lt; Exit [BeforeEach] Given a provisioned instance - /home/runner/work/uni-compute/uni-compute/test/api/suites/instance_operations_test.go:79 @ 05/19/26 07:17:13.733 (5.421s)&#xA;&gt; Enter [It] should update the instance description and persist it - /home/runner/work/uni-compute/uni-compute/test/api/suites/instance_operations_test.go:86 @ 05/19/26 07:17:13.733&#xA;Instance c4a5c291-376f-4272-add5-be2dbdb5cc31 description updated and verified via GET&#xA;&lt; Exit [It] should update the instance description and persist it - /home/runner/work/uni-compute/uni-compute/test/api/suites/instance_operations_test.go:86 @ 05/19/26 07:17:14.131 (398ms)&#xA;&gt; Enter [DeferCleanup (Each)] Given a provisioned instance - /home/runner/work/uni-compute/uni-compute/test/api/fixtures.go:135 @ 05/19/26 07:17:14.131&#xA;Cleaning up instance: c4a5c291-376f-4272-add5-be2dbdb5cc31&#xA;Waiting for instance c4a5c291-376f-4272-add5-be2dbdb5cc31 to be fully deleted&#xA;&lt; Exit [DeferCleanup (Each)] Given a provisioned instance - /home/runner/work/uni-compute/uni-compute/test/api/fixtures.go:135 @ 05/19/26 07:17:19.46 (5.329s)&#xA;</system-err>
          </testcase>
          <testcase name="[It] Instance Operations When deleting an instance Given a provisioned instance should successfully delete and return not found on subsequent get" classname="API Test Suites" status="passed" time="10.919183649">
              <system-err>&gt; Enter [BeforeEach] TOP-LEVEL - /home/runner/work/uni-compute/uni-compute/test/api/suites/suite_test.go:39 @ 05/19/26 07:17:19.46&#xA;&lt; Exit [BeforeEach] TOP-LEVEL - /home/runner/work/uni-compute/uni-compute/test/api/suites/suite_test.go:39 @ 05/19/26 07:17:19.46 (0s)&#xA;&gt; Enter [BeforeEach] Given a provisioned instance - /home/runner/work/uni-compute/uni-compute/test/api/suites/instance_operations_test.go:117 @ 05/19/26 07:17:19.46&#xA;Created instance with ID: c4f9fbdf-b6ee-4c85-bb44-662665ba946d&#xA;Using instance c4f9fbdf-b6ee-4c85-bb44-662665ba946d for delete lifecycle test&#xA;&lt; Exit [BeforeEach] Given a provisioned instance - /home/runner/work/uni-compute/uni-compute/test/api/suites/instance_operations_test.go:117 @ 05/19/26 07:17:24.878 (5.417s)&#xA;&gt; Enter [It] should successfully delete and return not found on subsequent get - /home/runner/work/uni-compute/uni-compute/test/api/suites/instance_operations_test.go:124 @ 05/19/26 07:17:24.878&#xA;Instance c4f9fbdf-b6ee-4c85-bb44-662665ba946d confirmed deleted&#xA;&lt; Exit [It] should successfully delete and return not found on subsequent get - /home/runner/work/uni-compute/uni-compute/test/api/suites/instance_operations_test.go:124 @ 05/19/26 07:17:30.193 (5.315s)&#xA;&gt; Enter [DeferCleanup (Each)] Given a provisioned instance - /home/runner/work/uni-compute/uni-compute/test/api/fixtures.go:135 @ 05/19/26 07:17:30.193&#xA;Cleaning up instance: c4f9fbdf-b6ee-4c85-bb44-662665ba946d&#xA;Waiting for instance c4f9fbdf-b6ee-4c85-bb44-662665ba946d to be fully deleted&#xA;&lt; Exit [DeferCleanup (Each)] Given a provisioned instance - /home/runner/work/uni-compute/uni-compute/test/api/fixtures.go:135 @ 05/19/26 07:17:30.379 (186ms)&#xA;</system-err>
          </testcase>
          <testcase name="[It] Instance Operations When creating an instance from a custom image should launch an instance successfully" classname="API Test Suites" status="passed" time="93.966664151">
              <system-err>&gt; Enter [BeforeEach] TOP-LEVEL - /home/runner/work/uni-compute/uni-compute/test/api/suites/suite_test.go:39 @ 05/19/26 07:17:30.379&#xA;&lt; Exit [BeforeEach] TOP-LEVEL - /home/runner/work/uni-compute/uni-compute/test/api/suites/suite_test.go:39 @ 05/19/26 07:17:30.38 (0s)&#xA;&gt; Enter [BeforeEach] from a custom image - /home/runner/work/uni-compute/uni-compute/test/api/suites/instance_operations_test.go:147 @ 05/19/26 07:17:30.38&#xA;Created custom image: 350a4b31-c515-406a-9013-2c80e60aa672&#xA;Waiting for image 350a4b31-c515-406a-9013-2c80e60aa672 to be ready&#xA;Image 350a4b31-c515-406a-9013-2c80e60aa672 not yet visible in list&#xA;Image 350a4b31-c515-406a-9013-2c80e60aa672 not yet visible in list&#xA;Image 350a4b31-c515-406a-9013-2c80e60aa672 state: ready&#xA;&lt; Exit [BeforeEach] from a custom image - /home/runner/work/uni-compute/uni-compute/test/api/suites/instance_operations_test.go:147 @ 05/19/26 07:18:01.677 (31.297s)&#xA;&gt; Enter [It] should launch an instance successfully - /home/runner/work/uni-compute/uni-compute/test/api/suites/instance_operations_test.go:170 @ 05/19/26 07:18:01.677&#xA;Created instance with ID: cb664508-146e-4a8a-9df7-471c65dc58aa&#xA;Launched instance cb664508-146e-4a8a-9df7-471c65dc58aa from custom image 350a4b31-c515-406a-9013-2c80e60aa672&#xA;Instance cb664508-146e-4a8a-9df7-471c65dc58aa network identity ready: private IP=10.0.1.240, MAC=fa:16:3e:db:86:75, public IP=&#xA;Instance cb664508-146e-4a8a-9df7-471c65dc58aa power state: Pending (waiting for Running)&#xA;Instance cb664508-146e-4a8a-9df7-471c65dc58aa power state: Pending (waiting for Running)&#xA;Instance cb664508-146e-4a8a-9df7-471c65dc58aa power state: Pending (waiting for Running)&#xA;Instance cb664508-146e-4a8a-9df7-471c65dc58aa power state: Pending (waiting for Running)&#xA;Instance cb664508-146e-4a8a-9df7-471c65dc58aa power state: Pending (waiting for Running)&#xA;Instance cb664508-146e-4a8a-9df7-471c65dc58aa power state: Running (waiting for Running)&#xA;Instance cb664508-146e-4a8a-9df7-471c65dc58aa is running&#xA;&lt; Exit [It] should launch an instance successfully - /home/runner/work/uni-compute/uni-compute/test/api/suites/instance_operations_test.go:170 @ 05/19/26 07:18:57.805 (56.129s)&#xA;&gt; Enter [DeferCleanup (Each)] from a custom image - /home/runner/work/uni-compute/uni-compute/test/api/fixtures.go:135 @ 05/19/26 07:18:57.806&#xA;Cleaning up instance: cb664508-146e-4a8a-9df7-471c65dc58aa&#xA;Waiting for instance cb664508-146e-4a8a-9df7-471c65dc58aa to be fully deleted&#xA;&lt; Exit [DeferCleanup (Each)] from a custom image - /home/runner/work/uni-compute/uni-compute/test/api/fixtures.go:135 @ 05/19/26 07:19:03.124 (5.318s)&#xA;&gt; Enter [DeferCleanup (Each)] from a custom image - /home/runner/work/uni-compute/uni-compute/test/api/suites/instance_operations_test.go:161 @ 05/19/26 07:19:03.124&#xA;Cleaning up custom image: 350a4b31-c515-406a-9013-2c80e60aa672&#xA;&lt; Exit [DeferCleanup (Each)] from a custom image - /home/runner/work/uni-compute/uni-compute/test/api/suites/instance_operations_test.go:161 @ 05/19/26 07:19:04.346 (1.222s)&#xA;</system-err>
          </testcase>
          <testcase name="[It] Instance Operations When creating an instance from a snapshot image should launch an instance successfully" classname="API Test Suites" status="passed" time="907.198897374">
              <system-err>&gt; Enter [BeforeEach] TOP-LEVEL - /home/runner/work/uni-compute/uni-compute/test/api/suites/suite_test.go:39 @ 05/19/26 07:19:04.346&#xA;&lt; Exit [BeforeEach] TOP-LEVEL - /home/runner/work/uni-compute/uni-compute/test/api/suites/suite_test.go:39 @ 05/19/26 07:19:04.346 (0s)&#xA;&gt; Enter [BeforeEach] from a snapshot image - /home/runner/work/uni-compute/uni-compute/test/api/suites/instance_operations_test.go:187 @ 05/19/26 07:19:04.346&#xA;Created instance with ID: a94d17a4-8b7f-4615-bcaf-5489986de121&#xA;Instance a94d17a4-8b7f-4615-bcaf-5489986de121 network identity ready: private IP=10.0.1.37, MAC=fa:16:3e:49:a3:9b, public IP=&#xA;Instance a94d17a4-8b7f-4615-bcaf-5489986de121 power state: Pending (waiting for Running)&#xA;Instance a94d17a4-8b7f-4615-bcaf-5489986de121 power state: Pending (waiting for Running)&#xA;Instance a94d17a4-8b7f-4615-bcaf-5489986de121 power state: Pending (waiting for Running)&#xA;Instance a94d17a4-8b7f-4615-bcaf-5489986de121 power state: Pending (waiting for Running)&#xA;Instance a94d17a4-8b7f-4615-bcaf-5489986de121 power state: Pending (waiting for Running)&#xA;Instance a94d17a4-8b7f-4615-bcaf-5489986de121 power state: Running (waiting for Running)&#xA;Instance a94d17a4-8b7f-4615-bcaf-5489986de121 is running&#xA;Taking snapshot of instance a94d17a4-8b7f-4615-bcaf-5489986de121&#xA;Waiting for image 8ab23ccb-a593-4150-b51e-dec72c2481e1 to be ready&#xA;Image 8ab23ccb-a593-4150-b51e-dec72c2481e1 not yet visible in list&#xA;Image 8ab23ccb-a593-4150-b51e-dec72c2481e1 not yet visible in list&#xA;Image 8ab23ccb-a593-4150-b51e-dec72c2481e1 not yet visible in list&#xA;Image 8ab23ccb-a593-4150-b51e-dec72c2481e1 not yet visible in list&#xA;Image 8ab23ccb-a593-4150-b51e-dec72c2481e1 not yet visible in list&#xA;Image 8ab23ccb-a593-4150-b51e-dec72c2481e1 not yet visible in list&#xA;Image 8ab23ccb-a593-4150-b51e-dec72c2481e1 not yet visible in list&#xA;Image 8ab23ccb-a593-4150-b51e-dec72c2481e1 not yet visible in list&#xA;Image 8ab23ccb-a593-4150-b51e-dec72c2481e1 not yet visible in list&#xA;Image 8ab23ccb-a593-4150-b51e-dec72c2481e1 not yet visible in list&#xA;Image 8ab23ccb-a593-4150-b51e-dec72c2481e1 not yet visible in list&#xA;Image 8ab23ccb-a593-4150-b51e-dec72c2481e1 not yet visible in list&#xA;Image 8ab23ccb-a593-4150-b51e-dec72c2481e1 not yet visible in list&#xA;Image 8ab23ccb-a593-4150-b51e-dec72c2481e1 not yet visible in list&#xA;Image 8ab23ccb-a593-4150-b51e-dec72c2481e1 not yet visible in list&#xA;Image 8ab23ccb-a593-4150-b51e-dec72c2481e1 not yet visible in list&#xA;Image 8ab23ccb-a593-4150-b51e-dec72c2481e1 not yet visible in list&#xA;Image 8ab23ccb-a593-4150-b51e-dec72c2481e1 not yet visible in list&#xA;Image 8ab23ccb-a593-4150-b51e-dec72c2481e1 not yet visible in list&#xA;Image 8ab23ccb-a593-4150-b51e-dec72c2481e1 not yet visible in list&#xA;Image 8ab23ccb-a593-4150-b51e-dec72c2481e1 not yet visible in list&#xA;Image 8ab23ccb-a593-4150-b51e-dec72c2481e1 not yet visible in list&#xA;Image 8ab23ccb-a593-4150-b51e-dec72c2481e1 not yet visible in list&#xA;Image 8ab23ccb-a593-4150-b51e-dec72c2481e1 not yet visible in list&#xA;Image 8ab23ccb-a593-4150-b51e-dec72c2481e1 not yet visible in list&#xA;Image 8ab23ccb-a593-4150-b51e-dec72c2481e1 not yet visible in list&#xA;Image 8ab23ccb-a593-4150-b51e-dec72c2481e1 not yet visible in list&#xA;Image 8ab23ccb-a593-4150-b51e-dec72c2481e1 not yet visible in list&#xA;Image 8ab23ccb-a593-4150-b51e-dec72c2481e1 not yet visible in list&#xA;Image 8ab23ccb-a593-4150-b51e-dec72c2481e1 not yet visible in list&#xA;Image 8ab23ccb-a593-4150-b51e-dec72c2481e1 not yet visible in list&#xA;Image 8ab23ccb-a593-4150-b51e-dec72c2481e1 not yet visible in list&#xA;Image 8ab23ccb-a593-4150-b51e-dec72c2481e1 not yet visible in list&#xA;Image 8ab23ccb-a593-4150-b51e-dec72c2481e1 not yet visible in list&#xA;Image 8ab23ccb-a593-4150-b51e-dec72c2481e1 not yet visible in list&#xA;Image 8ab23ccb-a593-4150-b51e-dec72c2481e1 not yet visible in list&#xA;Image 8ab23ccb-a593-4150-b51e-dec72c2481e1 not yet visible in list&#xA;Image 8ab23ccb-a593-4150-b51e-dec72c2481e1 not yet visible in list&#xA;Image 8ab23ccb-a593-4150-b51e-dec72c2481e1 not yet visible in list&#xA;Image 8ab23ccb-a593-4150-b51e-dec72c2481e1 state: ready&#xA;&lt; Exit [BeforeEach] from a snapshot image - /home/runner/work/uni-compute/uni-compute/test/api/suites/instance_operations_test.go:187 @ 05/19/26 07:29:56.928 (10m52.582s)&#xA;&gt; Enter [It] should launch an instance successfully - /home/runner/work/uni-compute/uni-compute/test/api/suites/instance_operations_test.go:216 @ 05/19/26 07:29:56.928&#xA;Created instance with ID: e15c1774-f6b8-477f-b42f-72bdf07bc5fd&#xA;Launched instance e15c1774-f6b8-477f-b42f-72bdf07bc5fd from snapshot image 8ab23ccb-a593-4150-b51e-dec72c2481e1&#xA;Instance e15c1774-f6b8-477f-b42f-72bdf07bc5fd network identity ready: private IP=10.0.1.80, MAC=fa:16:3e:48:36:a7, public IP=&#xA;Instance e15c1774-f6b8-477f-b42f-72bdf07bc5fd power state: Pending (waiting for Running)&#xA;Instance e15c1774-f6b8-477f-b42f-72bdf07bc5fd power state: Pending (waiting for Running)&#xA;Instance e15c1774-f6b8-477f-b42f-72bdf07bc5fd power state: Pending (waiting for Running)&#xA;Instance e15c1774-f6b8-477f-b42f-72bdf07bc5fd power state: Pending (waiting for Running)&#xA;Instance e15c1774-f6b8-477f-b42f-72bdf07bc5fd power state: Pending (waiting for Running)&#xA;Instance e15c1774-f6b8-477f-b42f-72bdf07bc5fd power state: Pending (waiting for Running)&#xA;Instance e15c1774-f6b8-477f-b42f-72bdf07bc5fd power state: Pending (waiting for Running)&#xA;Instance e15c1774-f6b8-477f-b42f-72bdf07bc5fd power state: Pending (waiting for Running)&#xA;Instance e15c1774-f6b8-477f-b42f-72bdf07bc5fd power state: Pending (waiting for Running)&#xA;Instance e15c1774-f6b8-477f-b42f-72bdf07bc5fd power state: Pending (waiting for Running)&#xA;Instance e15c1774-f6b8-477f-b42f-72bdf07bc5fd power state: Pending (waiting for Running)&#xA;Instance e15c1774-f6b8-477f-b42f-72bdf07bc5fd power state: Pending (waiting for Running)&#xA;Instance e15c1774-f6b8-477f-b42f-72bdf07bc5fd power state: Pending (waiting for Running)&#xA;Instance e15c1774-f6b8-477f-b42f-72bdf07bc5fd power state: Pending (waiting for Running)&#xA;Instance e15c1774-f6b8-477f-b42f-72bdf07bc5fd power state: Pending (waiting for Running)&#xA;Instance e15c1774-f6b8-477f-b42f-72bdf07bc5fd power state: Pending (waiting for Running)&#xA;Instance e15c1774-f6b8-477f-b42f-72bdf07bc5fd power state: Pending (waiting for Running)&#xA;Instance e15c1774-f6b8-477f-b42f-72bdf07bc5fd power state: Pending (waiting for Running)&#xA;Instance e15c1774-f6b8-477f-b42f-72bdf07bc5fd power state: Pending (waiting for Running)&#xA;Instance e15c1774-f6b8-477f-b42f-72bdf07bc5fd power state: Pending (waiting for Running)&#xA;Instance e15c1774-f6b8-477f-b42f-72bdf07bc5fd power state: Pending (waiting for Running)&#xA;Instance e15c1774-f6b8-477f-b42f-72bdf07bc5fd power state: Pending (waiting for Running)&#xA;Instance e15c1774-f6b8-477f-b42f-72bdf07bc5fd power state: Pending (waiting for Running)&#xA;Instance e15c1774-f6b8-477f-b42f-72bdf07bc5fd power state: Running (waiting for Running)&#xA;Instance e15c1774-f6b8-477f-b42f-72bdf07bc5fd is running&#xA;&lt; Exit [It] should launch an instance successfully - /home/runner/work/uni-compute/uni-compute/test/api/suites/instance_operations_test.go:216 @ 05/19/26 07:33:57.121 (4m0.193s)&#xA;&gt; Enter [DeferCleanup (Each)] from a snapshot image - /home/runner/work/uni-compute/uni-compute/test/api/fixtures.go:135 @ 05/19/26 07:33:57.121&#xA;Cleaning up instance: e15c1774-f6b8-477f-b42f-72bdf07bc5fd&#xA;Waiting for instance e15c1774-f6b8-477f-b42f-72bdf07bc5fd to be fully deleted&#xA;&lt; Exit [DeferCleanup (Each)] from a snapshot image - /home/runner/work/uni-compute/uni-compute/test/api/fixtures.go:135 @ 05/19/26 07:34:02.444 (5.323s)&#xA;&gt; Enter [DeferCleanup (Each)] from a snapshot image - /home/runner/work/uni-compute/uni-compute/test/api/suites/instance_operations_test.go:207 @ 05/19/26 07:34:02.444&#xA;Cleaning up snapshot image: 8ab23ccb-a593-4150-b51e-dec72c2481e1&#xA;&lt; Exit [DeferCleanup (Each)] from a snapshot image - /home/runner/work/uni-compute/uni-compute/test/api/suites/instance_operations_test.go:207 @ 05/19/26 07:34:06.221 (3.777s)&#xA;&gt; Enter [DeferCleanup (Each)] from a snapshot image - /home/runner/work/uni-compute/uni-compute/test/api/fixtures.go:135 @ 05/19/26 07:34:06.221&#xA;Cleaning up instance: a94d17a4-8b7f-4615-bcaf-5489986de121&#xA;Waiting for instance a94d17a4-8b7f-4615-bcaf-5489986de121 to be fully deleted&#xA;&lt; Exit [DeferCleanup (Each)] from a snapshot image - /home/runner/work/uni-compute/uni-compute/test/api/fixtures.go:135 @ 05/19/26 07:34:11.545 (5.324s)&#xA;</system-err>
          </testcase>
          <testcase name="[It] Instance Operations When creating an instance Given an invalid payload should return bad request for missing required fields" classname="API Test Suites" status="passed" time="0.09436445">
              <system-err>&gt; Enter [BeforeEach] TOP-LEVEL - /home/runner/work/uni-compute/uni-compute/test/api/suites/suite_test.go:39 @ 05/19/26 07:34:11.545&#xA;&lt; Exit [BeforeEach] TOP-LEVEL - /home/runner/work/uni-compute/uni-compute/test/api/suites/suite_test.go:39 @ 05/19/26 07:34:11.545 (0s)&#xA;&gt; Enter [It] should return bad request for missing required fields - /home/runner/work/uni-compute/uni-compute/test/api/suites/instance_operations_test.go:228 @ 05/19/26 07:34:11.545&#xA;&lt; Exit [It] should return bad request for missing required fields - /home/runner/work/uni-compute/uni-compute/test/api/suites/instance_operations_test.go:228 @ 05/19/26 07:34:11.639 (94ms)&#xA;</system-err>
          </testcase>
          <testcase name="[It] Instance Operations When retrieving console output for an instance Given a valid instance exists should successfully get console output for instance" classname="API Test Suites" status="passed" time="43.112535776">
              <system-err>&gt; Enter [BeforeEach] TOP-LEVEL - /home/runner/work/uni-compute/uni-compute/test/api/suites/suite_test.go:39 @ 05/19/26 07:34:11.639&#xA;&lt; Exit [BeforeEach] TOP-LEVEL - /home/runner/work/uni-compute/uni-compute/test/api/suites/suite_test.go:39 @ 05/19/26 07:34:11.64 (0s)&#xA;&gt; Enter [BeforeEach] Given a valid instance exists - /home/runner/work/uni-compute/uni-compute/test/api/suites/instance_operations_test.go:243 @ 05/19/26 07:34:11.64&#xA;Created instance with ID: bb02c9a4-cb09-4777-9db4-2a763d0507a2&#xA;Instance bb02c9a4-cb09-4777-9db4-2a763d0507a2 network identity ready: private IP=10.0.1.185, MAC=fa:16:3e:5c:b6:4d, public IP=&#xA;Instance bb02c9a4-cb09-4777-9db4-2a763d0507a2 power state: Pending (waiting for Running)&#xA;Instance bb02c9a4-cb09-4777-9db4-2a763d0507a2 power state: Pending (waiting for Running)&#xA;Instance bb02c9a4-cb09-4777-9db4-2a763d0507a2 power state: Pending (waiting for Running)&#xA;Instance bb02c9a4-cb09-4777-9db4-2a763d0507a2 power state: Running (waiting for Running)&#xA;Instance bb02c9a4-cb09-4777-9db4-2a763d0507a2 is running&#xA;Using instance bb02c9a4-cb09-4777-9db4-2a763d0507a2 for console output tests&#xA;&lt; Exit [BeforeEach] Given a valid instance exists - /home/runner/work/uni-compute/uni-compute/test/api/suites/instance_operations_test.go:243 @ 05/19/26 07:34:47.886 (36.246s)&#xA;&gt; Enter [It] should successfully get console output for instance - /home/runner/work/uni-compute/uni-compute/test/api/suites/instance_operations_test.go:257 @ 05/19/26 07:34:47.886&#xA;Successfully retrieved console output for instance bb02c9a4-cb09-4777-9db4-2a763d0507a2 (contents length: 73496)&#xA;&lt; Exit [It] should successfully get console output for instance - /home/runner/work/uni-compute/uni-compute/test/api/suites/instance_operations_test.go:257 @ 05/19/26 07:34:49.439 (1.553s)&#xA;&gt; Enter [DeferCleanup (Each)] Given a valid instance exists - /home/runner/work/uni-compute/uni-compute/test/api/fixtures.go:135 @ 05/19/26 07:34:49.439&#xA;Cleaning up instance: bb02c9a4-cb09-4777-9db4-2a763d0507a2&#xA;Waiting for instance bb02c9a4-cb09-4777-9db4-2a763d0507a2 to be fully deleted&#xA;&lt; Exit [DeferCleanup (Each)] Given a valid instance exists - /home/runner/work/uni-compute/uni-compute/test/api/fixtures.go:135 @ 05/19/26 07:34:54.752 (5.313s)&#xA;</system-err>
          </testcase>
          <testcase name="[It] Instance Operations When retrieving console output for an instance Given a valid instance exists should successfully get console output with length parameter" classname="API Test Suites" status="passed" time="73.52816665">
              <system-err>&gt; Enter [BeforeEach] TOP-LEVEL - /home/runner/work/uni-compute/uni-compute/test/api/suites/suite_test.go:39 @ 05/19/26 07:34:54.752&#xA;&lt; Exit [BeforeEach] TOP-LEVEL - /home/runner/work/uni-compute/uni-compute/test/api/suites/suite_test.go:39 @ 05/19/26 07:34:54.752 (0s)&#xA;&gt; Enter [BeforeEach] Given a valid instance exists - /home/runner/work/uni-compute/uni-compute/test/api/suites/instance_operations_test.go:243 @ 05/19/26 07:34:54.752&#xA;Created instance with ID: cf47118a-8162-4287-8082-92ba67a9c27a&#xA;Instance cf47118a-8162-4287-8082-92ba67a9c27a network identity ready: private IP=10.0.1.45, MAC=fa:16:3e:e6:db:65, public IP=&#xA;Instance cf47118a-8162-4287-8082-92ba67a9c27a power state: Pending (waiting for Running)&#xA;Instance cf47118a-8162-4287-8082-92ba67a9c27a power state: Pending (waiting for Running)&#xA;Instance cf47118a-8162-4287-8082-92ba67a9c27a power state: Pending (waiting for Running)&#xA;Instance cf47118a-8162-4287-8082-92ba67a9c27a power state: Pending (waiting for Running)&#xA;Instance cf47118a-8162-4287-8082-92ba67a9c27a power state: Pending (waiting for Running)&#xA;Instance cf47118a-8162-4287-8082-92ba67a9c27a power state: Pending (waiting for Running)&#xA;Instance cf47118a-8162-4287-8082-92ba67a9c27a power state: Running (waiting for Running)&#xA;Instance cf47118a-8162-4287-8082-92ba67a9c27a is running&#xA;Using instance cf47118a-8162-4287-8082-92ba67a9c27a for console output tests&#xA;&lt; Exit [BeforeEach] Given a valid instance exists - /home/runner/work/uni-compute/uni-compute/test/api/suites/instance_operations_test.go:243 @ 05/19/26 07:36:01.397 (1m6.644s)&#xA;&gt; Enter [It] should successfully get console output with length parameter - /home/runner/work/uni-compute/uni-compute/test/api/suites/instance_operations_test.go:266 @ 05/19/26 07:36:01.397&#xA;Successfully retrieved console output with length=100 for instance cf47118a-8162-4287-8082-92ba67a9c27a (contents length: 8915)&#xA;&lt; Exit [It] should successfully get console output with length parameter - /home/runner/work/uni-compute/uni-compute/test/api/suites/instance_operations_test.go:266 @ 05/19/26 07:36:02.955 (1.558s)&#xA;&gt; Enter [DeferCleanup (Each)] Given a valid instance exists - /home/runner/work/uni-compute/uni-compute/test/api/fixtures.go:135 @ 05/19/26 07:36:02.955&#xA;Cleaning up instance: cf47118a-8162-4287-8082-92ba67a9c27a&#xA;Waiting for instance cf47118a-8162-4287-8082-92ba67a9c27a to be fully deleted&#xA;&lt; Exit [DeferCleanup (Each)] Given a valid instance exists - /home/runner/work/uni-compute/uni-compute/test/api/fixtures.go:135 @ 05/19/26 07:36:08.28 (5.325s)&#xA;</system-err>
          </testcase>
          <testcase name="[It] Instance Operations When retrieving console output for an instance Given a valid instance exists should handle different length values correctly" classname="API Test Suites" status="passed" time="56.447861885">
              <system-err>&gt; Enter [BeforeEach] TOP-LEVEL - /home/runner/work/uni-compute/uni-compute/test/api/suites/suite_test.go:39 @ 05/19/26 07:36:08.28&#xA;&lt; Exit [BeforeEach] TOP-LEVEL - /home/runner/work/uni-compute/uni-compute/test/api/suites/suite_test.go:39 @ 05/19/26 07:36:08.281 (0s)&#xA;&gt; Enter [BeforeEach] Given a valid instance exists - /home/runner/work/uni-compute/uni-compute/test/api/suites/instance_operations_test.go:243 @ 05/19/26 07:36:08.281&#xA;Created instance with ID: b4d691b5-b65f-4152-b777-f79507cae9c9&#xA;Instance b4d691b5-b65f-4152-b777-f79507cae9c9 network identity ready: private IP=10.0.1.231, MAC=fa:16:3e:c3:4f:4f, public IP=&#xA;Instance b4d691b5-b65f-4152-b777-f79507cae9c9 power state: Pending (waiting for Running)&#xA;Instance b4d691b5-b65f-4152-b777-f79507cae9c9 power state: Pending (waiting for Running)&#xA;Instance b4d691b5-b65f-4152-b777-f79507cae9c9 power state: Pending (waiting for Running)&#xA;Instance b4d691b5-b65f-4152-b777-f79507cae9c9 power state: Pending (waiting for Running)&#xA;Instance b4d691b5-b65f-4152-b777-f79507cae9c9 power state: Running (waiting for Running)&#xA;Instance b4d691b5-b65f-4152-b777-f79507cae9c9 is running&#xA;Using instance b4d691b5-b65f-4152-b777-f79507cae9c9 for console output tests&#xA;&lt; Exit [BeforeEach] Given a valid instance exists - /home/runner/work/uni-compute/uni-compute/test/api/suites/instance_operations_test.go:243 @ 05/19/26 07:36:54.814 (46.533s)&#xA;&gt; Enter [It] should handle different length values correctly - /home/runner/work/uni-compute/uni-compute/test/api/suites/instance_operations_test.go:278 @ 05/19/26 07:36:54.814&#xA;Console output retrieved with length=50 (contents length: 4907)&#xA;Console output retrieved with length=100 (contents length: 8901)&#xA;Console output retrieved with length=500 (contents length: 38577)&#xA;Console output retrieved with length=1000 (contents length: 73251)&#xA;&lt; Exit [It] should handle different length values correctly - /home/runner/work/uni-compute/uni-compute/test/api/suites/instance_operations_test.go:278 @ 05/19/26 07:36:59.403 (4.589s)&#xA;&gt; Enter [DeferCleanup (Each)] Given a valid instance exists - /home/runner/work/uni-compute/uni-compute/test/api/fixtures.go:135 @ 05/19/26 07:36:59.403&#xA;Cleaning up instance: b4d691b5-b65f-4152-b777-f79507cae9c9&#xA;Waiting for instance b4d691b5-b65f-4152-b777-f79507cae9c9 to be fully deleted&#xA;&lt; Exit [DeferCleanup (Each)] Given a valid instance exists - /home/runner/work/uni-compute/uni-compute/test/api/fixtures.go:135 @ 05/19/26 07:37:04.728 (5.325s)&#xA;</system-err>
          </testcase>
          <testcase name="[It] Instance Operations When retrieving console output for an instance Given an invalid instance ID should return appropriate error for non-existent instance" classname="API Test Suites" status="passed" time="0.096012228">
              <system-err>&gt; Enter [BeforeEach] TOP-LEVEL - /home/runner/work/uni-compute/uni-compute/test/api/suites/suite_test.go:39 @ 05/19/26 07:37:04.728&#xA;&lt; Exit [BeforeEach] TOP-LEVEL - /home/runner/work/uni-compute/uni-compute/test/api/suites/suite_test.go:39 @ 05/19/26 07:37:04.729 (0s)&#xA;&gt; Enter [It] should return appropriate error for non-existent instance - /home/runner/work/uni-compute/uni-compute/test/api/suites/instance_operations_test.go:295 @ 05/19/26 07:37:04.729&#xA;Expected HTTP 404 error for non-existent instance: unexpected status code: expected 200, got 404, body: {&#34;error&#34;:&#34;not_found&#34;,&#34;error_description&#34;:&#34;resource not found&#34;,&#34;trace_id&#34;:&#34;ba98d736686abf6a830f13936c30d7a5&#34;}&#xA;&lt; Exit [It] should return appropriate error for non-existent instance - /home/runner/work/uni-compute/uni-compute/test/api/suites/instance_operations_test.go:295 @ 05/19/26 07:37:04.824 (96ms)&#xA;</system-err>
          </testcase>
          <testcase name="[It] Instance Operations When retrieving console output for an instance Given an invalid instance ID should return error for malformed instance ID with uppercase" classname="API Test Suites" status="passed" time="0.096141427">
              <system-err>&gt; Enter [BeforeEach] TOP-LEVEL - /home/runner/work/uni-compute/uni-compute/test/api/suites/suite_test.go:39 @ 05/19/26 07:37:04.824&#xA;&lt; Exit [BeforeEach] TOP-LEVEL - /home/runner/work/uni-compute/uni-compute/test/api/suites/suite_test.go:39 @ 05/19/26 07:37:04.825 (0s)&#xA;&gt; Enter [It] should return error for malformed instance ID with uppercase - /home/runner/work/uni-compute/uni-compute/test/api/suites/instance_operations_test.go:304 @ 05/19/26 07:37:04.825&#xA;Expected error for malformed instance ID (uppercase): unexpected status code: expected 200, got 404, body: {&#34;error&#34;:&#34;not_found&#34;,&#34;error_description&#34;:&#34;resource not found&#34;,&#34;trace_id&#34;:&#34;408cc0f7fa4129fb86ae2dbbfb3ea04c&#34;}&#xA;&lt; Exit [It] should return error for malformed instance ID with uppercase - /home/runner/work/uni-compute/uni-compute/test/api/suites/instance_operations_test.go:304 @ 05/19/26 07:37:04.92 (96ms)&#xA;</system-err>
          </testcase>
          <testcase name="[It] Instance Operations When retrieving console output for an instance Given an invalid instance ID should return error for malformed instance ID starting with hyphen" classname="API Test Suites" status="passed" time="0.096613328">
              <system-err>&gt; Enter [BeforeEach] TOP-LEVEL - /home/runner/work/uni-compute/uni-compute/test/api/suites/suite_test.go:39 @ 05/19/26 07:37:04.921&#xA;&lt; Exit [BeforeEach] TOP-LEVEL - /home/runner/work/uni-compute/uni-compute/test/api/suites/suite_test.go:39 @ 05/19/26 07:37:04.922 (1ms)&#xA;&gt; Enter [It] should return error for malformed instance ID starting with hyphen - /home/runner/work/uni-compute/uni-compute/test/api/suites/instance_operations_test.go:315 @ 05/19/26 07:37:04.922&#xA;Expected error for malformed instance ID (starts with hyphen): unexpected status code: expected 200, got 404, body: {&#34;error&#34;:&#34;not_found&#34;,&#34;error_description&#34;:&#34;resource not found&#34;,&#34;trace_id&#34;:&#34;16716e5dd10ce0c044288a8b34e364e3&#34;}&#xA;&lt; Exit [It] should return error for malformed instance ID starting with hyphen - /home/runner/work/uni-compute/uni-compute/test/api/suites/instance_operations_test.go:315 @ 05/19/26 07:37:05.017 (96ms)&#xA;</system-err>
          </testcase>
          <testcase name="[It] Instance Operations When retrieving console output for an instance Given an invalid instance ID should return error for malformed instance ID ending with hyphen" classname="API Test Suites" status="passed" time="0.096567564">
              <system-err>&gt; Enter [BeforeEach] TOP-LEVEL - /home/runner/work/uni-compute/uni-compute/test/api/suites/suite_test.go:39 @ 05/19/26 07:37:05.018&#xA;&lt; Exit [BeforeEach] TOP-LEVEL - /home/runner/work/uni-compute/uni-compute/test/api/suites/suite_test.go:39 @ 05/19/26 07:37:05.018 (0s)&#xA;&gt; Enter [It] should return error for malformed instance ID ending with hyphen - /home/runner/work/uni-compute/uni-compute/test/api/suites/instance_operations_test.go:326 @ 05/19/26 07:37:05.018&#xA;Expected error for malformed instance ID (ends with hyphen): unexpected status code: expected 200, got 404, body: {&#34;error&#34;:&#34;not_found&#34;,&#34;error_description&#34;:&#34;resource not found&#34;,&#34;trace_id&#34;:&#34;56259b44ba79be7aefe9ba6be7109b25&#34;}&#xA;&lt; Exit [It] should return error for malformed instance ID ending with hyphen - /home/runner/work/uni-compute/uni-compute/test/api/suites/instance_operations_test.go:326 @ 05/19/26 07:37:05.114 (96ms)&#xA;</system-err>
          </testcase>
          <testcase name="[It] Instance Operations When requesting a snapshot for an instance Given a valid instance exists should successfully request a snapshot for instance" classname="API Test Suites" status="passed" time="54.459468575">
              <system-err>&gt; Enter [BeforeEach] TOP-LEVEL - /home/runner/work/uni-compute/uni-compute/test/api/suites/suite_test.go:39 @ 05/19/26 07:37:05.114&#xA;&lt; Exit [BeforeEach] TOP-LEVEL - /home/runner/work/uni-compute/uni-compute/test/api/suites/suite_test.go:39 @ 05/19/26 07:37:05.115 (0s)&#xA;&gt; Enter [BeforeEach] Given a valid instance exists - /home/runner/work/uni-compute/uni-compute/test/api/suites/instance_operations_test.go:345 @ 05/19/26 07:37:05.115&#xA;Created instance with ID: e76a9130-1c67-425f-9e7e-85ba26e3cddb&#xA;Instance e76a9130-1c67-425f-9e7e-85ba26e3cddb network identity ready: private IP=10.0.1.32, MAC=fa:16:3e:2b:e1:09, public IP=&#xA;Instance e76a9130-1c67-425f-9e7e-85ba26e3cddb power state: Pending (waiting for Running)&#xA;Instance e76a9130-1c67-425f-9e7e-85ba26e3cddb power state: Pending (waiting for Running)&#xA;Instance e76a9130-1c67-425f-9e7e-85ba26e3cddb power state: Pending (waiting for Running)&#xA;Instance e76a9130-1c67-425f-9e7e-85ba26e3cddb power state: Pending (waiting for Running)&#xA;Instance e76a9130-1c67-425f-9e7e-85ba26e3cddb power state: Running (waiting for Running)&#xA;Instance e76a9130-1c67-425f-9e7e-85ba26e3cddb is running&#xA;Using instance e76a9130-1c67-425f-9e7e-85ba26e3cddb for snapshot tests&#xA;&lt; Exit [BeforeEach] Given a valid instance exists - /home/runner/work/uni-compute/uni-compute/test/api/suites/instance_operations_test.go:345 @ 05/19/26 07:37:51.319 (46.204s)&#xA;&gt; Enter [It] should successfully request a snapshot for instance - /home/runner/work/uni-compute/uni-compute/test/api/suites/instance_operations_test.go:359 @ 05/19/26 07:37:51.319&#xA;Successfully created snapshot image for instance e76a9130-1c67-425f-9e7e-85ba26e3cddb (image ID: bf397a40-82a4-4956-8f81-d9bede05ef3e)&#xA;&lt; Exit [It] should successfully request a snapshot for instance - /home/runner/work/uni-compute/uni-compute/test/api/suites/instance_operations_test.go:359 @ 05/19/26 07:37:53.262 (1.944s)&#xA;&gt; Enter [DeferCleanup (Each)] Given a valid instance exists - /home/runner/work/uni-compute/uni-compute/test/api/suites/instance_operations_test.go:362 @ 05/19/26 07:37:53.262&#xA;Cleaning up snapshot image bf397a40-82a4-4956-8f81-d9bede05ef3e&#xA;&lt; Exit [DeferCleanup (Each)] Given a valid instance exists - /home/runner/work/uni-compute/uni-compute/test/api/suites/instance_operations_test.go:362 @ 05/19/26 07:37:54.246 (984ms)&#xA;&gt; Enter [DeferCleanup (Each)] Given a valid instance exists - /home/runner/work/uni-compute/uni-compute/test/api/fixtures.go:135 @ 05/19/26 07:37:54.246&#xA;Cleaning up instance: e76a9130-1c67-425f-9e7e-85ba26e3cddb&#xA;Waiting for instance e76a9130-1c67-425f-9e7e-85ba26e3cddb to be fully deleted&#xA;&lt; Exit [DeferCleanup (Each)] Given a valid instance exists - /home/runner/work/uni-compute/uni-compute/test/api/fixtures.go:135 @ 05/19/26 07:37:59.574 (5.327s)&#xA;</system-err>
          </testcase>
          <testcase name="[It] Instance Operations When requesting a snapshot for an instance Given an invalid instance ID should return appropriate error for non-existent instance" classname="API Test Suites" status="passed" time="0.0972307">
              <system-err>&gt; Enter [BeforeEach] TOP-LEVEL - /home/runner/work/uni-compute/uni-compute/test/api/suites/suite_test.go:39 @ 05/19/26 07:37:59.574&#xA;&lt; Exit [BeforeEach] TOP-LEVEL - /home/runner/work/uni-compute/uni-compute/test/api/suites/suite_test.go:39 @ 05/19/26 07:37:59.574 (0s)&#xA;&gt; Enter [It] should return appropriate error for non-existent instance - /home/runner/work/uni-compute/uni-compute/test/api/suites/instance_operations_test.go:382 @ 05/19/26 07:37:59.574&#xA;[POST /api/v2/instances/non-existent-instance-12345/snapshot] UNEXPECTED STATUS expected=201 got=404 body={&#34;error&#34;:&#34;not_found&#34;,&#34;error_description&#34;:&#34;resource not found&#34;,&#34;trace_id&#34;:&#34;91cadb7fcae33af7f75dbd6174324a48&#34;} traceID=91cadb7fcae33af7f75dbd6174324a48 spanID=7065561d5430fb35&#xA;TRACE CONTEXT: Use traceID=91cadb7fcae33af7f75dbd6174324a48 spanID=7065561d5430fb35 to search logs for this request&#xA;Expected HTTP 404 error for non-existent instance: requesting snapshot for instance: expected 201, got 404, body: {&#34;error&#34;:&#34;not_found&#34;,&#34;error_description&#34;:&#34;resource not found&#34;,&#34;trace_id&#34;:&#34;91cadb7fcae33af7f75dbd6174324a48&#34;} (traceID=91cadb7fcae33af7f75dbd6174324a48 spanID=7065561d5430fb35): unexpected status code&#xA;&lt; Exit [It] should return appropriate error for non-existent instance - /home/runner/work/uni-compute/uni-compute/test/api/suites/instance_operations_test.go:382 @ 05/19/26 07:37:59.671 (97ms)&#xA;</system-err>
          </testcase>
          <testcase name="[It] Instance Operations When performing power operations on an instance Given a valid instance exists should successfully stop a running instance" classname="API Test Suites" status="passed" time="184.741496142">
              <system-err>&gt; Enter [BeforeEach] TOP-LEVEL - /home/runner/work/uni-compute/uni-compute/test/api/suites/suite_test.go:39 @ 05/19/26 07:37:59.671&#xA;&lt; Exit [BeforeEach] TOP-LEVEL - /home/runner/work/uni-compute/uni-compute/test/api/suites/suite_test.go:39 @ 05/19/26 07:37:59.671 (0s)&#xA;&gt; Enter [BeforeEach] Given a valid instance exists - /home/runner/work/uni-compute/uni-compute/test/api/suites/instance_operations_test.go:397 @ 05/19/26 07:37:59.671&#xA;Created instance with ID: de328fbe-68b3-40e2-b7f8-39425d967802&#xA;Instance de328fbe-68b3-40e2-b7f8-39425d967802 network identity ready: private IP=10.0.1.107, MAC=fa:16:3e:11:bc:a5, public IP=&#xA;Instance de328fbe-68b3-40e2-b7f8-39425d967802 power state: Pending (waiting for Running)&#xA;Instance de328fbe-68b3-40e2-b7f8-39425d967802 power state: Pending (waiting for Running)&#xA;Instance de328fbe-68b3-40e2-b7f8-39425d967802 power state: Pending (waiting for Running)&#xA;Instance de328fbe-68b3-40e2-b7f8-39425d967802 power state: Pending (waiting for Running)&#xA;Instance de328fbe-68b3-40e2-b7f8-39425d967802 power state: Pending (waiting for Running)&#xA;Instance de328fbe-68b3-40e2-b7f8-39425d967802 power state: Running (waiting for Running)&#xA;Instance de328fbe-68b3-40e2-b7f8-39425d967802 is running&#xA;Using instance de328fbe-68b3-40e2-b7f8-39425d967802 for power operations&#xA;&lt; Exit [BeforeEach] Given a valid instance exists - /home/runner/work/uni-compute/uni-compute/test/api/suites/instance_operations_test.go:397 @ 05/19/26 07:38:55.84 (56.169s)&#xA;&gt; Enter [It] should successfully stop a running instance - /home/runner/work/uni-compute/uni-compute/test/api/suites/instance_operations_test.go:411 @ 05/19/26 07:38:55.84&#xA;Stopping instance de328fbe-68b3-40e2-b7f8-39425d967802&#xA;Instance de328fbe-68b3-40e2-b7f8-39425d967802 power state: Running (waiting for Stopped)&#xA;Instance de328fbe-68b3-40e2-b7f8-39425d967802 power state: Stopping (waiting for Stopped)&#xA;Instance de328fbe-68b3-40e2-b7f8-39425d967802 power state: Stopping (waiting for Stopped)&#xA;Instance de328fbe-68b3-40e2-b7f8-39425d967802 power state: Stopping (waiting for Stopped)&#xA;Instance de328fbe-68b3-40e2-b7f8-39425d967802 power state: Stopping (waiting for Stopped)&#xA;Instance de328fbe-68b3-40e2-b7f8-39425d967802 power state: Stopping (waiting for Stopped)&#xA;Instance de328fbe-68b3-40e2-b7f8-39425d967802 power state: Running (waiting for Stopped)&#xA;Instance de328fbe-68b3-40e2-b7f8-39425d967802 power state: Running (waiting for Stopped)&#xA;Instance de328fbe-68b3-40e2-b7f8-39425d967802 power state: Running (waiting for Stopped)&#xA;Instance de328fbe-68b3-40e2-b7f8-39425d967802 power state: Running (waiting for Stopped)&#xA;Instance de328fbe-68b3-40e2-b7f8-39425d967802 power state: Running (waiting for Stopped)&#xA;Instance de328fbe-68b3-40e2-b7f8-39425d967802 power state: Running (waiting for Stopped)&#xA;Instance de328fbe-68b3-40e2-b7f8-39425d967802 power state: Stopped (waiting for Stopped)&#xA;&lt; Exit [It] should successfully stop a running instance - /home/runner/work/uni-compute/uni-compute/test/api/suites/instance_operations_test.go:411 @ 05/19/26 07:40:59.092 (2m3.252s)&#xA;&gt; Enter [DeferCleanup (Each)] Given a valid instance exists - /home/runner/work/uni-compute/uni-compute/test/api/fixtures.go:135 @ 05/19/26 07:40:59.092&#xA;Cleaning up instance: de328fbe-68b3-40e2-b7f8-39425d967802&#xA;Waiting for instance de328fbe-68b3-40e2-b7f8-39425d967802 to be fully deleted&#xA;&lt; Exit [DeferCleanup (Each)] Given a valid instance exists - /home/runner/work/uni-compute/uni-compute/test/api/fixtures.go:135 @ 05/19/26 07:41:04.412 (5.321s)&#xA;</system-err>
          </testcase>
          <testcase name="[It] Instance Operations When performing power operations on an instance Given a valid instance exists should successfully start a stopped instance" classname="API Test Suites" status="passed" time="247.139345449">
              <system-err>&gt; Enter [BeforeEach] TOP-LEVEL - /home/runner/work/uni-compute/uni-compute/test/api/suites/suite_test.go:39 @ 05/19/26 07:41:04.413&#xA;&lt; Exit [BeforeEach] TOP-LEVEL - /home/runner/work/uni-compute/uni-compute/test/api/suites/suite_test.go:39 @ 05/19/26 07:41:04.413 (0s)&#xA;&gt; Enter [BeforeEach] Given a valid instance exists - /home/runner/work/uni-compute/uni-compute/test/api/suites/instance_operations_test.go:397 @ 05/19/26 07:41:04.413&#xA;Created instance with ID: aa4b9b46-1af1-4d6e-beb4-5335723e9256&#xA;Instance aa4b9b46-1af1-4d6e-beb4-5335723e9256 network identity ready: private IP=10.0.1.218, MAC=fa:16:3e:fa:51:7d, public IP=&#xA;Instance aa4b9b46-1af1-4d6e-beb4-5335723e9256 power state: Pending (waiting for Running)&#xA;Instance aa4b9b46-1af1-4d6e-beb4-5335723e9256 power state: Pending (waiting for Running)&#xA;Instance aa4b9b46-1af1-4d6e-beb4-5335723e9256 power state: Pending (waiting for Running)&#xA;Instance aa4b9b46-1af1-4d6e-beb4-5335723e9256 power state: Pending (waiting for Running)&#xA;Instance aa4b9b46-1af1-4d6e-beb4-5335723e9256 power state: Running (waiting for Running)&#xA;Instance aa4b9b46-1af1-4d6e-beb4-5335723e9256 is running&#xA;Using instance aa4b9b46-1af1-4d6e-beb4-5335723e9256 for power operations&#xA;&lt; Exit [BeforeEach] Given a valid instance exists - /home/runner/work/uni-compute/uni-compute/test/api/suites/instance_operations_test.go:397 @ 05/19/26 07:41:51.191 (46.778s)&#xA;&gt; Enter [It] should successfully start a stopped instance - /home/runner/work/uni-compute/uni-compute/test/api/suites/instance_operations_test.go:434 @ 05/19/26 07:41:51.191&#xA;Stopping instance aa4b9b46-1af1-4d6e-beb4-5335723e9256&#xA;Instance aa4b9b46-1af1-4d6e-beb4-5335723e9256 power state: Running (waiting for Stopped)&#xA;Instance aa4b9b46-1af1-4d6e-beb4-5335723e9256 power state: Stopping (waiting for Stopped)&#xA;Instance aa4b9b46-1af1-4d6e-beb4-5335723e9256 power state: Stopping (waiting for Stopped)&#xA;Instance aa4b9b46-1af1-4d6e-beb4-5335723e9256 power state: Stopping (waiting for Stopped)&#xA;Instance aa4b9b46-1af1-4d6e-beb4-5335723e9256 power state: Stopping (waiting for Stopped)&#xA;Instance aa4b9b46-1af1-4d6e-beb4-5335723e9256 power state: Stopping (waiting for Stopped)&#xA;Instance aa4b9b46-1af1-4d6e-beb4-5335723e9256 power state: Running (waiting for Stopped)&#xA;Instance aa4b9b46-1af1-4d6e-beb4-5335723e9256 power state: Running (waiting for Stopped)&#xA;Instance aa4b9b46-1af1-4d6e-beb4-5335723e9256 power state: Running (waiting for Stopped)&#xA;Instance aa4b9b46-1af1-4d6e-beb4-5335723e9256 power state: Running (waiting for Stopped)&#xA;Instance aa4b9b46-1af1-4d6e-beb4-5335723e9256 power state: Running (waiting for Stopped)&#xA;Instance aa4b9b46-1af1-4d6e-beb4-5335723e9256 power state: Running (waiting for Stopped)&#xA;Instance aa4b9b46-1af1-4d6e-beb4-5335723e9256 power state: Stopped (waiting for Stopped)&#xA;Starting instance aa4b9b46-1af1-4d6e-beb4-5335723e9256&#xA;Instance aa4b9b46-1af1-4d6e-beb4-5335723e9256 power state: Stopped (waiting for Running)&#xA;Instance aa4b9b46-1af1-4d6e-beb4-5335723e9256 power state: Pending (waiting for Running)&#xA;Instance aa4b9b46-1af1-4d6e-beb4-5335723e9256 power state: Pending (waiting for Running)&#xA;Instance aa4b9b46-1af1-4d6e-beb4-5335723e9256 power state: Pending (waiting for Running)&#xA;Instance aa4b9b46-1af1-4d6e-beb4-5335723e9256 power state: Pending (waiting for Running)&#xA;Instance aa4b9b46-1af1-4d6e-beb4-5335723e9256 power state: Pending (waiting for Running)&#xA;Instance aa4b9b46-1af1-4d6e-beb4-5335723e9256 power state: Pending (waiting for Running)&#xA;Instance aa4b9b46-1af1-4d6e-beb4-5335723e9256 power state: Running (waiting for Running)&#xA;&lt; Exit [It] should successfully start a stopped instance - /home/runner/work/uni-compute/uni-compute/test/api/suites/instance_operations_test.go:434 @ 05/19/26 07:45:06.235 (3m15.044s)&#xA;&gt; Enter [DeferCleanup (Each)] Given a valid instance exists - /home/runner/work/uni-compute/uni-compute/test/api/fixtures.go:135 @ 05/19/26 07:45:06.235&#xA;Cleaning up instance: aa4b9b46-1af1-4d6e-beb4-5335723e9256&#xA;Waiting for instance aa4b9b46-1af1-4d6e-beb4-5335723e9256 to be fully deleted&#xA;&lt; Exit [DeferCleanup (Each)] Given a valid instance exists - /home/runner/work/uni-compute/uni-compute/test/api/fixtures.go:135 @ 05/19/26 07:45:11.552 (5.317s)&#xA;</system-err>
          </testcase>
          <testcase name="[It] Instance Operations When performing power operations on an instance Given a valid instance exists should successfully soft reboot a running instance" classname="API Test Suites" status="passed" time="43.379264712">
              <system-err>&gt; Enter [BeforeEach] TOP-LEVEL - /home/runner/work/uni-compute/uni-compute/test/api/suites/suite_test.go:39 @ 05/19/26 07:45:11.552&#xA;&lt; Exit [BeforeEach] TOP-LEVEL - /home/runner/work/uni-compute/uni-compute/test/api/suites/suite_test.go:39 @ 05/19/26 07:45:11.552 (0s)&#xA;&gt; Enter [BeforeEach] Given a valid instance exists - /home/runner/work/uni-compute/uni-compute/test/api/suites/instance_operations_test.go:397 @ 05/19/26 07:45:11.552&#xA;Created instance with ID: adc0ff55-261c-41bb-b004-aaf4ea6a4553&#xA;Instance adc0ff55-261c-41bb-b004-aaf4ea6a4553 network identity ready: private IP=10.0.1.211, MAC=fa:16:3e:01:c4:dc, public IP=&#xA;Instance adc0ff55-261c-41bb-b004-aaf4ea6a4553 power state: Pending (waiting for Running)&#xA;Instance adc0ff55-261c-41bb-b004-aaf4ea6a4553 power state: Pending (waiting for Running)&#xA;Instance adc0ff55-261c-41bb-b004-aaf4ea6a4553 power state: Pending (waiting for Running)&#xA;Instance adc0ff55-261c-41bb-b004-aaf4ea6a4553 power state: Running (waiting for Running)&#xA;Instance adc0ff55-261c-41bb-b004-aaf4ea6a4553 is running&#xA;Using instance adc0ff55-261c-41bb-b004-aaf4ea6a4553 for power operations&#xA;&lt; Exit [BeforeEach] Given a valid instance exists - /home/runner/work/uni-compute/uni-compute/test/api/suites/instance_operations_test.go:397 @ 05/19/26 07:45:48.093 (36.541s)&#xA;&gt; Enter [It] should successfully soft reboot a running instance - /home/runner/work/uni-compute/uni-compute/test/api/suites/instance_operations_test.go:476 @ 05/19/26 07:45:48.093&#xA;Soft rebooting instance adc0ff55-261c-41bb-b004-aaf4ea6a4553&#xA;Instance adc0ff55-261c-41bb-b004-aaf4ea6a4553 power state: Running (waiting for Running after soft reboot)&#xA;&lt; Exit [It] should successfully soft reboot a running instance - /home/runner/work/uni-compute/uni-compute/test/api/suites/instance_operations_test.go:476 @ 05/19/26 07:45:49.59 (1.497s)&#xA;&gt; Enter [DeferCleanup (Each)] Given a valid instance exists - /home/runner/work/uni-compute/uni-compute/test/api/fixtures.go:135 @ 05/19/26 07:45:49.59&#xA;Cleaning up instance: adc0ff55-261c-41bb-b004-aaf4ea6a4553&#xA;Waiting for instance adc0ff55-261c-41bb-b004-aaf4ea6a4553 to be fully deleted&#xA;&lt; Exit [DeferCleanup (Each)] Given a valid instance exists - /home/runner/work/uni-compute/uni-compute/test/api/fixtures.go:135 @ 05/19/26 07:45:54.931 (5.341s)&#xA;</system-err>
          </testcase>
          <testcase name="[It] Instance Operations When performing power operations on an instance Given a valid instance exists should successfully hard reboot a running instance" classname="API Test Suites" status="passed" time="63.455782105">
              <system-err>&gt; Enter [BeforeEach] TOP-LEVEL - /home/runner/work/uni-compute/uni-compute/test/api/suites/suite_test.go:39 @ 05/19/26 07:45:54.931&#xA;&lt; Exit [BeforeEach] TOP-LEVEL - /home/runner/work/uni-compute/uni-compute/test/api/suites/suite_test.go:39 @ 05/19/26 07:45:54.932 (0s)&#xA;&gt; Enter [BeforeEach] Given a valid instance exists - /home/runner/work/uni-compute/uni-compute/test/api/suites/instance_operations_test.go:397 @ 05/19/26 07:45:54.932&#xA;Created instance with ID: f69f7038-df0a-4286-89f3-343bf0c91439&#xA;Instance f69f7038-df0a-4286-89f3-343bf0c91439 network identity ready: private IP=10.0.1.60, MAC=fa:16:3e:92:4b:ed, public IP=&#xA;Instance f69f7038-df0a-4286-89f3-343bf0c91439 power state: Pending (waiting for Running)&#xA;Instance f69f7038-df0a-4286-89f3-343bf0c91439 power state: Pending (waiting for Running)&#xA;Instance f69f7038-df0a-4286-89f3-343bf0c91439 power state: Pending (waiting for Running)&#xA;Instance f69f7038-df0a-4286-89f3-343bf0c91439 power state: Pending (waiting for Running)&#xA;Instance f69f7038-df0a-4286-89f3-343bf0c91439 power state: Pending (waiting for Running)&#xA;Instance f69f7038-df0a-4286-89f3-343bf0c91439 power state: Running (waiting for Running)&#xA;Instance f69f7038-df0a-4286-89f3-343bf0c91439 is running&#xA;Using instance f69f7038-df0a-4286-89f3-343bf0c91439 for power operations&#xA;&lt; Exit [BeforeEach] Given a valid instance exists - /home/runner/work/uni-compute/uni-compute/test/api/suites/instance_operations_test.go:397 @ 05/19/26 07:46:51.586 (56.655s)&#xA;&gt; Enter [It] should successfully hard reboot a running instance - /home/runner/work/uni-compute/uni-compute/test/api/suites/instance_operations_test.go:498 @ 05/19/26 07:46:51.586&#xA;Hard rebooting instance f69f7038-df0a-4286-89f3-343bf0c91439&#xA;Instance f69f7038-df0a-4286-89f3-343bf0c91439 power state: Running (waiting for Running after hard reboot)&#xA;&lt; Exit [It] should successfully hard reboot a running instance - /home/runner/work/uni-compute/uni-compute/test/api/suites/instance_operations_test.go:498 @ 05/19/26 07:46:53.075 (1.488s)&#xA;&gt; Enter [DeferCleanup (Each)] Given a valid instance exists - /home/runner/work/uni-compute/uni-compute/test/api/fixtures.go:135 @ 05/19/26 07:46:53.075&#xA;Cleaning up instance: f69f7038-df0a-4286-89f3-343bf0c91439&#xA;Waiting for instance f69f7038-df0a-4286-89f3-343bf0c91439 to be fully deleted&#xA;&lt; Exit [DeferCleanup (Each)] Given a valid instance exists - /home/runner/work/uni-compute/uni-compute/test/api/fixtures.go:135 @ 05/19/26 07:46:58.387 (5.312s)&#xA;</system-err>
          </testcase>
          <testcase name="[It] Instance Operations When performing power operations on an instance Given an invalid instance ID should return not found when stopping" classname="API Test Suites" status="passed" time="0.09374722">
              <system-err>&gt; Enter [BeforeEach] TOP-LEVEL - /home/runner/work/uni-compute/uni-compute/test/api/suites/suite_test.go:39 @ 05/19/26 07:46:58.387&#xA;&lt; Exit [BeforeEach] TOP-LEVEL - /home/runner/work/uni-compute/uni-compute/test/api/suites/suite_test.go:39 @ 05/19/26 07:46:58.387 (0s)&#xA;&gt; Enter [It] should return not found when stopping - /home/runner/work/uni-compute/uni-compute/test/api/suites/instance_operations_test.go:522 @ 05/19/26 07:46:58.387&#xA;[POST /api/v2/instances/non-existent-instance-12345/stop] UNEXPECTED STATUS expected=202 got=404 body={&#34;error&#34;:&#34;not_found&#34;,&#34;error_description&#34;:&#34;resource not found&#34;,&#34;trace_id&#34;:&#34;55084f87f46b3c2d36fd323660abc679&#34;} traceID=55084f87f46b3c2d36fd323660abc679 spanID=26f6b9f0f050e7eb&#xA;TRACE CONTEXT: Use traceID=55084f87f46b3c2d36fd323660abc679 spanID=26f6b9f0f050e7eb to search logs for this request&#xA;Expected HTTP 404 error for non-existent instance: stopping instance: expected 202, got 404, body: {&#34;error&#34;:&#34;not_found&#34;,&#34;error_description&#34;:&#34;resource not found&#34;,&#34;trace_id&#34;:&#34;55084f87f46b3c2d36fd323660abc679&#34;} (traceID=55084f87f46b3c2d36fd323660abc679 spanID=26f6b9f0f050e7eb): unexpected status code&#xA;&lt; Exit [It] should return not found when stopping - /home/runner/work/uni-compute/uni-compute/test/api/suites/instance_operations_test.go:522 @ 05/19/26 07:46:58.481 (93ms)&#xA;</system-err>
          </testcase>
          <testcase name="[It] Instance Operations When performing power operations on an instance Given an invalid instance ID should return not found when starting" classname="API Test Suites" status="passed" time="0.093448613">
              <system-err>&gt; Enter [BeforeEach] TOP-LEVEL - /home/runner/work/uni-compute/uni-compute/test/api/suites/suite_test.go:39 @ 05/19/26 07:46:58.481&#xA;&lt; Exit [BeforeEach] TOP-LEVEL - /home/runner/work/uni-compute/uni-compute/test/api/suites/suite_test.go:39 @ 05/19/26 07:46:58.481 (0s)&#xA;&gt; Enter [It] should return not found when starting - /home/runner/work/uni-compute/uni-compute/test/api/suites/instance_operations_test.go:530 @ 05/19/26 07:46:58.481&#xA;[POST /api/v2/instances/non-existent-instance-12345/start] UNEXPECTED STATUS expected=202 got=404 body={&#34;error&#34;:&#34;not_found&#34;,&#34;error_description&#34;:&#34;resource not found&#34;,&#34;trace_id&#34;:&#34;541cd8f358b86d5289081185d0426d49&#34;} traceID=541cd8f358b86d5289081185d0426d49 spanID=64b50db945f06d64&#xA;TRACE CONTEXT: Use traceID=541cd8f358b86d5289081185d0426d49 spanID=64b50db945f06d64 to search logs for this request&#xA;Expected HTTP 404 error for non-existent instance: starting instance: expected 202, got 404, body: {&#34;error&#34;:&#34;not_found&#34;,&#34;error_description&#34;:&#34;resource not found&#34;,&#34;trace_id&#34;:&#34;541cd8f358b86d5289081185d0426d49&#34;} (traceID=541cd8f358b86d5289081185d0426d49 spanID=64b50db945f06d64): unexpected status code&#xA;&lt; Exit [It] should return not found when starting - /home/runner/work/uni-compute/uni-compute/test/api/suites/instance_operations_test.go:530 @ 05/19/26 07:46:58.574 (93ms)&#xA;</system-err>
          </testcase>
          <testcase name="[It] Instance Operations When performing power operations on an instance Given an invalid instance ID should return not found when rebooting" classname="API Test Suites" status="passed" time="0.093392423">
              <system-err>&gt; Enter [BeforeEach] TOP-LEVEL - /home/runner/work/uni-compute/uni-compute/test/api/suites/suite_test.go:39 @ 05/19/26 07:46:58.574&#xA;&lt; Exit [BeforeEach] TOP-LEVEL - /home/runner/work/uni-compute/uni-compute/test/api/suites/suite_test.go:39 @ 05/19/26 07:46:58.575 (0s)&#xA;&gt; Enter [It] should return not found when rebooting - /home/runner/work/uni-compute/uni-compute/test/api/suites/instance_operations_test.go:538 @ 05/19/26 07:46:58.575&#xA;[POST /api/v2/instances/non-existent-instance-12345/reboot] UNEXPECTED STATUS expected=202 got=404 body={&#34;error&#34;:&#34;not_found&#34;,&#34;error_description&#34;:&#34;resource not found&#34;,&#34;trace_id&#34;:&#34;25bb605ca27773e405c5832916103294&#34;} traceID=25bb605ca27773e405c5832916103294 spanID=87e00b808cd0ff4a&#xA;TRACE CONTEXT: Use traceID=25bb605ca27773e405c5832916103294 spanID=87e00b808cd0ff4a to search logs for this request&#xA;Expected HTTP 404 error for non-existent instance: rebooting instance: expected 202, got 404, body: {&#34;error&#34;:&#34;not_found&#34;,&#34;error_description&#34;:&#34;resource not found&#34;,&#34;trace_id&#34;:&#34;25bb605ca27773e405c5832916103294&#34;} (traceID=25bb605ca27773e405c5832916103294 spanID=87e00b808cd0ff4a): unexpected status code&#xA;&lt; Exit [It] should return not found when rebooting - /home/runner/work/uni-compute/uni-compute/test/api/suites/instance_operations_test.go:538 @ 05/19/26 07:46:58.668 (93ms)&#xA;</system-err>
          </testcase>
          <testcase name="[It] Instance Operations When retrieving an instance Given a valid instance exists should return the instance with correct metadata" classname="API Test Suites" status="passed" time="11.125649066">
              <system-err>&gt; Enter [BeforeEach] TOP-LEVEL - /home/runner/work/uni-compute/uni-compute/test/api/suites/suite_test.go:39 @ 05/19/26 07:46:58.668&#xA;&lt; Exit [BeforeEach] TOP-LEVEL - /home/runner/work/uni-compute/uni-compute/test/api/suites/suite_test.go:39 @ 05/19/26 07:46:58.668 (0s)&#xA;&gt; Enter [BeforeEach] Given a valid instance exists - /home/runner/work/uni-compute/uni-compute/test/api/suites/instance_operations_test.go:552 @ 05/19/26 07:46:58.668&#xA;Created instance with ID: bb352749-5ae0-445d-8e2b-a70140195b8a&#xA;&lt; Exit [BeforeEach] Given a valid instance exists - /home/runner/work/uni-compute/uni-compute/test/api/suites/instance_operations_test.go:552 @ 05/19/26 07:47:04.382 (5.714s)&#xA;&gt; Enter [It] should return the instance with correct metadata - /home/runner/work/uni-compute/uni-compute/test/api/suites/instance_operations_test.go:560 @ 05/19/26 07:47:04.382&#xA;Successfully retrieved instance bb352749-5ae0-445d-8e2b-a70140195b8a&#xA;&lt; Exit [It] should return the instance with correct metadata - /home/runner/work/uni-compute/uni-compute/test/api/suites/instance_operations_test.go:560 @ 05/19/26 07:47:04.475 (93ms)&#xA;&gt; Enter [DeferCleanup (Each)] Given a valid instance exists - /home/runner/work/uni-compute/uni-compute/test/api/fixtures.go:135 @ 05/19/26 07:47:04.475&#xA;Cleaning up instance: bb352749-5ae0-445d-8e2b-a70140195b8a&#xA;Waiting for instance bb352749-5ae0-445d-8e2b-a70140195b8a to be fully deleted&#xA;&lt; Exit [DeferCleanup (Each)] Given a valid instance exists - /home/runner/work/uni-compute/uni-compute/test/api/fixtures.go:135 @ 05/19/26 07:47:09.793 (5.318s)&#xA;</system-err>
          </testcase>
          <testcase name="[It] Instance Operations When retrieving an instance Given an invalid instance ID should return not found" classname="API Test Suites" status="failed" time="0.093806357">
              <failure message="Error should indicate HTTP 404 Not Found&#xA;Expected&#xA;    &lt;*fmt.wrapError | 0xc0003093a0&gt;: &#xA;    instance &#39;non-existent-instance-12345&#39;: resource not found&#xA;    {&#xA;        msg: &#34;instance &#39;non-existent-instance-12345&#39;: resource not found&#34;,&#xA;        err: &lt;*errors.errorString | 0xe7bb90&gt;{&#xA;            s: &#34;resource not found&#34;,&#xA;        },&#xA;    }&#xA;to match error&#xA;    &lt;*matchers.ContainSubstringMatcher | 0xc00011fc20&gt;: {Substr: &#34;404&#34;, Args: nil}" type="failed">[FAILED] Error should indicate HTTP 404 Not Found&#xA;Expected&#xA;    &lt;*fmt.wrapError | 0xc0003093a0&gt;: &#xA;    instance &#39;non-existent-instance-12345&#39;: resource not found&#xA;    {&#xA;        msg: &#34;instance &#39;non-existent-instance-12345&#39;: resource not found&#34;,&#xA;        err: &lt;*errors.errorString | 0xe7bb90&gt;{&#xA;            s: &#34;resource not found&#34;,&#xA;        },&#xA;    }&#xA;to match error&#xA;    &lt;*matchers.ContainSubstringMatcher | 0xc00011fc20&gt;: {Substr: &#34;404&#34;, Args: nil}&#xA;In [It] at: /home/runner/work/uni-compute/uni-compute/test/api/suites/instance_operations_test.go:575 @ 05/19/26 07:47:09.887&#xA;</failure>
              <system-err>&gt; Enter [BeforeEach] TOP-LEVEL - /home/runner/work/uni-compute/uni-compute/test/api/suites/suite_test.go:39 @ 05/19/26 07:47:09.794&#xA;&lt; Exit [BeforeEach] TOP-LEVEL - /home/runner/work/uni-compute/uni-compute/test/api/suites/suite_test.go:39 @ 05/19/26 07:47:09.794 (0s)&#xA;&gt; Enter [It] should return not found - /home/runner/work/uni-compute/uni-compute/test/api/suites/instance_operations_test.go:571 @ 05/19/26 07:47:09.794&#xA;[FAILED] Error should indicate HTTP 404 Not Found&#xA;Expected&#xA;    &lt;*fmt.wrapError | 0xc0003093a0&gt;: &#xA;    instance &#39;non-existent-instance-12345&#39;: resource not found&#xA;    {&#xA;        msg: &#34;instance &#39;non-existent-instance-12345&#39;: resource not found&#34;,&#xA;        err: &lt;*errors.errorString | 0xe7bb90&gt;{&#xA;            s: &#34;resource not found&#34;,&#xA;        },&#xA;    }&#xA;to match error&#xA;    &lt;*matchers.ContainSubstringMatcher | 0xc00011fc20&gt;: {Substr: &#34;404&#34;, Args: nil}&#xA;In [It] at: /home/runner/work/uni-compute/uni-compute/test/api/suites/instance_operations_test.go:575 @ 05/19/26 07:47:09.887&#xA;&lt; Exit [It] should return not found - /home/runner/work/uni-compute/uni-compute/test/api/suites/instance_operations_test.go:571 @ 05/19/26 07:47:09.887 (93ms)&#xA;</system-err>
          </testcase>
      </testsuite>
  </testsuites>