<?xml version="1.0" encoding="UTF-8"?>
  <testsuites tests="67" disabled="54" errors="0" failures="0" time="84.475728788">
      <testsuite name="Region API Test Suites" package="/home/runner/work/uni-region/uni-region/test/api/suites" tests="67" disabled="0" skipped="54" errors="0" failures="0" time="84.475728788" timestamp="2026-05-19T13:04:19">
          <properties>
              <property name="SuiteSucceeded" value="true"></property>
              <property name="SuiteHasProgrammaticFocus" value="false"></property>
              <property name="SpecialSuiteFailureReason" value=""></property>
              <property name="SuiteLabels" value="[]"></property>
              <property name="RandomSeed" value="1779195848"></property>
              <property name="RandomizeAllSpecs" value="false"></property>
              <property name="LabelFilter" value=""></property>
              <property name="FocusStrings" value="File Storage Management"></property>
              <property name="SkipStrings" value=""></property>
              <property name="FocusFiles" value=""></property>
              <property name="SkipFiles" value=""></property>
              <property name="FailOnPending" value="false"></property>
              <property name="FailOnEmpty" value="false"></property>
              <property name="FailFast" value="false"></property>
              <property name="FlakeAttempts" value="0"></property>
              <property name="DryRun" value="false"></property>
              <property name="ParallelTotal" value="1"></property>
              <property name="OutputInterceptorMode" value=""></property>
          </properties>
          <testcase name="[BeforeSuite]" classname="Region API Test Suites" status="passed" time="0.000242366">
              <system-err>&gt; Enter [BeforeSuite] TOP-LEVEL - /home/runner/work/uni-region/uni-region/test/api/suites/suite_test.go:42 @ 05/19/26 13:04:19.422&#xA;&lt; Exit [BeforeSuite] TOP-LEVEL - /home/runner/work/uni-region/uni-region/test/api/suites/suite_test.go:42 @ 05/19/26 13:04:19.422 (0s)&#xA;</system-err>
          </testcase>
          <testcase name="[It] SSHCertificateAuthority When managing SSH certificate authorities Given a valid Ed25519 public key should create an SSH certificate authority with correct response fields" classname="Region API Test Suites" status="skipped" time="0">
              <skipped message="skipped"></skipped>
          </testcase>
          <testcase name="[It] SSHCertificateAuthority When managing SSH certificate authorities Given a valid Ed25519 public key should appear in the list filtered by org and project" classname="Region API Test Suites" status="skipped" time="0">
              <skipped message="skipped"></skipped>
          </testcase>
          <testcase name="[It] SSHCertificateAuthority When managing SSH certificate authorities Given a valid Ed25519 public key should delete the SSH certificate authority and confirm it is no longer found" classname="Region API Test Suites" status="skipped" time="0">
              <skipped message="skipped"></skipped>
          </testcase>
          <testcase name="[It] SSHCertificateAuthority When getting a non-existent SSH certificate authority Given a non-existent SSH certificate authority ID should return not found" classname="Region API Test Suites" status="skipped" time="0">
              <skipped message="skipped"></skipped>
          </testcase>
          <testcase name="[It] SSHCertificateAuthority When creating an SSH certificate authority with an invalid key Given a malformed public key should return 422 Unprocessable Entity" classname="Region API Test Suites" status="skipped" time="0">
              <skipped message="skipped"></skipped>
          </testcase>
          <testcase name="[It] Flavor Discovery When listing flavors for a region Given valid region and organization should return all available flavors" classname="Region API Test Suites" status="skipped" time="0">
              <skipped message="skipped"></skipped>
          </testcase>
          <testcase name="[It] Flavor Discovery When listing flavors for a region Given invalid parameters should reject requests with invalid region ID for flavors" classname="Region API Test Suites" status="skipped" time="0">
              <skipped message="skipped"></skipped>
          </testcase>
          <testcase name="[It] Image Discovery When listing images for a region Given valid region and organization should return all available images" classname="Region API Test Suites" status="skipped" time="0">
              <skipped message="skipped"></skipped>
          </testcase>
          <testcase name="[It] Image Discovery When listing images for a region Given invalid parameters should reject requests with invalid region ID for images" classname="Region API Test Suites" status="skipped" time="0">
              <skipped message="skipped"></skipped>
          </testcase>
          <testcase name="[It] LoadBalancer When managing load balancer lifecycle Given a backend member and publicIP=true creates a load balancer in Pending state" classname="Region API Test Suites" status="skipped" time="0">
              <skipped message="skipped"></skipped>
          </testcase>
          <testcase name="[It] LoadBalancer When managing load balancer lifecycle Given a backend member and publicIP=true appears in the load balancer list" classname="Region API Test Suites" status="skipped" time="0">
              <skipped message="skipped"></skipped>
          </testcase>
          <testcase name="[It] LoadBalancer When managing load balancer lifecycle Given a backend member and publicIP=true can be retrieved by id" classname="Region API Test Suites" status="skipped" time="0">
              <skipped message="skipped"></skipped>
          </testcase>
          <testcase name="[It] LoadBalancer When managing load balancer lifecycle Given a backend member and publicIP=true eventually reports Provisioned with status.vipAddress and status.publicIP populated" classname="Region API Test Suites" status="skipped" time="0">
              <skipped message="skipped"></skipped>
          </testcase>
          <testcase name="[It] LoadBalancer When managing load balancer lifecycle Given a backend member and publicIP=true accepts updates to allowed CIDRs and pool members" classname="Region API Test Suites" status="skipped" time="0">
              <skipped message="skipped"></skipped>
          </testcase>
          <testcase name="[It] LoadBalancer When managing load balancer lifecycle Given a backend member and publicIP=true eventually clears status.publicIP when publicIP is toggled to false" classname="Region API Test Suites" status="skipped" time="0">
              <skipped message="skipped"></skipped>
          </testcase>
          <testcase name="[It] LoadBalancer When managing load balancer lifecycle Given a backend member and publicIP=true deletes the load balancer and confirms it disappears" classname="Region API Test Suites" status="skipped" time="0">
              <skipped message="skipped"></skipped>
          </testcase>
          <testcase name="[It] LoadBalancer When creating a UDP listener without idleTimeoutSeconds Given a UDP listener on port 53 with idleTimeoutSeconds omitted creates the load balancer and persists idleTimeoutSeconds as nil" classname="Region API Test Suites" status="skipped" time="0">
              <skipped message="skipped"></skipped>
          </testcase>
          <testcase name="[It] LoadBalancer When delete is invoked repeatedly during cleanup Given a provisioned load balancer creates and reaches Provisioned" classname="Region API Test Suites" status="skipped" time="0">
              <skipped message="skipped"></skipped>
          </testcase>
          <testcase name="[It] LoadBalancer When delete is invoked repeatedly during cleanup Given a provisioned load balancer acknowledges the first delete" classname="Region API Test Suites" status="skipped" time="0">
              <skipped message="skipped"></skipped>
          </testcase>
          <testcase name="[It] LoadBalancer When delete is invoked repeatedly during cleanup Given a provisioned load balancer treats an immediate second delete as idempotent" classname="Region API Test Suites" status="skipped" time="0">
              <skipped message="skipped"></skipped>
          </testcase>
          <testcase name="[It] LoadBalancer When delete is invoked repeatedly during cleanup Given a provisioned load balancer treats subsequent retries as idempotent until the load balancer is gone" classname="Region API Test Suites" status="skipped" time="0">
              <skipped message="skipped"></skipped>
          </testcase>
          <testcase name="[It] Region ACL Enforcement When the owning organization supplies a private region ID Given a flavor list request should return available flavors" classname="Region API Test Suites" status="skipped" time="0">
              <skipped message="skipped"></skipped>
          </testcase>
          <testcase name="[It] Region ACL Enforcement When the owning organization supplies a private region ID Given an image list request should succeed" classname="Region API Test Suites" status="skipped" time="0">
              <skipped message="skipped"></skipped>
          </testcase>
          <testcase name="[It] Region ACL Enforcement When a non-owning organization supplies a private region ID directly Given a flavor list request for the private region should return 404 without leaking region existence" classname="Region API Test Suites" status="skipped" time="0">
              <skipped message="skipped"></skipped>
          </testcase>
          <testcase name="[It] Region ACL Enforcement When a non-owning organization supplies a private region ID directly Given an image list request for the private region should return 404 without leaking region existence" classname="Region API Test Suites" status="skipped" time="0">
              <skipped message="skipped"></skipped>
          </testcase>
          <testcase name="[It] Region ACL Enforcement When a non-owning organization supplies a private region ID directly Given a network creation request referencing the private region should return 404 without leaking region existence" classname="Region API Test Suites" status="skipped" time="0">
              <skipped message="skipped"></skipped>
          </testcase>
          <testcase name="[It] Network Management When managing the network lifecycle Given valid organization and project credentials should provision a network with correct metadata and prefix" classname="Region API Test Suites" status="skipped" time="0">
              <skipped message="skipped"></skipped>
          </testcase>
          <testcase name="[It] Network Management When managing the network lifecycle Given an existing network should appear in the project network list" classname="Region API Test Suites" status="skipped" time="0">
              <skipped message="skipped"></skipped>
          </testcase>
          <testcase name="[It] Network Management When managing the network lifecycle Given an existing network should reach provisioned state and be retrievable by ID" classname="Region API Test Suites" status="skipped" time="0">
              <skipped message="skipped"></skipped>
          </testcase>
          <testcase name="[It] Network Management When managing the network lifecycle Given an existing network should reflect updated name and description while preserving the prefix" classname="Region API Test Suites" status="skipped" time="0">
              <skipped message="skipped"></skipped>
          </testcase>
          <testcase name="[It] Network Management When managing the network lifecycle Given the network is deleted should succeed" classname="Region API Test Suites" status="skipped" time="0">
              <skipped message="skipped"></skipped>
          </testcase>
          <testcase name="[It] Network Management When managing the network lifecycle Given the network is deleted should return 404 on subsequent reads" classname="Region API Test Suites" status="skipped" time="0">
              <skipped message="skipped"></skipped>
          </testcase>
          <testcase name="[It] External Network Discovery When listing external networks for a region Given valid region and organization should return 403 when RBAC denies access to external networks" classname="Region API Test Suites" status="skipped" time="0">
              <skipped message="skipped"></skipped>
          </testcase>
          <testcase name="[It] External Network Discovery When listing external networks for a region Given invalid parameters should reject requests with invalid region ID for external networks" classname="Region API Test Suites" status="skipped" time="0">
              <skipped message="skipped"></skipped>
          </testcase>
          <testcase name="[It] Image Management When listing images Given invalid parameters should return an error for an invalid organization ID" classname="Region API Test Suites" status="skipped" time="0">
              <skipped message="skipped"></skipped>
          </testcase>
          <testcase name="[It] Image Management When listing images Given invalid parameters should return an error for an invalid region ID" classname="Region API Test Suites" status="skipped" time="0">
              <skipped message="skipped"></skipped>
          </testcase>
          <testcase name="[It] Image Management When listing images Given a valid organization and region should return a non-empty list of images" classname="Region API Test Suites" status="skipped" time="0">
              <skipped message="skipped"></skipped>
          </testcase>
          <testcase name="[It] Image Management When deleting an image Given an image ID that does not exist in the cache should return not found" classname="Region API Test Suites" status="skipped" time="0">
              <skipped message="skipped"></skipped>
          </testcase>
          <testcase name="[It] Image Management When managing a custom image should create a custom image and return its ID" classname="Region API Test Suites" status="skipped" time="0">
              <skipped message="skipped"></skipped>
          </testcase>
          <testcase name="[It] Image Management When managing a custom image should become ready and visible in the image list" classname="Region API Test Suites" status="skipped" time="0">
              <skipped message="skipped"></skipped>
          </testcase>
          <testcase name="[It] Image Management When managing a custom image should delete the custom image successfully" classname="Region API Test Suites" status="skipped" time="0">
              <skipped message="skipped"></skipped>
          </testcase>
          <testcase name="[It] Image Management When managing a custom image should return not found when deleting the already-deleted image" classname="Region API Test Suites" status="skipped" time="0">
              <skipped message="skipped"></skipped>
          </testcase>
          <testcase name="[It] File Storage Management When listing file storage resources Given valid project access should return file storage resources for the project" classname="Region API Test Suites" status="passed" time="0.976713991">
              <system-err>&gt; Enter [BeforeEach] TOP-LEVEL - /home/runner/work/uni-region/uni-region/test/api/suites/suite_test.go:58 @ 05/19/26 13:04:19.423&#xA;&lt; Exit [BeforeEach] TOP-LEVEL - /home/runner/work/uni-region/uni-region/test/api/suites/suite_test.go:58 @ 05/19/26 13:04:19.423 (0s)&#xA;&gt; Enter [It] should return file storage resources for the project - /home/runner/work/uni-region/uni-region/test/api/suites/filestorage_test.go:47 @ 05/19/26 13:04:19.423&#xA;[GET /api/v2/filestorageclasses?regionID=62f35744-1abd-47b8-a850-cfaa03fd3ca6] status=200 duration=419.537085ms traceparent=00-06df21784b70c45b15b6e80c2b9f26da-7b9996170874b491-01&#xA;[GET /api/v2/filestorageclasses?regionID=62f35744-1abd-47b8-a850-cfaa03fd3ca6] response body: [{&#34;metadata&#34;:{&#34;creationTime&#34;:&#34;2026-01-09T09:25:45Z&#34;,&#34;healthStatus&#34;:&#34;healthy&#34;,&#34;id&#34;:&#34;53ff0ab7-d932-42ba-bd40-a15b33406f0e&#34;,&#34;name&#34;:&#34;standard&#34;,&#34;provisioningStatus&#34;:&#34;provisioned&#34;},&#34;spec&#34;:{&#34;parallelism&#34;:8,&#34;protocols&#34;:[&#34;nfsv3&#34;,&#34;nfsv4&#34;],&#34;regionId&#34;:&#34;62f35744-1abd-47b8-a850-cfaa03fd3ca6&#34;}}]&#xA;[POST /api/v2/filestorage] status=201 duration=369.087968ms traceparent=00-eba99bd626ea84175df7808301c34259-3c543e1e2f0d6aef-01&#xA;[POST /api/v2/filestorage] response body: {&#34;metadata&#34;:{&#34;createdBy&#34;:&#34;f818f846-bd08-4680-bb79-0e0575fc2bbc&#34;,&#34;creationTime&#34;:&#34;2026-05-19T13:04:20Z&#34;,&#34;description&#34;:&#34;Test resource for list operation&#34;,&#34;healthStatus&#34;:&#34;unknown&#34;,&#34;id&#34;:&#34;a155cda2-2408-440e-8a5e-98af120a803e&#34;,&#34;name&#34;:&#34;test-list-storage-c6bzgfsb&#34;,&#34;organizationId&#34;:&#34;c72d8d75-efcc-4280-ae87-ca4ccc414c53&#34;,&#34;projectId&#34;:&#34;ca189f71-9180-473e-b88e-5aeb32c5289d&#34;,&#34;provisioningStatus&#34;:&#34;pending&#34;},&#34;spec&#34;:{&#34;attachments&#34;:{&#34;networkIds&#34;:[]},&#34;sizeGiB&#34;:10,&#34;storageType&#34;:{&#34;NFS&#34;:{&#34;rootSquash&#34;:false}}},&#34;status&#34;:{&#34;regionId&#34;:&#34;62f35744-1abd-47b8-a850-cfaa03fd3ca6&#34;,&#34;storageClassId&#34;:&#34;53ff0ab7-d932-42ba-bd40-a15b33406f0e&#34;}}&#xA;Created test storage for list: test-list-storage-c6bzgfsb (a155cda2-2408-440e-8a5e-98af120a803e)&#xA;[GET /api/v2/filestorage?organizationID=c72d8d75-efcc-4280-ae87-ca4ccc414c53&amp;projectID=ca189f71-9180-473e-b88e-5aeb32c5289d&amp;regionID=62f35744-1abd-47b8-a850-cfaa03fd3ca6] status=200 duration=78.262157ms traceparent=00-7bb8812a12cd2b3ee0bc8ea6fa5754ea-0ee620f2ef0d7a7d-01&#xA;[GET /api/v2/filestorage?organizationID=c72d8d75-efcc-4280-ae87-ca4ccc414c53&amp;projectID=ca189f71-9180-473e-b88e-5aeb32c5289d&amp;regionID=62f35744-1abd-47b8-a850-cfaa03fd3ca6] response body: [{&#34;metadata&#34;:{&#34;createdBy&#34;:&#34;f818f846-bd08-4680-bb79-0e0575fc2bbc&#34;,&#34;creationTime&#34;:&#34;2026-05-19T13:04:20Z&#34;,&#34;description&#34;:&#34;Test resource for list operation&#34;,&#34;healthStatus&#34;:&#34;unknown&#34;,&#34;id&#34;:&#34;a155cda2-2408-440e-8a5e-98af120a803e&#34;,&#34;name&#34;:&#34;test-list-storage-c6bzgfsb&#34;,&#34;organizationId&#34;:&#34;c72d8d75-efcc-4280-ae87-ca4ccc414c53&#34;,&#34;projectId&#34;:&#34;ca189f71-9180-473e-b88e-5aeb32c5289d&#34;,&#34;provisioningStatus&#34;:&#34;pending&#34;},&#34;spec&#34;:{&#34;attachments&#34;:{&#34;networkIds&#34;:[]},&#34;sizeGiB&#34;:10,&#34;storageType&#34;:{&#34;NFS&#34;:{&#34;rootSquash&#34;:false}}},&#34;status&#34;:{&#34;regionId&#34;:&#34;62f35744-1abd-47b8-a850-cfaa03fd3ca6&#34;,&#34;storageClassId&#34;:&#34;53ff0ab7-d932-42ba-bd40-a15b33406f0e&#34;}}]&#xA;  Found our test storage: test-list-storage-c6bzgfsb (a155cda2-2408-440e-8a5e-98af120a803e) - 10GiB&#xA;Found 1 total file storage resources&#xA;&lt; Exit [It] should return file storage resources for the project - /home/runner/work/uni-region/uni-region/test/api/suites/filestorage_test.go:47 @ 05/19/26 13:04:20.29 (868ms)&#xA;&gt; Enter [AfterEach] Given valid project access - /home/runner/work/uni-region/uni-region/test/api/suites/filestorage_test.go:118 @ 05/19/26 13:04:20.29&#xA;Cleaning up test list storage: a155cda2-2408-440e-8a5e-98af120a803e&#xA;[DELETE /api/v2/filestorage/a155cda2-2408-440e-8a5e-98af120a803e] status=202 duration=108.973596ms traceparent=00-8acddc330f1134071e5abd82d605a0c8-53f042b6d4a58fe9-01&#xA;&lt; Exit [AfterEach] Given valid project access - /home/runner/work/uni-region/uni-region/test/api/suites/filestorage_test.go:118 @ 05/19/26 13:04:20.399 (109ms)&#xA;</system-err>
          </testcase>
          <testcase name="[It] File Storage Management When listing file storage resources Given invalid parameters should reject requests with invalid organization ID format" classname="Region API Test Suites" status="skipped" time="0.000233688">
              <skipped message="skipped - Bug INST-457: File Storage API accepts invalid organizationId and returns data for different organization"></skipped>
              <system-err>&gt; Enter [BeforeEach] TOP-LEVEL - /home/runner/work/uni-region/uni-region/test/api/suites/suite_test.go:58 @ 05/19/26 13:04:20.4&#xA;&lt; Exit [BeforeEach] TOP-LEVEL - /home/runner/work/uni-region/uni-region/test/api/suites/suite_test.go:58 @ 05/19/26 13:04:20.4 (0s)&#xA;&gt; Enter [It] should reject requests with invalid organization ID format - /home/runner/work/uni-region/uni-region/test/api/suites/filestorage_test.go:127 @ 05/19/26 13:04:20.4&#xA;[SKIPPED] Bug INST-457: File Storage API accepts invalid organizationId and returns data for different organization&#xA;In [It] at: /home/runner/work/uni-region/uni-region/test/api/suites/filestorage_test.go:128 @ 05/19/26 13:04:20.4&#xA;&lt; Exit [It] should reject requests with invalid organization ID format - /home/runner/work/uni-region/uni-region/test/api/suites/filestorage_test.go:127 @ 05/19/26 13:04:20.4 (0s)&#xA;</system-err>
          </testcase>
          <testcase name="[It] File Storage Management When managing file storage lifecycle Given valid storage class and configuration should create a file storage resource" classname="Region API Test Suites" status="passed" time="0.358378124">
              <system-err>&gt; Enter [BeforeEach] TOP-LEVEL - /home/runner/work/uni-region/uni-region/test/api/suites/suite_test.go:58 @ 05/19/26 13:04:20.4&#xA;&lt; Exit [BeforeEach] TOP-LEVEL - /home/runner/work/uni-region/uni-region/test/api/suites/suite_test.go:58 @ 05/19/26 13:04:20.4 (0s)&#xA;&gt; Enter [It] should create a file storage resource - /home/runner/work/uni-region/uni-region/test/api/suites/filestorage_test.go:152 @ 05/19/26 13:04:20.4&#xA;[GET /api/v2/filestorageclasses?regionID=62f35744-1abd-47b8-a850-cfaa03fd3ca6] status=200 duration=77.862609ms traceparent=00-86eae4101e6913a89f3e5455d969149c-2abd599fe578717e-01&#xA;[GET /api/v2/filestorageclasses?regionID=62f35744-1abd-47b8-a850-cfaa03fd3ca6] response body: [{&#34;metadata&#34;:{&#34;creationTime&#34;:&#34;2026-01-09T09:25:45Z&#34;,&#34;healthStatus&#34;:&#34;healthy&#34;,&#34;id&#34;:&#34;53ff0ab7-d932-42ba-bd40-a15b33406f0e&#34;,&#34;name&#34;:&#34;standard&#34;,&#34;provisioningStatus&#34;:&#34;provisioned&#34;},&#34;spec&#34;:{&#34;parallelism&#34;:8,&#34;protocols&#34;:[&#34;nfsv3&#34;,&#34;nfsv4&#34;],&#34;regionId&#34;:&#34;62f35744-1abd-47b8-a850-cfaa03fd3ca6&#34;}}]&#xA;Using storage class: standard (53ff0ab7-d932-42ba-bd40-a15b33406f0e)&#xA;[POST /api/v2/filestorage] status=201 duration=280.163361ms traceparent=00-85b7111225a3e51a2329b5f516fda203-d7889031313f83fd-01&#xA;[POST /api/v2/filestorage] response body: {&#34;metadata&#34;:{&#34;createdBy&#34;:&#34;f818f846-bd08-4680-bb79-0e0575fc2bbc&#34;,&#34;creationTime&#34;:&#34;2026-05-19T13:04:20Z&#34;,&#34;description&#34;:&#34;Test lifecycle file storage&#34;,&#34;healthStatus&#34;:&#34;unknown&#34;,&#34;id&#34;:&#34;e6bbcdbc-ee33-454d-bc84-06868969cc0d&#34;,&#34;name&#34;:&#34;test-storage-q6vlqpdm&#34;,&#34;organizationId&#34;:&#34;c72d8d75-efcc-4280-ae87-ca4ccc414c53&#34;,&#34;projectId&#34;:&#34;ca189f71-9180-473e-b88e-5aeb32c5289d&#34;,&#34;provisioningStatus&#34;:&#34;pending&#34;},&#34;spec&#34;:{&#34;attachments&#34;:{&#34;networkIds&#34;:[]},&#34;sizeGiB&#34;:10,&#34;storageType&#34;:{&#34;NFS&#34;:{&#34;rootSquash&#34;:false}}},&#34;status&#34;:{&#34;regionId&#34;:&#34;62f35744-1abd-47b8-a850-cfaa03fd3ca6&#34;,&#34;storageClassId&#34;:&#34;53ff0ab7-d932-42ba-bd40-a15b33406f0e&#34;}}&#xA;Created file storage: test-storage-q6vlqpdm (e6bbcdbc-ee33-454d-bc84-06868969cc0d)&#xA;&lt; Exit [It] should create a file storage resource - /home/runner/work/uni-region/uni-region/test/api/suites/filestorage_test.go:152 @ 05/19/26 13:04:20.758 (358ms)&#xA;</system-err>
          </testcase>
          <testcase name="[It] File Storage Management When managing file storage lifecycle Given valid storage class and configuration should retrieve the created file storage resource" classname="Region API Test Suites" status="passed" time="20.327449456">
              <system-err>&gt; Enter [BeforeEach] TOP-LEVEL - /home/runner/work/uni-region/uni-region/test/api/suites/suite_test.go:58 @ 05/19/26 13:04:20.758&#xA;&lt; Exit [BeforeEach] TOP-LEVEL - /home/runner/work/uni-region/uni-region/test/api/suites/suite_test.go:58 @ 05/19/26 13:04:20.758 (0s)&#xA;&gt; Enter [It] should retrieve the created file storage resource - /home/runner/work/uni-region/uni-region/test/api/suites/filestorage_test.go:217 @ 05/19/26 13:04:20.759&#xA;[GET /api/v2/filestorage/e6bbcdbc-ee33-454d-bc84-06868969cc0d] status=200 duration=78.12185ms traceparent=00-705f3aea40d13cc51cca7f8362ef113b-5dcc8c7aa70623a0-01&#xA;[GET /api/v2/filestorage/e6bbcdbc-ee33-454d-bc84-06868969cc0d] response body: {&#34;metadata&#34;:{&#34;createdBy&#34;:&#34;f818f846-bd08-4680-bb79-0e0575fc2bbc&#34;,&#34;creationTime&#34;:&#34;2026-05-19T13:04:20Z&#34;,&#34;description&#34;:&#34;Test lifecycle file storage&#34;,&#34;healthStatus&#34;:&#34;unknown&#34;,&#34;id&#34;:&#34;e6bbcdbc-ee33-454d-bc84-06868969cc0d&#34;,&#34;name&#34;:&#34;test-storage-q6vlqpdm&#34;,&#34;organizationId&#34;:&#34;c72d8d75-efcc-4280-ae87-ca4ccc414c53&#34;,&#34;projectId&#34;:&#34;ca189f71-9180-473e-b88e-5aeb32c5289d&#34;,&#34;provisioningStatus&#34;:&#34;pending&#34;},&#34;spec&#34;:{&#34;attachments&#34;:{&#34;networkIds&#34;:[]},&#34;sizeGiB&#34;:10,&#34;storageType&#34;:{&#34;NFS&#34;:{&#34;rootSquash&#34;:false}}},&#34;status&#34;:{&#34;regionId&#34;:&#34;62f35744-1abd-47b8-a850-cfaa03fd3ca6&#34;,&#34;storageClassId&#34;:&#34;53ff0ab7-d932-42ba-bd40-a15b33406f0e&#34;}}&#xA;[GET /api/v2/filestorage/e6bbcdbc-ee33-454d-bc84-06868969cc0d] status=200 duration=81.022033ms traceparent=00-a9c7ce6a5ff4f69d31f9d10cc4f7e5bc-6e6dd86461bf1537-01&#xA;[GET /api/v2/filestorage/e6bbcdbc-ee33-454d-bc84-06868969cc0d] response body: {&#34;metadata&#34;:{&#34;createdBy&#34;:&#34;f818f846-bd08-4680-bb79-0e0575fc2bbc&#34;,&#34;creationTime&#34;:&#34;2026-05-19T13:04:20Z&#34;,&#34;description&#34;:&#34;Test lifecycle file storage&#34;,&#34;healthStatus&#34;:&#34;unknown&#34;,&#34;id&#34;:&#34;e6bbcdbc-ee33-454d-bc84-06868969cc0d&#34;,&#34;name&#34;:&#34;test-storage-q6vlqpdm&#34;,&#34;organizationId&#34;:&#34;c72d8d75-efcc-4280-ae87-ca4ccc414c53&#34;,&#34;projectId&#34;:&#34;ca189f71-9180-473e-b88e-5aeb32c5289d&#34;,&#34;provisioningStatus&#34;:&#34;pending&#34;},&#34;spec&#34;:{&#34;attachments&#34;:{&#34;networkIds&#34;:[]},&#34;sizeGiB&#34;:10,&#34;storageType&#34;:{&#34;NFS&#34;:{&#34;rootSquash&#34;:false}}},&#34;status&#34;:{&#34;regionId&#34;:&#34;62f35744-1abd-47b8-a850-cfaa03fd3ca6&#34;,&#34;storageClassId&#34;:&#34;53ff0ab7-d932-42ba-bd40-a15b33406f0e&#34;}}&#xA;[GET /api/v2/filestorage/e6bbcdbc-ee33-454d-bc84-06868969cc0d] status=200 duration=79.296167ms traceparent=00-addf76f87962d2505399f07766a4ecc0-1e93952a34be2f15-01&#xA;[GET /api/v2/filestorage/e6bbcdbc-ee33-454d-bc84-06868969cc0d] response body: {&#34;metadata&#34;:{&#34;createdBy&#34;:&#34;f818f846-bd08-4680-bb79-0e0575fc2bbc&#34;,&#34;creationTime&#34;:&#34;2026-05-19T13:04:20Z&#34;,&#34;description&#34;:&#34;Test lifecycle file storage&#34;,&#34;healthStatus&#34;:&#34;unknown&#34;,&#34;id&#34;:&#34;e6bbcdbc-ee33-454d-bc84-06868969cc0d&#34;,&#34;name&#34;:&#34;test-storage-q6vlqpdm&#34;,&#34;organizationId&#34;:&#34;c72d8d75-efcc-4280-ae87-ca4ccc414c53&#34;,&#34;projectId&#34;:&#34;ca189f71-9180-473e-b88e-5aeb32c5289d&#34;,&#34;provisioningStatus&#34;:&#34;provisioned&#34;},&#34;spec&#34;:{&#34;attachments&#34;:{&#34;networkIds&#34;:[]},&#34;sizeGiB&#34;:10,&#34;storageType&#34;:{&#34;NFS&#34;:{&#34;rootSquash&#34;:false}}},&#34;status&#34;:{&#34;regionId&#34;:&#34;62f35744-1abd-47b8-a850-cfaa03fd3ca6&#34;,&#34;storageClassId&#34;:&#34;53ff0ab7-d932-42ba-bd40-a15b33406f0e&#34;,&#34;usage&#34;:{&#34;capacityBytes&#34;:10737418240}}}&#xA;[GET /api/v2/filestorage/e6bbcdbc-ee33-454d-bc84-06868969cc0d] status=200 duration=78.167965ms traceparent=00-57349cd1efce88386ef9fd711d35c961-7b86ea40abf1a2af-01&#xA;[GET /api/v2/filestorage/e6bbcdbc-ee33-454d-bc84-06868969cc0d] response body: {&#34;metadata&#34;:{&#34;createdBy&#34;:&#34;f818f846-bd08-4680-bb79-0e0575fc2bbc&#34;,&#34;creationTime&#34;:&#34;2026-05-19T13:04:20Z&#34;,&#34;description&#34;:&#34;Test lifecycle file storage&#34;,&#34;healthStatus&#34;:&#34;unknown&#34;,&#34;id&#34;:&#34;e6bbcdbc-ee33-454d-bc84-06868969cc0d&#34;,&#34;name&#34;:&#34;test-storage-q6vlqpdm&#34;,&#34;organizationId&#34;:&#34;c72d8d75-efcc-4280-ae87-ca4ccc414c53&#34;,&#34;projectId&#34;:&#34;ca189f71-9180-473e-b88e-5aeb32c5289d&#34;,&#34;provisioningStatus&#34;:&#34;provisioned&#34;},&#34;spec&#34;:{&#34;attachments&#34;:{&#34;networkIds&#34;:[]},&#34;sizeGiB&#34;:10,&#34;storageType&#34;:{&#34;NFS&#34;:{&#34;rootSquash&#34;:false}}},&#34;status&#34;:{&#34;regionId&#34;:&#34;62f35744-1abd-47b8-a850-cfaa03fd3ca6&#34;,&#34;storageClassId&#34;:&#34;53ff0ab7-d932-42ba-bd40-a15b33406f0e&#34;,&#34;usage&#34;:{&#34;capacityBytes&#34;:10737418240}}}&#xA;Retrieved file storage: test-storage-q6vlqpdm (e6bbcdbc-ee33-454d-bc84-06868969cc0d) - 10GiB (Status: provisioned)&#xA;&lt; Exit [It] should retrieve the created file storage resource - /home/runner/work/uni-region/uni-region/test/api/suites/filestorage_test.go:217 @ 05/19/26 13:04:41.086 (20.327s)&#xA;</system-err>
          </testcase>
          <testcase name="[It] File Storage Management When managing file storage lifecycle Given valid storage class and configuration should update the file storage resource" classname="Region API Test Suites" status="passed" time="0.213926621">
              <system-err>&gt; Enter [BeforeEach] TOP-LEVEL - /home/runner/work/uni-region/uni-region/test/api/suites/suite_test.go:58 @ 05/19/26 13:04:41.086&#xA;&lt; Exit [BeforeEach] TOP-LEVEL - /home/runner/work/uni-region/uni-region/test/api/suites/suite_test.go:58 @ 05/19/26 13:04:41.086 (0s)&#xA;&gt; Enter [It] should update the file storage resource - /home/runner/work/uni-region/uni-region/test/api/suites/filestorage_test.go:253 @ 05/19/26 13:04:41.086&#xA;[PUT /api/v2/filestorage/e6bbcdbc-ee33-454d-bc84-06868969cc0d] status=202 duration=213.707163ms traceparent=00-725b966517aad44def663f0ac4c906c0-ad9cca036cd543c5-01&#xA;[PUT /api/v2/filestorage/e6bbcdbc-ee33-454d-bc84-06868969cc0d] response body: {&#34;metadata&#34;:{&#34;createdBy&#34;:&#34;f818f846-bd08-4680-bb79-0e0575fc2bbc&#34;,&#34;creationTime&#34;:&#34;2026-05-19T13:04:20Z&#34;,&#34;description&#34;:&#34;Updated test file storage&#34;,&#34;healthStatus&#34;:&#34;unknown&#34;,&#34;id&#34;:&#34;e6bbcdbc-ee33-454d-bc84-06868969cc0d&#34;,&#34;modifiedBy&#34;:&#34;f818f846-bd08-4680-bb79-0e0575fc2bbc&#34;,&#34;modifiedTime&#34;:&#34;2026-05-19T13:04:41Z&#34;,&#34;name&#34;:&#34;test-storage-q6vlqpdm&#34;,&#34;organizationId&#34;:&#34;c72d8d75-efcc-4280-ae87-ca4ccc414c53&#34;,&#34;projectId&#34;:&#34;ca189f71-9180-473e-b88e-5aeb32c5289d&#34;,&#34;provisioningStatus&#34;:&#34;provisioned&#34;},&#34;spec&#34;:{&#34;attachments&#34;:{&#34;networkIds&#34;:[]},&#34;sizeGiB&#34;:20,&#34;storageType&#34;:{&#34;NFS&#34;:{&#34;rootSquash&#34;:false}}},&#34;status&#34;:{&#34;regionId&#34;:&#34;62f35744-1abd-47b8-a850-cfaa03fd3ca6&#34;,&#34;storageClassId&#34;:&#34;53ff0ab7-d932-42ba-bd40-a15b33406f0e&#34;,&#34;usage&#34;:{&#34;capacityBytes&#34;:10737418240}}}&#xA;Updated file storage: test-storage-q6vlqpdm (e6bbcdbc-ee33-454d-bc84-06868969cc0d) - now 20GiB&#xA;&lt; Exit [It] should update the file storage resource - /home/runner/work/uni-region/uni-region/test/api/suites/filestorage_test.go:253 @ 05/19/26 13:04:41.3 (214ms)&#xA;</system-err>
          </testcase>
          <testcase name="[It] File Storage Management When managing file storage lifecycle Given valid storage class and configuration should delete the file storage resource" classname="Region API Test Suites" status="passed" time="0.113122528">
              <system-err>&gt; Enter [BeforeEach] TOP-LEVEL - /home/runner/work/uni-region/uni-region/test/api/suites/suite_test.go:58 @ 05/19/26 13:04:41.3&#xA;&lt; Exit [BeforeEach] TOP-LEVEL - /home/runner/work/uni-region/uni-region/test/api/suites/suite_test.go:58 @ 05/19/26 13:04:41.3 (0s)&#xA;&gt; Enter [It] should delete the file storage resource - /home/runner/work/uni-region/uni-region/test/api/suites/filestorage_test.go:287 @ 05/19/26 13:04:41.3&#xA;[DELETE /api/v2/filestorage/e6bbcdbc-ee33-454d-bc84-06868969cc0d] status=202 duration=113.012022ms traceparent=00-20d7808a73f225ae70b1495bca37dbda-387d006589ae0f97-01&#xA;Deleted file storage: e6bbcdbc-ee33-454d-bc84-06868969cc0d&#xA;&lt; Exit [It] should delete the file storage resource - /home/runner/work/uni-region/uni-region/test/api/suites/filestorage_test.go:287 @ 05/19/26 13:04:41.413 (113ms)&#xA;</system-err>
          </testcase>
          <testcase name="[It] File Storage Management When managing file storage lifecycle Given valid storage class and configuration should not find the deleted file storage resource" classname="Region API Test Suites" status="skipped" time="0.000256975">
              <skipped message="skipped - No filestorage ID available - create test may have been skipped or failed"></skipped>
              <system-err>&gt; Enter [BeforeEach] TOP-LEVEL - /home/runner/work/uni-region/uni-region/test/api/suites/suite_test.go:58 @ 05/19/26 13:04:41.413&#xA;&lt; Exit [BeforeEach] TOP-LEVEL - /home/runner/work/uni-region/uni-region/test/api/suites/suite_test.go:58 @ 05/19/26 13:04:41.413 (0s)&#xA;&gt; Enter [It] should not find the deleted file storage resource - /home/runner/work/uni-region/uni-region/test/api/suites/filestorage_test.go:300 @ 05/19/26 13:04:41.413&#xA;[SKIPPED] No filestorage ID available - create test may have been skipped or failed&#xA;In [It] at: /home/runner/work/uni-region/uni-region/test/api/suites/filestorage_test.go:302 @ 05/19/26 13:04:41.413&#xA;&lt; Exit [It] should not find the deleted file storage resource - /home/runner/work/uni-region/uni-region/test/api/suites/filestorage_test.go:300 @ 05/19/26 13:04:41.413 (0s)&#xA;&gt; Enter [AfterAll] When managing file storage lifecycle - /home/runner/work/uni-region/uni-region/test/api/suites/filestorage_test.go:317 @ 05/19/26 13:04:41.413&#xA;&lt; Exit [AfterAll] When managing file storage lifecycle - /home/runner/work/uni-region/uni-region/test/api/suites/filestorage_test.go:317 @ 05/19/26 13:04:41.413 (0s)&#xA;</system-err>
          </testcase>
          <testcase name="[It] File Storage Management When managing file storage attachments Given a network and file storage resource should create a network for attachment" classname="Region API Test Suites" status="passed" time="20.487825154">
              <system-err>&gt; Enter [BeforeEach] TOP-LEVEL - /home/runner/work/uni-region/uni-region/test/api/suites/suite_test.go:58 @ 05/19/26 13:04:41.414&#xA;&lt; Exit [BeforeEach] TOP-LEVEL - /home/runner/work/uni-region/uni-region/test/api/suites/suite_test.go:58 @ 05/19/26 13:04:41.414 (0s)&#xA;&gt; Enter [It] should create a network for attachment - /home/runner/work/uni-region/uni-region/test/api/suites/filestorage_test.go:335 @ 05/19/26 13:04:41.414&#xA;[POST /api/v2/networks] status=201 duration=230.079973ms traceparent=00-263858ff21f46ebd6a68447e46b2759b-1130b55a632ece5a-01&#xA;[POST /api/v2/networks] response body: {&#34;metadata&#34;:{&#34;createdBy&#34;:&#34;f818f846-bd08-4680-bb79-0e0575fc2bbc&#34;,&#34;creationTime&#34;:&#34;2026-05-19T13:04:41Z&#34;,&#34;description&#34;:&#34;Test network for storage attachment&#34;,&#34;healthStatus&#34;:&#34;unknown&#34;,&#34;id&#34;:&#34;cc4e44db-5bde-477c-a5f8-815e6a80e71c&#34;,&#34;name&#34;:&#34;test-attach-network-5jb65x6h&#34;,&#34;organizationId&#34;:&#34;c72d8d75-efcc-4280-ae87-ca4ccc414c53&#34;,&#34;projectId&#34;:&#34;ca189f71-9180-473e-b88e-5aeb32c5289d&#34;,&#34;provisioningStatus&#34;:&#34;pending&#34;},&#34;spec&#34;:{&#34;dnsNameservers&#34;:[&#34;8.8.8.8&#34;,&#34;8.8.4.4&#34;]},&#34;status&#34;:{&#34;prefix&#34;:&#34;10.0.1.0/24&#34;,&#34;regionId&#34;:&#34;62f35744-1abd-47b8-a850-cfaa03fd3ca6&#34;}}&#xA;Created network for attachment: test-attach-network-5jb65x6h (cc4e44db-5bde-477c-a5f8-815e6a80e71c)&#xA;[GET /api/v2/networks?organizationID=c72d8d75-efcc-4280-ae87-ca4ccc414c53&amp;projectID=ca189f71-9180-473e-b88e-5aeb32c5289d&amp;regionID=62f35744-1abd-47b8-a850-cfaa03fd3ca6] status=200 duration=78.30956ms traceparent=00-882237a5c9d01721fcd0fd14fafb8d2f-8260b1a9be17cbf1-01&#xA;[GET /api/v2/networks?organizationID=c72d8d75-efcc-4280-ae87-ca4ccc414c53&amp;projectID=ca189f71-9180-473e-b88e-5aeb32c5289d&amp;regionID=62f35744-1abd-47b8-a850-cfaa03fd3ca6] response body: [{&#34;metadata&#34;:{&#34;createdBy&#34;:&#34;f818f846-bd08-4680-bb79-0e0575fc2bbc&#34;,&#34;creationTime&#34;:&#34;2026-05-19T13:04:41Z&#34;,&#34;description&#34;:&#34;Test network for storage attachment&#34;,&#34;healthStatus&#34;:&#34;unknown&#34;,&#34;id&#34;:&#34;cc4e44db-5bde-477c-a5f8-815e6a80e71c&#34;,&#34;name&#34;:&#34;test-attach-network-5jb65x6h&#34;,&#34;organizationId&#34;:&#34;c72d8d75-efcc-4280-ae87-ca4ccc414c53&#34;,&#34;projectId&#34;:&#34;ca189f71-9180-473e-b88e-5aeb32c5289d&#34;,&#34;provisioningStatus&#34;:&#34;provisioning&#34;},&#34;spec&#34;:{&#34;dnsNameservers&#34;:[&#34;8.8.8.8&#34;,&#34;8.8.4.4&#34;]},&#34;status&#34;:{&#34;prefix&#34;:&#34;10.0.1.0/24&#34;,&#34;regionId&#34;:&#34;62f35744-1abd-47b8-a850-cfaa03fd3ca6&#34;}},{&#34;metadata&#34;:{&#34;createdBy&#34;:&#34;ca801b39-ed9c-4580-8ae1-87217da48de3&#34;,&#34;creationTime&#34;:&#34;2026-02-11T10:43:28Z&#34;,&#34;description&#34;:&#34;Test network for testing API automation&#34;,&#34;healthStatus&#34;:&#34;unknown&#34;,&#34;id&#34;:&#34;d88fdb92-27ea-4126-8c6a-7033871c8cec&#34;,&#34;name&#34;:&#34;api-automation-network&#34;,&#34;organizationId&#34;:&#34;c72d8d75-efcc-4280-ae87-ca4ccc414c53&#34;,&#34;projectId&#34;:&#34;ca189f71-9180-473e-b88e-5aeb32c5289d&#34;,&#34;provisioningStatus&#34;:&#34;provisioned&#34;},&#34;spec&#34;:{&#34;dnsNameservers&#34;:[&#34;8.8.8.8&#34;,&#34;8.8.4.4&#34;]},&#34;status&#34;:{&#34;prefix&#34;:&#34;10.0.1.0/24&#34;,&#34;regionId&#34;:&#34;62f35744-1abd-47b8-a850-cfaa03fd3ca6&#34;}},{&#34;metadata&#34;:{&#34;createdBy&#34;:&#34;qa-testaccount02@nscale.com&#34;,&#34;creationTime&#34;:&#34;2026-03-03T09:28:08Z&#34;,&#34;healthStatus&#34;:&#34;unknown&#34;,&#34;id&#34;:&#34;ef8dc366-e50b-4b13-9383-3bee3c2bc9a0&#34;,&#34;name&#34;:&#34;pj-cool-network&#34;,&#34;organizationId&#34;:&#34;c72d8d75-efcc-4280-ae87-ca4ccc414c53&#34;,&#34;projectId&#34;:&#34;ca189f71-9180-473e-b88e-5aeb32c5289d&#34;,&#34;provisioningStatus&#34;:&#34;provisioned&#34;},&#34;spec&#34;:{&#34;dnsNameservers&#34;:[]},&#34;status&#34;:{&#34;prefix&#34;:&#34;10.0.1.0/24&#34;,&#34;regionId&#34;:&#34;62f35744-1abd-47b8-a850-cfaa03fd3ca6&#34;}}]&#xA;[GET /api/v2/networks?organizationID=c72d8d75-efcc-4280-ae87-ca4ccc414c53&amp;projectID=ca189f71-9180-473e-b88e-5aeb32c5289d&amp;regionID=62f35744-1abd-47b8-a850-cfaa03fd3ca6] status=200 duration=80.966447ms traceparent=00-32d6a419133d0990868b16dba6c74e71-7b1e3c614bc90519-01&#xA;[GET /api/v2/networks?organizationID=c72d8d75-efcc-4280-ae87-ca4ccc414c53&amp;projectID=ca189f71-9180-473e-b88e-5aeb32c5289d&amp;regionID=62f35744-1abd-47b8-a850-cfaa03fd3ca6] response body: [{&#34;metadata&#34;:{&#34;createdBy&#34;:&#34;f818f846-bd08-4680-bb79-0e0575fc2bbc&#34;,&#34;creationTime&#34;:&#34;2026-05-19T13:04:41Z&#34;,&#34;description&#34;:&#34;Test network for storage attachment&#34;,&#34;healthStatus&#34;:&#34;unknown&#34;,&#34;id&#34;:&#34;cc4e44db-5bde-477c-a5f8-815e6a80e71c&#34;,&#34;name&#34;:&#34;test-attach-network-5jb65x6h&#34;,&#34;organizationId&#34;:&#34;c72d8d75-efcc-4280-ae87-ca4ccc414c53&#34;,&#34;projectId&#34;:&#34;ca189f71-9180-473e-b88e-5aeb32c5289d&#34;,&#34;provisioningStatus&#34;:&#34;provisioning&#34;},&#34;spec&#34;:{&#34;dnsNameservers&#34;:[&#34;8.8.8.8&#34;,&#34;8.8.4.4&#34;]},&#34;status&#34;:{&#34;prefix&#34;:&#34;10.0.1.0/24&#34;,&#34;regionId&#34;:&#34;62f35744-1abd-47b8-a850-cfaa03fd3ca6&#34;}},{&#34;metadata&#34;:{&#34;createdBy&#34;:&#34;ca801b39-ed9c-4580-8ae1-87217da48de3&#34;,&#34;creationTime&#34;:&#34;2026-02-11T10:43:28Z&#34;,&#34;description&#34;:&#34;Test network for testing API automation&#34;,&#34;healthStatus&#34;:&#34;unknown&#34;,&#34;id&#34;:&#34;d88fdb92-27ea-4126-8c6a-7033871c8cec&#34;,&#34;name&#34;:&#34;api-automation-network&#34;,&#34;organizationId&#34;:&#34;c72d8d75-efcc-4280-ae87-ca4ccc414c53&#34;,&#34;projectId&#34;:&#34;ca189f71-9180-473e-b88e-5aeb32c5289d&#34;,&#34;provisioningStatus&#34;:&#34;provisioned&#34;},&#34;spec&#34;:{&#34;dnsNameservers&#34;:[&#34;8.8.8.8&#34;,&#34;8.8.4.4&#34;]},&#34;status&#34;:{&#34;prefix&#34;:&#34;10.0.1.0/24&#34;,&#34;regionId&#34;:&#34;62f35744-1abd-47b8-a850-cfaa03fd3ca6&#34;}},{&#34;metadata&#34;:{&#34;createdBy&#34;:&#34;qa-testaccount02@nscale.com&#34;,&#34;creationTime&#34;:&#34;2026-03-03T09:28:08Z&#34;,&#34;healthStatus&#34;:&#34;unknown&#34;,&#34;id&#34;:&#34;ef8dc366-e50b-4b13-9383-3bee3c2bc9a0&#34;,&#34;name&#34;:&#34;pj-cool-network&#34;,&#34;organizationId&#34;:&#34;c72d8d75-efcc-4280-ae87-ca4ccc414c53&#34;,&#34;projectId&#34;:&#34;ca189f71-9180-473e-b88e-5aeb32c5289d&#34;,&#34;provisioningStatus&#34;:&#34;provisioned&#34;},&#34;spec&#34;:{&#34;dnsNameservers&#34;:[]},&#34;status&#34;:{&#34;prefix&#34;:&#34;10.0.1.0/24&#34;,&#34;regionId&#34;:&#34;62f35744-1abd-47b8-a850-cfaa03fd3ca6&#34;}}]&#xA;[GET /api/v2/networks?organizationID=c72d8d75-efcc-4280-ae87-ca4ccc414c53&amp;projectID=ca189f71-9180-473e-b88e-5aeb32c5289d&amp;regionID=62f35744-1abd-47b8-a850-cfaa03fd3ca6] status=200 duration=79.426529ms traceparent=00-c23cee95620a04a5023e1c40d537f68f-cb717b3a841e9159-01&#xA;[GET /api/v2/networks?organizationID=c72d8d75-efcc-4280-ae87-ca4ccc414c53&amp;projectID=ca189f71-9180-473e-b88e-5aeb32c5289d&amp;regionID=62f35744-1abd-47b8-a850-cfaa03fd3ca6] response body: [{&#34;metadata&#34;:{&#34;createdBy&#34;:&#34;f818f846-bd08-4680-bb79-0e0575fc2bbc&#34;,&#34;creationTime&#34;:&#34;2026-05-19T13:04:41Z&#34;,&#34;description&#34;:&#34;Test network for storage attachment&#34;,&#34;healthStatus&#34;:&#34;unknown&#34;,&#34;id&#34;:&#34;cc4e44db-5bde-477c-a5f8-815e6a80e71c&#34;,&#34;name&#34;:&#34;test-attach-network-5jb65x6h&#34;,&#34;organizationId&#34;:&#34;c72d8d75-efcc-4280-ae87-ca4ccc414c53&#34;,&#34;projectId&#34;:&#34;ca189f71-9180-473e-b88e-5aeb32c5289d&#34;,&#34;provisioningStatus&#34;:&#34;provisioned&#34;},&#34;spec&#34;:{&#34;dnsNameservers&#34;:[&#34;8.8.8.8&#34;,&#34;8.8.4.4&#34;]},&#34;status&#34;:{&#34;prefix&#34;:&#34;10.0.1.0/24&#34;,&#34;regionId&#34;:&#34;62f35744-1abd-47b8-a850-cfaa03fd3ca6&#34;}},{&#34;metadata&#34;:{&#34;createdBy&#34;:&#34;ca801b39-ed9c-4580-8ae1-87217da48de3&#34;,&#34;creationTime&#34;:&#34;2026-02-11T10:43:28Z&#34;,&#34;description&#34;:&#34;Test network for testing API automation&#34;,&#34;healthStatus&#34;:&#34;unknown&#34;,&#34;id&#34;:&#34;d88fdb92-27ea-4126-8c6a-7033871c8cec&#34;,&#34;name&#34;:&#34;api-automation-network&#34;,&#34;organizationId&#34;:&#34;c72d8d75-efcc-4280-ae87-ca4ccc414c53&#34;,&#34;projectId&#34;:&#34;ca189f71-9180-473e-b88e-5aeb32c5289d&#34;,&#34;provisioningStatus&#34;:&#34;provisioned&#34;},&#34;spec&#34;:{&#34;dnsNameservers&#34;:[&#34;8.8.8.8&#34;,&#34;8.8.4.4&#34;]},&#34;status&#34;:{&#34;prefix&#34;:&#34;10.0.1.0/24&#34;,&#34;regionId&#34;:&#34;62f35744-1abd-47b8-a850-cfaa03fd3ca6&#34;}},{&#34;metadata&#34;:{&#34;createdBy&#34;:&#34;qa-testaccount02@nscale.com&#34;,&#34;creationTime&#34;:&#34;2026-03-03T09:28:08Z&#34;,&#34;healthStatus&#34;:&#34;unknown&#34;,&#34;id&#34;:&#34;ef8dc366-e50b-4b13-9383-3bee3c2bc9a0&#34;,&#34;name&#34;:&#34;pj-cool-network&#34;,&#34;organizationId&#34;:&#34;c72d8d75-efcc-4280-ae87-ca4ccc414c53&#34;,&#34;projectId&#34;:&#34;ca189f71-9180-473e-b88e-5aeb32c5289d&#34;,&#34;provisioningStatus&#34;:&#34;provisioned&#34;},&#34;spec&#34;:{&#34;dnsNameservers&#34;:[]},&#34;status&#34;:{&#34;prefix&#34;:&#34;10.0.1.0/24&#34;,&#34;regionId&#34;:&#34;62f35744-1abd-47b8-a850-cfaa03fd3ca6&#34;}}]&#xA;Network provisioned: cc4e44db-5bde-477c-a5f8-815e6a80e71c&#xA;&lt; Exit [It] should create a network for attachment - /home/runner/work/uni-region/uni-region/test/api/suites/filestorage_test.go:335 @ 05/19/26 13:05:01.901 (20.488s)&#xA;</system-err>
          </testcase>
          <testcase name="[It] File Storage Management When managing file storage attachments Given a network and file storage resource should create a file storage resource without attachments" classname="Region API Test Suites" status="passed" time="10.455074541">
              <system-err>&gt; Enter [BeforeEach] TOP-LEVEL - /home/runner/work/uni-region/uni-region/test/api/suites/suite_test.go:58 @ 05/19/26 13:05:01.901&#xA;&lt; Exit [BeforeEach] TOP-LEVEL - /home/runner/work/uni-region/uni-region/test/api/suites/suite_test.go:58 @ 05/19/26 13:05:01.902 (0s)&#xA;&gt; Enter [It] should create a file storage resource without attachments - /home/runner/work/uni-region/uni-region/test/api/suites/filestorage_test.go:378 @ 05/19/26 13:05:01.902&#xA;[GET /api/v2/filestorageclasses?regionID=62f35744-1abd-47b8-a850-cfaa03fd3ca6] status=200 duration=77.589149ms traceparent=00-24421d89daf9ca1b57b3a029f57071b8-b5934fb5696bb89b-01&#xA;[GET /api/v2/filestorageclasses?regionID=62f35744-1abd-47b8-a850-cfaa03fd3ca6] response body: [{&#34;metadata&#34;:{&#34;creationTime&#34;:&#34;2026-01-09T09:25:45Z&#34;,&#34;healthStatus&#34;:&#34;healthy&#34;,&#34;id&#34;:&#34;53ff0ab7-d932-42ba-bd40-a15b33406f0e&#34;,&#34;name&#34;:&#34;standard&#34;,&#34;provisioningStatus&#34;:&#34;provisioned&#34;},&#34;spec&#34;:{&#34;parallelism&#34;:8,&#34;protocols&#34;:[&#34;nfsv3&#34;,&#34;nfsv4&#34;],&#34;regionId&#34;:&#34;62f35744-1abd-47b8-a850-cfaa03fd3ca6&#34;}}]&#xA;[POST /api/v2/filestorage] status=201 duration=216.539347ms traceparent=00-23f02f64710383b5cd9b52c4baea714b-2b0026bc493a0344-01&#xA;[POST /api/v2/filestorage] response body: {&#34;metadata&#34;:{&#34;createdBy&#34;:&#34;f818f846-bd08-4680-bb79-0e0575fc2bbc&#34;,&#34;creationTime&#34;:&#34;2026-05-19T13:05:02Z&#34;,&#34;description&#34;:&#34;Test file storage for attachment lifecycle&#34;,&#34;healthStatus&#34;:&#34;unknown&#34;,&#34;id&#34;:&#34;fc773bd9-3adc-4ef2-b365-e8a7940b2d90&#34;,&#34;name&#34;:&#34;test-attach-storage-b2jdhcfs&#34;,&#34;organizationId&#34;:&#34;c72d8d75-efcc-4280-ae87-ca4ccc414c53&#34;,&#34;projectId&#34;:&#34;ca189f71-9180-473e-b88e-5aeb32c5289d&#34;,&#34;provisioningStatus&#34;:&#34;pending&#34;},&#34;spec&#34;:{&#34;attachments&#34;:{&#34;networkIds&#34;:[]},&#34;sizeGiB&#34;:10,&#34;storageType&#34;:{&#34;NFS&#34;:{&#34;rootSquash&#34;:false}}},&#34;status&#34;:{&#34;regionId&#34;:&#34;62f35744-1abd-47b8-a850-cfaa03fd3ca6&#34;,&#34;storageClassId&#34;:&#34;53ff0ab7-d932-42ba-bd40-a15b33406f0e&#34;}}&#xA;Created file storage for attachment test: test-attach-storage-b2jdhcfs (fc773bd9-3adc-4ef2-b365-e8a7940b2d90)&#xA;[GET /api/v2/filestorage/fc773bd9-3adc-4ef2-b365-e8a7940b2d90] status=200 duration=78.177167ms traceparent=00-a26f2e21be8847421441ba2b14536314-b264d9a9f0cf984d-01&#xA;[GET /api/v2/filestorage/fc773bd9-3adc-4ef2-b365-e8a7940b2d90] response body: {&#34;metadata&#34;:{&#34;createdBy&#34;:&#34;f818f846-bd08-4680-bb79-0e0575fc2bbc&#34;,&#34;creationTime&#34;:&#34;2026-05-19T13:05:02Z&#34;,&#34;description&#34;:&#34;Test file storage for attachment lifecycle&#34;,&#34;healthStatus&#34;:&#34;unknown&#34;,&#34;id&#34;:&#34;fc773bd9-3adc-4ef2-b365-e8a7940b2d90&#34;,&#34;name&#34;:&#34;test-attach-storage-b2jdhcfs&#34;,&#34;organizationId&#34;:&#34;c72d8d75-efcc-4280-ae87-ca4ccc414c53&#34;,&#34;projectId&#34;:&#34;ca189f71-9180-473e-b88e-5aeb32c5289d&#34;,&#34;provisioningStatus&#34;:&#34;pending&#34;},&#34;spec&#34;:{&#34;attachments&#34;:{&#34;networkIds&#34;:[]},&#34;sizeGiB&#34;:10,&#34;storageType&#34;:{&#34;NFS&#34;:{&#34;rootSquash&#34;:false}}},&#34;status&#34;:{&#34;regionId&#34;:&#34;62f35744-1abd-47b8-a850-cfaa03fd3ca6&#34;,&#34;storageClassId&#34;:&#34;53ff0ab7-d932-42ba-bd40-a15b33406f0e&#34;}}&#xA;[GET /api/v2/filestorage/fc773bd9-3adc-4ef2-b365-e8a7940b2d90] status=200 duration=81.044658ms traceparent=00-5fba57e9964ca6b4490e8d91d5b7817a-ee6cebac76dcec24-01&#xA;[GET /api/v2/filestorage/fc773bd9-3adc-4ef2-b365-e8a7940b2d90] response body: {&#34;metadata&#34;:{&#34;createdBy&#34;:&#34;f818f846-bd08-4680-bb79-0e0575fc2bbc&#34;,&#34;creationTime&#34;:&#34;2026-05-19T13:05:02Z&#34;,&#34;description&#34;:&#34;Test file storage for attachment lifecycle&#34;,&#34;healthStatus&#34;:&#34;unknown&#34;,&#34;id&#34;:&#34;fc773bd9-3adc-4ef2-b365-e8a7940b2d90&#34;,&#34;name&#34;:&#34;test-attach-storage-b2jdhcfs&#34;,&#34;organizationId&#34;:&#34;c72d8d75-efcc-4280-ae87-ca4ccc414c53&#34;,&#34;projectId&#34;:&#34;ca189f71-9180-473e-b88e-5aeb32c5289d&#34;,&#34;provisioningStatus&#34;:&#34;provisioned&#34;},&#34;spec&#34;:{&#34;attachments&#34;:{&#34;networkIds&#34;:[]},&#34;sizeGiB&#34;:10,&#34;storageType&#34;:{&#34;NFS&#34;:{&#34;rootSquash&#34;:false}}},&#34;status&#34;:{&#34;regionId&#34;:&#34;62f35744-1abd-47b8-a850-cfaa03fd3ca6&#34;,&#34;storageClassId&#34;:&#34;53ff0ab7-d932-42ba-bd40-a15b33406f0e&#34;,&#34;usage&#34;:{&#34;capacityBytes&#34;:10737418240}}}&#xA;&lt; Exit [It] should create a file storage resource without attachments - /home/runner/work/uni-region/uni-region/test/api/suites/filestorage_test.go:378 @ 05/19/26 13:05:12.357 (10.455s)&#xA;</system-err>
          </testcase>
          <testcase name="[It] File Storage Management When managing file storage attachments Given a network and file storage resource should update file storage to add network attachment" classname="Region API Test Suites" status="passed" time="0.225787028">
              <system-err>&gt; Enter [BeforeEach] TOP-LEVEL - /home/runner/work/uni-region/uni-region/test/api/suites/suite_test.go:58 @ 05/19/26 13:05:12.357&#xA;&lt; Exit [BeforeEach] TOP-LEVEL - /home/runner/work/uni-region/uni-region/test/api/suites/suite_test.go:58 @ 05/19/26 13:05:12.357 (0s)&#xA;&gt; Enter [It] should update file storage to add network attachment - /home/runner/work/uni-region/uni-region/test/api/suites/filestorage_test.go:435 @ 05/19/26 13:05:12.357&#xA;[PUT /api/v2/filestorage/fc773bd9-3adc-4ef2-b365-e8a7940b2d90] status=202 duration=225.560999ms traceparent=00-144a0759526c906193857553381e0bc9-d815d835a52699c5-01&#xA;[PUT /api/v2/filestorage/fc773bd9-3adc-4ef2-b365-e8a7940b2d90] response body: {&#34;metadata&#34;:{&#34;createdBy&#34;:&#34;f818f846-bd08-4680-bb79-0e0575fc2bbc&#34;,&#34;creationTime&#34;:&#34;2026-05-19T13:05:02Z&#34;,&#34;description&#34;:&#34;Test file storage with network attachment&#34;,&#34;healthStatus&#34;:&#34;unknown&#34;,&#34;id&#34;:&#34;fc773bd9-3adc-4ef2-b365-e8a7940b2d90&#34;,&#34;modifiedBy&#34;:&#34;f818f846-bd08-4680-bb79-0e0575fc2bbc&#34;,&#34;modifiedTime&#34;:&#34;2026-05-19T13:05:12Z&#34;,&#34;name&#34;:&#34;test-attach-storage-b2jdhcfs&#34;,&#34;organizationId&#34;:&#34;c72d8d75-efcc-4280-ae87-ca4ccc414c53&#34;,&#34;projectId&#34;:&#34;ca189f71-9180-473e-b88e-5aeb32c5289d&#34;,&#34;provisioningStatus&#34;:&#34;provisioned&#34;},&#34;spec&#34;:{&#34;attachments&#34;:{&#34;networkIds&#34;:[&#34;cc4e44db-5bde-477c-a5f8-815e6a80e71c&#34;]},&#34;sizeGiB&#34;:10,&#34;storageType&#34;:{&#34;NFS&#34;:{&#34;rootSquash&#34;:false}}},&#34;status&#34;:{&#34;attachments&#34;:[{&#34;mountSource&#34;:&#34;10.0.1.16:/uni-stor-ca189f71-9180-473e-b88e-5aeb32c5289d/fc773bd9-3adc-4ef2-b365-e8a7940b2d90&#34;,&#34;networkId&#34;:&#34;cc4e44db-5bde-477c-a5f8-815e6a80e71c&#34;,&#34;provisioningStatus&#34;:&#34;pending&#34;}],&#34;regionId&#34;:&#34;62f35744-1abd-47b8-a850-cfaa03fd3ca6&#34;,&#34;storageClassId&#34;:&#34;53ff0ab7-d932-42ba-bd40-a15b33406f0e&#34;,&#34;usage&#34;:{&#34;capacityBytes&#34;:10737418240}}}&#xA;Updated file storage with network attachment: cc4e44db-5bde-477c-a5f8-815e6a80e71c&#xA;&lt; Exit [It] should update file storage to add network attachment - /home/runner/work/uni-region/uni-region/test/api/suites/filestorage_test.go:435 @ 05/19/26 13:05:12.582 (226ms)&#xA;</system-err>
          </testcase>
          <testcase name="[It] File Storage Management When managing file storage attachments Given a network and file storage resource should verify attachment is available on status with mount info" classname="Region API Test Suites" status="passed" time="0.155928315">
              <system-err>&gt; Enter [BeforeEach] TOP-LEVEL - /home/runner/work/uni-region/uni-region/test/api/suites/suite_test.go:58 @ 05/19/26 13:05:12.582&#xA;&lt; Exit [BeforeEach] TOP-LEVEL - /home/runner/work/uni-region/uni-region/test/api/suites/suite_test.go:58 @ 05/19/26 13:05:12.583 (0s)&#xA;&gt; Enter [It] should verify attachment is available on status with mount info - /home/runner/work/uni-region/uni-region/test/api/suites/filestorage_test.go:465 @ 05/19/26 13:05:12.583&#xA;[GET /api/v2/filestorage/fc773bd9-3adc-4ef2-b365-e8a7940b2d90] status=200 duration=77.925017ms traceparent=00-f05ce58d995d95de91b121981dec929f-f2df33efecef6be0-01&#xA;[GET /api/v2/filestorage/fc773bd9-3adc-4ef2-b365-e8a7940b2d90] response body: {&#34;metadata&#34;:{&#34;createdBy&#34;:&#34;f818f846-bd08-4680-bb79-0e0575fc2bbc&#34;,&#34;creationTime&#34;:&#34;2026-05-19T13:05:02Z&#34;,&#34;description&#34;:&#34;Test file storage with network attachment&#34;,&#34;healthStatus&#34;:&#34;unknown&#34;,&#34;id&#34;:&#34;fc773bd9-3adc-4ef2-b365-e8a7940b2d90&#34;,&#34;modifiedBy&#34;:&#34;f818f846-bd08-4680-bb79-0e0575fc2bbc&#34;,&#34;modifiedTime&#34;:&#34;2026-05-19T13:05:12Z&#34;,&#34;name&#34;:&#34;test-attach-storage-b2jdhcfs&#34;,&#34;organizationId&#34;:&#34;c72d8d75-efcc-4280-ae87-ca4ccc414c53&#34;,&#34;projectId&#34;:&#34;ca189f71-9180-473e-b88e-5aeb32c5289d&#34;,&#34;provisioningStatus&#34;:&#34;provisioned&#34;},&#34;spec&#34;:{&#34;attachments&#34;:{&#34;networkIds&#34;:[&#34;cc4e44db-5bde-477c-a5f8-815e6a80e71c&#34;]},&#34;sizeGiB&#34;:10,&#34;storageType&#34;:{&#34;NFS&#34;:{&#34;rootSquash&#34;:false}}},&#34;status&#34;:{&#34;attachments&#34;:[{&#34;mountSource&#34;:&#34;10.0.1.16:/uni-stor-ca189f71-9180-473e-b88e-5aeb32c5289d/fc773bd9-3adc-4ef2-b365-e8a7940b2d90&#34;,&#34;networkId&#34;:&#34;cc4e44db-5bde-477c-a5f8-815e6a80e71c&#34;,&#34;provisioningStatus&#34;:&#34;pending&#34;}],&#34;regionId&#34;:&#34;62f35744-1abd-47b8-a850-cfaa03fd3ca6&#34;,&#34;storageClassId&#34;:&#34;53ff0ab7-d932-42ba-bd40-a15b33406f0e&#34;,&#34;usage&#34;:{&#34;capacityBytes&#34;:10737418240}}}&#xA;[GET /api/v2/filestorage/fc773bd9-3adc-4ef2-b365-e8a7940b2d90] status=200 duration=77.620844ms traceparent=00-f60ad1a3efa655ffb1f7d1c142341da5-16ab8aea75e30154-01&#xA;[GET /api/v2/filestorage/fc773bd9-3adc-4ef2-b365-e8a7940b2d90] response body: {&#34;metadata&#34;:{&#34;createdBy&#34;:&#34;f818f846-bd08-4680-bb79-0e0575fc2bbc&#34;,&#34;creationTime&#34;:&#34;2026-05-19T13:05:02Z&#34;,&#34;description&#34;:&#34;Test file storage with network attachment&#34;,&#34;healthStatus&#34;:&#34;unknown&#34;,&#34;id&#34;:&#34;fc773bd9-3adc-4ef2-b365-e8a7940b2d90&#34;,&#34;modifiedBy&#34;:&#34;f818f846-bd08-4680-bb79-0e0575fc2bbc&#34;,&#34;modifiedTime&#34;:&#34;2026-05-19T13:05:12Z&#34;,&#34;name&#34;:&#34;test-attach-storage-b2jdhcfs&#34;,&#34;organizationId&#34;:&#34;c72d8d75-efcc-4280-ae87-ca4ccc414c53&#34;,&#34;projectId&#34;:&#34;ca189f71-9180-473e-b88e-5aeb32c5289d&#34;,&#34;provisioningStatus&#34;:&#34;provisioned&#34;},&#34;spec&#34;:{&#34;attachments&#34;:{&#34;networkIds&#34;:[&#34;cc4e44db-5bde-477c-a5f8-815e6a80e71c&#34;]},&#34;sizeGiB&#34;:10,&#34;storageType&#34;:{&#34;NFS&#34;:{&#34;rootSquash&#34;:false}}},&#34;status&#34;:{&#34;attachments&#34;:[{&#34;mountSource&#34;:&#34;10.0.1.16:/uni-stor-ca189f71-9180-473e-b88e-5aeb32c5289d/fc773bd9-3adc-4ef2-b365-e8a7940b2d90&#34;,&#34;networkId&#34;:&#34;cc4e44db-5bde-477c-a5f8-815e6a80e71c&#34;,&#34;provisioningStatus&#34;:&#34;pending&#34;}],&#34;regionId&#34;:&#34;62f35744-1abd-47b8-a850-cfaa03fd3ca6&#34;,&#34;storageClassId&#34;:&#34;53ff0ab7-d932-42ba-bd40-a15b33406f0e&#34;,&#34;usage&#34;:{&#34;capacityBytes&#34;:10737418240}}}&#xA;Attachment verified:&#xA;  Network ID: cc4e44db-5bde-477c-a5f8-815e6a80e71c&#xA;  Mount Source: 10.0.1.16:/uni-stor-ca189f71-9180-473e-b88e-5aeb32c5289d/fc773bd9-3adc-4ef2-b365-e8a7940b2d90&#xA;  Attachment Status: pending (may be &#39;unknown&#39; - acceptable)&#xA;  Storage Status: provisioned&#xA;&lt; Exit [It] should verify attachment is available on status with mount info - /home/runner/work/uni-region/uni-region/test/api/suites/filestorage_test.go:465 @ 05/19/26 13:05:12.738 (156ms)&#xA;</system-err>
          </testcase>
          <testcase name="[It] File Storage Management When managing file storage attachments Given a network and file storage resource should remove network attachment from file storage" classname="Region API Test Suites" status="passed" time="0.273103925">
              <system-err>&gt; Enter [BeforeEach] TOP-LEVEL - /home/runner/work/uni-region/uni-region/test/api/suites/suite_test.go:58 @ 05/19/26 13:05:12.739&#xA;&lt; Exit [BeforeEach] TOP-LEVEL - /home/runner/work/uni-region/uni-region/test/api/suites/suite_test.go:58 @ 05/19/26 13:05:12.739 (0s)&#xA;&gt; Enter [It] should remove network attachment from file storage - /home/runner/work/uni-region/uni-region/test/api/suites/filestorage_test.go:519 @ 05/19/26 13:05:12.739&#xA;[PUT /api/v2/filestorage/fc773bd9-3adc-4ef2-b365-e8a7940b2d90] status=202 duration=195.013045ms traceparent=00-7417abe662872870a1dc19a0edd15246-2a086a6982724b2e-01&#xA;[PUT /api/v2/filestorage/fc773bd9-3adc-4ef2-b365-e8a7940b2d90] response body: {&#34;metadata&#34;:{&#34;createdBy&#34;:&#34;f818f846-bd08-4680-bb79-0e0575fc2bbc&#34;,&#34;creationTime&#34;:&#34;2026-05-19T13:05:02Z&#34;,&#34;description&#34;:&#34;Test file storage with attachment removed&#34;,&#34;healthStatus&#34;:&#34;unknown&#34;,&#34;id&#34;:&#34;fc773bd9-3adc-4ef2-b365-e8a7940b2d90&#34;,&#34;modifiedBy&#34;:&#34;f818f846-bd08-4680-bb79-0e0575fc2bbc&#34;,&#34;modifiedTime&#34;:&#34;2026-05-19T13:05:12Z&#34;,&#34;name&#34;:&#34;test-attach-storage-b2jdhcfs&#34;,&#34;organizationId&#34;:&#34;c72d8d75-efcc-4280-ae87-ca4ccc414c53&#34;,&#34;projectId&#34;:&#34;ca189f71-9180-473e-b88e-5aeb32c5289d&#34;,&#34;provisioningStatus&#34;:&#34;provisioned&#34;},&#34;spec&#34;:{&#34;attachments&#34;:{&#34;networkIds&#34;:[]},&#34;sizeGiB&#34;:10,&#34;storageType&#34;:{&#34;NFS&#34;:{&#34;rootSquash&#34;:false}}},&#34;status&#34;:{&#34;regionId&#34;:&#34;62f35744-1abd-47b8-a850-cfaa03fd3ca6&#34;,&#34;storageClassId&#34;:&#34;53ff0ab7-d932-42ba-bd40-a15b33406f0e&#34;,&#34;usage&#34;:{&#34;capacityBytes&#34;:10737418240}}}&#xA;Removed network attachment from file storage: fc773bd9-3adc-4ef2-b365-e8a7940b2d90&#xA;[GET /api/v2/filestorage/fc773bd9-3adc-4ef2-b365-e8a7940b2d90] status=200 duration=77.653593ms traceparent=00-0217847a1cf2548322f0ed0da847ad42-9e1f79da99edfabc-01&#xA;[GET /api/v2/filestorage/fc773bd9-3adc-4ef2-b365-e8a7940b2d90] response body: {&#34;metadata&#34;:{&#34;createdBy&#34;:&#34;f818f846-bd08-4680-bb79-0e0575fc2bbc&#34;,&#34;creationTime&#34;:&#34;2026-05-19T13:05:02Z&#34;,&#34;description&#34;:&#34;Test file storage with attachment removed&#34;,&#34;healthStatus&#34;:&#34;unknown&#34;,&#34;id&#34;:&#34;fc773bd9-3adc-4ef2-b365-e8a7940b2d90&#34;,&#34;modifiedBy&#34;:&#34;f818f846-bd08-4680-bb79-0e0575fc2bbc&#34;,&#34;modifiedTime&#34;:&#34;2026-05-19T13:05:12Z&#34;,&#34;name&#34;:&#34;test-attach-storage-b2jdhcfs&#34;,&#34;organizationId&#34;:&#34;c72d8d75-efcc-4280-ae87-ca4ccc414c53&#34;,&#34;projectId&#34;:&#34;ca189f71-9180-473e-b88e-5aeb32c5289d&#34;,&#34;provisioningStatus&#34;:&#34;provisioned&#34;},&#34;spec&#34;:{&#34;attachments&#34;:{&#34;networkIds&#34;:[]},&#34;sizeGiB&#34;:10,&#34;storageType&#34;:{&#34;NFS&#34;:{&#34;rootSquash&#34;:false}}},&#34;status&#34;:{&#34;regionId&#34;:&#34;62f35744-1abd-47b8-a850-cfaa03fd3ca6&#34;,&#34;storageClassId&#34;:&#34;53ff0ab7-d932-42ba-bd40-a15b33406f0e&#34;,&#34;usage&#34;:{&#34;capacityBytes&#34;:10737418240}}}&#xA;Confirmed attachment removed from status&#xA;&lt; Exit [It] should remove network attachment from file storage - /home/runner/work/uni-region/uni-region/test/api/suites/filestorage_test.go:519 @ 05/19/26 13:05:13.012 (273ms)&#xA;</system-err>
          </testcase>
          <testcase name="[It] File Storage Management When managing file storage attachments Given a network and file storage resource should delete the file storage resource after detachment" classname="Region API Test Suites" status="passed" time="25.609236671">
              <system-err>&gt; Enter [BeforeEach] TOP-LEVEL - /home/runner/work/uni-region/uni-region/test/api/suites/suite_test.go:58 @ 05/19/26 13:05:13.012&#xA;&lt; Exit [BeforeEach] TOP-LEVEL - /home/runner/work/uni-region/uni-region/test/api/suites/suite_test.go:58 @ 05/19/26 13:05:13.012 (0s)&#xA;&gt; Enter [It] should delete the file storage resource after detachment - /home/runner/work/uni-region/uni-region/test/api/suites/filestorage_test.go:564 @ 05/19/26 13:05:13.012&#xA;[DELETE /api/v2/filestorage/fc773bd9-3adc-4ef2-b365-e8a7940b2d90] status=202 duration=113.949035ms traceparent=00-421c6876a644e72dacace142646579fb-08f822d3e0f4bd82-01&#xA;Deleted file storage: fc773bd9-3adc-4ef2-b365-e8a7940b2d90&#xA;[GET /api/v2/filestorage/fc773bd9-3adc-4ef2-b365-e8a7940b2d90] status=200 duration=78.111508ms traceparent=00-18617350714760504e310822cf1a23cd-ff68cc4e77770134-01&#xA;[GET /api/v2/filestorage/fc773bd9-3adc-4ef2-b365-e8a7940b2d90] response body: {&#34;metadata&#34;:{&#34;createdBy&#34;:&#34;f818f846-bd08-4680-bb79-0e0575fc2bbc&#34;,&#34;creationTime&#34;:&#34;2026-05-19T13:05:02Z&#34;,&#34;deletionTime&#34;:&#34;2026-05-19T13:05:13Z&#34;,&#34;description&#34;:&#34;Test file storage with attachment removed&#34;,&#34;healthStatus&#34;:&#34;unknown&#34;,&#34;id&#34;:&#34;fc773bd9-3adc-4ef2-b365-e8a7940b2d90&#34;,&#34;modifiedBy&#34;:&#34;f818f846-bd08-4680-bb79-0e0575fc2bbc&#34;,&#34;modifiedTime&#34;:&#34;2026-05-19T13:05:12Z&#34;,&#34;name&#34;:&#34;test-attach-storage-b2jdhcfs&#34;,&#34;organizationId&#34;:&#34;c72d8d75-efcc-4280-ae87-ca4ccc414c53&#34;,&#34;projectId&#34;:&#34;ca189f71-9180-473e-b88e-5aeb32c5289d&#34;,&#34;provisioningStatus&#34;:&#34;deprovisioning&#34;},&#34;spec&#34;:{&#34;attachments&#34;:{&#34;networkIds&#34;:[]},&#34;sizeGiB&#34;:10,&#34;storageType&#34;:{&#34;NFS&#34;:{&#34;rootSquash&#34;:false}}},&#34;status&#34;:{&#34;regionId&#34;:&#34;62f35744-1abd-47b8-a850-cfaa03fd3ca6&#34;,&#34;storageClassId&#34;:&#34;53ff0ab7-d932-42ba-bd40-a15b33406f0e&#34;,&#34;usage&#34;:{&#34;capacityBytes&#34;:10737418240}}}&#xA;[GET /api/v2/filestorage/fc773bd9-3adc-4ef2-b365-e8a7940b2d90] status=200 duration=79.143683ms traceparent=00-7fef271fb192e451893b9bfa3386fb22-b43dc0d73033297c-01&#xA;[GET /api/v2/filestorage/fc773bd9-3adc-4ef2-b365-e8a7940b2d90] response body: {&#34;metadata&#34;:{&#34;createdBy&#34;:&#34;f818f846-bd08-4680-bb79-0e0575fc2bbc&#34;,&#34;creationTime&#34;:&#34;2026-05-19T13:05:02Z&#34;,&#34;deletionTime&#34;:&#34;2026-05-19T13:05:13Z&#34;,&#34;description&#34;:&#34;Test file storage with attachment removed&#34;,&#34;healthStatus&#34;:&#34;unknown&#34;,&#34;id&#34;:&#34;fc773bd9-3adc-4ef2-b365-e8a7940b2d90&#34;,&#34;modifiedBy&#34;:&#34;f818f846-bd08-4680-bb79-0e0575fc2bbc&#34;,&#34;modifiedTime&#34;:&#34;2026-05-19T13:05:12Z&#34;,&#34;name&#34;:&#34;test-attach-storage-b2jdhcfs&#34;,&#34;organizationId&#34;:&#34;c72d8d75-efcc-4280-ae87-ca4ccc414c53&#34;,&#34;projectId&#34;:&#34;ca189f71-9180-473e-b88e-5aeb32c5289d&#34;,&#34;provisioningStatus&#34;:&#34;deprovisioning&#34;},&#34;spec&#34;:{&#34;attachments&#34;:{&#34;networkIds&#34;:[]},&#34;sizeGiB&#34;:10,&#34;storageType&#34;:{&#34;NFS&#34;:{&#34;rootSquash&#34;:false}}},&#34;status&#34;:{&#34;regionId&#34;:&#34;62f35744-1abd-47b8-a850-cfaa03fd3ca6&#34;,&#34;storageClassId&#34;:&#34;53ff0ab7-d932-42ba-bd40-a15b33406f0e&#34;,&#34;usage&#34;:{&#34;capacityBytes&#34;:10737418240,&#34;updatedAt&#34;:&#34;2026-05-19T13:05:14Z&#34;,&#34;usedBytes&#34;:0}}}&#xA;[GET /api/v2/filestorage/fc773bd9-3adc-4ef2-b365-e8a7940b2d90] status=200 duration=86.987218ms traceparent=00-fc592e932407c6b1896c3b6561283989-159a4fa9871813f8-01&#xA;[GET /api/v2/filestorage/fc773bd9-3adc-4ef2-b365-e8a7940b2d90] response body: {&#34;metadata&#34;:{&#34;createdBy&#34;:&#34;f818f846-bd08-4680-bb79-0e0575fc2bbc&#34;,&#34;creationTime&#34;:&#34;2026-05-19T13:05:02Z&#34;,&#34;deletionTime&#34;:&#34;2026-05-19T13:05:13Z&#34;,&#34;description&#34;:&#34;Test file storage with attachment removed&#34;,&#34;healthStatus&#34;:&#34;unknown&#34;,&#34;id&#34;:&#34;fc773bd9-3adc-4ef2-b365-e8a7940b2d90&#34;,&#34;modifiedBy&#34;:&#34;f818f846-bd08-4680-bb79-0e0575fc2bbc&#34;,&#34;modifiedTime&#34;:&#34;2026-05-19T13:05:12Z&#34;,&#34;name&#34;:&#34;test-attach-storage-b2jdhcfs&#34;,&#34;organizationId&#34;:&#34;c72d8d75-efcc-4280-ae87-ca4ccc414c53&#34;,&#34;projectId&#34;:&#34;ca189f71-9180-473e-b88e-5aeb32c5289d&#34;,&#34;provisioningStatus&#34;:&#34;deprovisioning&#34;},&#34;spec&#34;:{&#34;attachments&#34;:{&#34;networkIds&#34;:[]},&#34;sizeGiB&#34;:10,&#34;storageType&#34;:{&#34;NFS&#34;:{&#34;rootSquash&#34;:false}}},&#34;status&#34;:{&#34;regionId&#34;:&#34;62f35744-1abd-47b8-a850-cfaa03fd3ca6&#34;,&#34;storageClassId&#34;:&#34;53ff0ab7-d932-42ba-bd40-a15b33406f0e&#34;,&#34;usage&#34;:{&#34;capacityBytes&#34;:10737418240,&#34;updatedAt&#34;:&#34;2026-05-19T13:05:14Z&#34;,&#34;usedBytes&#34;:0}}}&#xA;[GET /api/v2/filestorage/fc773bd9-3adc-4ef2-b365-e8a7940b2d90] status=200 duration=79.260978ms traceparent=00-d54d6cc263633e07412737b101b4c8c0-ddab7da2a1148aa8-01&#xA;[GET /api/v2/filestorage/fc773bd9-3adc-4ef2-b365-e8a7940b2d90] response body: {&#34;metadata&#34;:{&#34;createdBy&#34;:&#34;f818f846-bd08-4680-bb79-0e0575fc2bbc&#34;,&#34;creationTime&#34;:&#34;2026-05-19T13:05:02Z&#34;,&#34;deletionTime&#34;:&#34;2026-05-19T13:05:13Z&#34;,&#34;description&#34;:&#34;Test file storage with attachment removed&#34;,&#34;healthStatus&#34;:&#34;unknown&#34;,&#34;id&#34;:&#34;fc773bd9-3adc-4ef2-b365-e8a7940b2d90&#34;,&#34;modifiedBy&#34;:&#34;f818f846-bd08-4680-bb79-0e0575fc2bbc&#34;,&#34;modifiedTime&#34;:&#34;2026-05-19T13:05:12Z&#34;,&#34;name&#34;:&#34;test-attach-storage-b2jdhcfs&#34;,&#34;organizationId&#34;:&#34;c72d8d75-efcc-4280-ae87-ca4ccc414c53&#34;,&#34;projectId&#34;:&#34;ca189f71-9180-473e-b88e-5aeb32c5289d&#34;,&#34;provisioningStatus&#34;:&#34;deprovisioning&#34;},&#34;spec&#34;:{&#34;attachments&#34;:{&#34;networkIds&#34;:[]},&#34;sizeGiB&#34;:10,&#34;storageType&#34;:{&#34;NFS&#34;:{&#34;rootSquash&#34;:false}}},&#34;status&#34;:{&#34;regionId&#34;:&#34;62f35744-1abd-47b8-a850-cfaa03fd3ca6&#34;,&#34;storageClassId&#34;:&#34;53ff0ab7-d932-42ba-bd40-a15b33406f0e&#34;,&#34;usage&#34;:{&#34;capacityBytes&#34;:10737418240,&#34;updatedAt&#34;:&#34;2026-05-19T13:05:14Z&#34;,&#34;usedBytes&#34;:0}}}&#xA;[GET /api/v2/filestorage/fc773bd9-3adc-4ef2-b365-e8a7940b2d90] status=200 duration=79.234759ms traceparent=00-48c4e826a160aded78355cf30b38add4-97b8eea0ceef134f-01&#xA;[GET /api/v2/filestorage/fc773bd9-3adc-4ef2-b365-e8a7940b2d90] response body: {&#34;metadata&#34;:{&#34;createdBy&#34;:&#34;f818f846-bd08-4680-bb79-0e0575fc2bbc&#34;,&#34;creationTime&#34;:&#34;2026-05-19T13:05:02Z&#34;,&#34;deletionTime&#34;:&#34;2026-05-19T13:05:13Z&#34;,&#34;description&#34;:&#34;Test file storage with attachment removed&#34;,&#34;healthStatus&#34;:&#34;unknown&#34;,&#34;id&#34;:&#34;fc773bd9-3adc-4ef2-b365-e8a7940b2d90&#34;,&#34;modifiedBy&#34;:&#34;f818f846-bd08-4680-bb79-0e0575fc2bbc&#34;,&#34;modifiedTime&#34;:&#34;2026-05-19T13:05:12Z&#34;,&#34;name&#34;:&#34;test-attach-storage-b2jdhcfs&#34;,&#34;organizationId&#34;:&#34;c72d8d75-efcc-4280-ae87-ca4ccc414c53&#34;,&#34;projectId&#34;:&#34;ca189f71-9180-473e-b88e-5aeb32c5289d&#34;,&#34;provisioningStatus&#34;:&#34;deprovisioning&#34;},&#34;spec&#34;:{&#34;attachments&#34;:{&#34;networkIds&#34;:[]},&#34;sizeGiB&#34;:10,&#34;storageType&#34;:{&#34;NFS&#34;:{&#34;rootSquash&#34;:false}}},&#34;status&#34;:{&#34;regionId&#34;:&#34;62f35744-1abd-47b8-a850-cfaa03fd3ca6&#34;,&#34;storageClassId&#34;:&#34;53ff0ab7-d932-42ba-bd40-a15b33406f0e&#34;,&#34;usage&#34;:{&#34;capacityBytes&#34;:10737418240,&#34;updatedAt&#34;:&#34;2026-05-19T13:05:14Z&#34;,&#34;usedBytes&#34;:0}}}&#xA;[GET /api/v2/filestorage/fc773bd9-3adc-4ef2-b365-e8a7940b2d90] status=404 duration=78.707795ms traceparent=00-160cd5dda715b9b8ca1694cc50c3e8b8-1ff2c47f83e99eb1-01&#xA;[GET /api/v2/filestorage/fc773bd9-3adc-4ef2-b365-e8a7940b2d90] response body: {&#34;error&#34;:&#34;not_found&#34;,&#34;error_description&#34;:&#34;resource not found&#34;,&#34;trace_id&#34;:&#34;160cd5dda715b9b8ca1694cc50c3e8b8&#34;}&#xA;[GET /api/v2/filestorage/fc773bd9-3adc-4ef2-b365-e8a7940b2d90] UNEXPECTED STATUS expected=200 got=404 body={&#34;error&#34;:&#34;not_found&#34;,&#34;error_description&#34;:&#34;resource not found&#34;,&#34;trace_id&#34;:&#34;160cd5dda715b9b8ca1694cc50c3e8b8&#34;} traceID=160cd5dda715b9b8ca1694cc50c3e8b8 spanID=1ff2c47f83e99eb1&#xA;TRACE CONTEXT: Use traceID=160cd5dda715b9b8ca1694cc50c3e8b8 spanID=1ff2c47f83e99eb1 to search logs for this request&#xA;Confirmed file storage deleted: fc773bd9-3adc-4ef2-b365-e8a7940b2d90&#xA;&lt; Exit [It] should delete the file storage resource after detachment - /home/runner/work/uni-region/uni-region/test/api/suites/filestorage_test.go:564 @ 05/19/26 13:05:38.621 (25.609s)&#xA;</system-err>
          </testcase>
          <testcase name="[It] File Storage Management When managing file storage attachments Given a network and file storage resource should delete the network resource" classname="Region API Test Suites" status="passed" time="5.276554452">
              <system-err>&gt; Enter [BeforeEach] TOP-LEVEL - /home/runner/work/uni-region/uni-region/test/api/suites/suite_test.go:58 @ 05/19/26 13:05:38.621&#xA;&lt; Exit [BeforeEach] TOP-LEVEL - /home/runner/work/uni-region/uni-region/test/api/suites/suite_test.go:58 @ 05/19/26 13:05:38.621 (0s)&#xA;&gt; Enter [It] should delete the network resource - /home/runner/work/uni-region/uni-region/test/api/suites/filestorage_test.go:586 @ 05/19/26 13:05:38.621&#xA;[DELETE /api/v2/networks/cc4e44db-5bde-477c-a5f8-815e6a80e71c] status=202 duration=117.93645ms traceparent=00-884bfa027196e65d282326108c45d2ff-fea1ba12d07ce760-01&#xA;Deleted network: cc4e44db-5bde-477c-a5f8-815e6a80e71c&#xA;[GET /api/v2/networks?organizationID=c72d8d75-efcc-4280-ae87-ca4ccc414c53&amp;projectID=ca189f71-9180-473e-b88e-5aeb32c5289d&amp;regionID=62f35744-1abd-47b8-a850-cfaa03fd3ca6] status=200 duration=78.633672ms traceparent=00-cffff04d7bc468d9a42aca2691e08af0-3eb667713b8ce1b3-01&#xA;[GET /api/v2/networks?organizationID=c72d8d75-efcc-4280-ae87-ca4ccc414c53&amp;projectID=ca189f71-9180-473e-b88e-5aeb32c5289d&amp;regionID=62f35744-1abd-47b8-a850-cfaa03fd3ca6] response body: [{&#34;metadata&#34;:{&#34;createdBy&#34;:&#34;f818f846-bd08-4680-bb79-0e0575fc2bbc&#34;,&#34;creationTime&#34;:&#34;2026-05-19T13:04:41Z&#34;,&#34;description&#34;:&#34;Test network for storage attachment&#34;,&#34;healthStatus&#34;:&#34;unknown&#34;,&#34;id&#34;:&#34;cc4e44db-5bde-477c-a5f8-815e6a80e71c&#34;,&#34;name&#34;:&#34;test-attach-network-5jb65x6h&#34;,&#34;organizationId&#34;:&#34;c72d8d75-efcc-4280-ae87-ca4ccc414c53&#34;,&#34;projectId&#34;:&#34;ca189f71-9180-473e-b88e-5aeb32c5289d&#34;,&#34;provisioningStatus&#34;:&#34;provisioned&#34;},&#34;spec&#34;:{&#34;dnsNameservers&#34;:[&#34;8.8.8.8&#34;,&#34;8.8.4.4&#34;]},&#34;status&#34;:{&#34;prefix&#34;:&#34;10.0.1.0/24&#34;,&#34;regionId&#34;:&#34;62f35744-1abd-47b8-a850-cfaa03fd3ca6&#34;}},{&#34;metadata&#34;:{&#34;createdBy&#34;:&#34;ca801b39-ed9c-4580-8ae1-87217da48de3&#34;,&#34;creationTime&#34;:&#34;2026-02-11T10:43:28Z&#34;,&#34;description&#34;:&#34;Test network for testing API automation&#34;,&#34;healthStatus&#34;:&#34;unknown&#34;,&#34;id&#34;:&#34;d88fdb92-27ea-4126-8c6a-7033871c8cec&#34;,&#34;name&#34;:&#34;api-automation-network&#34;,&#34;organizationId&#34;:&#34;c72d8d75-efcc-4280-ae87-ca4ccc414c53&#34;,&#34;projectId&#34;:&#34;ca189f71-9180-473e-b88e-5aeb32c5289d&#34;,&#34;provisioningStatus&#34;:&#34;provisioned&#34;},&#34;spec&#34;:{&#34;dnsNameservers&#34;:[&#34;8.8.8.8&#34;,&#34;8.8.4.4&#34;]},&#34;status&#34;:{&#34;prefix&#34;:&#34;10.0.1.0/24&#34;,&#34;regionId&#34;:&#34;62f35744-1abd-47b8-a850-cfaa03fd3ca6&#34;}},{&#34;metadata&#34;:{&#34;createdBy&#34;:&#34;qa-testaccount02@nscale.com&#34;,&#34;creationTime&#34;:&#34;2026-03-03T09:28:08Z&#34;,&#34;healthStatus&#34;:&#34;unknown&#34;,&#34;id&#34;:&#34;ef8dc366-e50b-4b13-9383-3bee3c2bc9a0&#34;,&#34;name&#34;:&#34;pj-cool-network&#34;,&#34;organizationId&#34;:&#34;c72d8d75-efcc-4280-ae87-ca4ccc414c53&#34;,&#34;projectId&#34;:&#34;ca189f71-9180-473e-b88e-5aeb32c5289d&#34;,&#34;provisioningStatus&#34;:&#34;provisioned&#34;},&#34;spec&#34;:{&#34;dnsNameservers&#34;:[]},&#34;status&#34;:{&#34;prefix&#34;:&#34;10.0.1.0/24&#34;,&#34;regionId&#34;:&#34;62f35744-1abd-47b8-a850-cfaa03fd3ca6&#34;}}]&#xA;[GET /api/v2/networks?organizationID=c72d8d75-efcc-4280-ae87-ca4ccc414c53&amp;projectID=ca189f71-9180-473e-b88e-5aeb32c5289d&amp;regionID=62f35744-1abd-47b8-a850-cfaa03fd3ca6] status=200 duration=79.079085ms traceparent=00-d445c8a94debed9332f50176a6cea5d0-fc7b87961ce2214d-01&#xA;[GET /api/v2/networks?organizationID=c72d8d75-efcc-4280-ae87-ca4ccc414c53&amp;projectID=ca189f71-9180-473e-b88e-5aeb32c5289d&amp;regionID=62f35744-1abd-47b8-a850-cfaa03fd3ca6] response body: [{&#34;metadata&#34;:{&#34;createdBy&#34;:&#34;ca801b39-ed9c-4580-8ae1-87217da48de3&#34;,&#34;creationTime&#34;:&#34;2026-02-11T10:43:28Z&#34;,&#34;description&#34;:&#34;Test network for testing API automation&#34;,&#34;healthStatus&#34;:&#34;unknown&#34;,&#34;id&#34;:&#34;d88fdb92-27ea-4126-8c6a-7033871c8cec&#34;,&#34;name&#34;:&#34;api-automation-network&#34;,&#34;organizationId&#34;:&#34;c72d8d75-efcc-4280-ae87-ca4ccc414c53&#34;,&#34;projectId&#34;:&#34;ca189f71-9180-473e-b88e-5aeb32c5289d&#34;,&#34;provisioningStatus&#34;:&#34;provisioned&#34;},&#34;spec&#34;:{&#34;dnsNameservers&#34;:[&#34;8.8.8.8&#34;,&#34;8.8.4.4&#34;]},&#34;status&#34;:{&#34;prefix&#34;:&#34;10.0.1.0/24&#34;,&#34;regionId&#34;:&#34;62f35744-1abd-47b8-a850-cfaa03fd3ca6&#34;}},{&#34;metadata&#34;:{&#34;createdBy&#34;:&#34;qa-testaccount02@nscale.com&#34;,&#34;creationTime&#34;:&#34;2026-03-03T09:28:08Z&#34;,&#34;healthStatus&#34;:&#34;unknown&#34;,&#34;id&#34;:&#34;ef8dc366-e50b-4b13-9383-3bee3c2bc9a0&#34;,&#34;name&#34;:&#34;pj-cool-network&#34;,&#34;organizationId&#34;:&#34;c72d8d75-efcc-4280-ae87-ca4ccc414c53&#34;,&#34;projectId&#34;:&#34;ca189f71-9180-473e-b88e-5aeb32c5289d&#34;,&#34;provisioningStatus&#34;:&#34;provisioned&#34;},&#34;spec&#34;:{&#34;dnsNameservers&#34;:[]},&#34;status&#34;:{&#34;prefix&#34;:&#34;10.0.1.0/24&#34;,&#34;regionId&#34;:&#34;62f35744-1abd-47b8-a850-cfaa03fd3ca6&#34;}}]&#xA;Confirmed network deleted: cc4e44db-5bde-477c-a5f8-815e6a80e71c&#xA;&lt; Exit [It] should delete the network resource - /home/runner/work/uni-region/uni-region/test/api/suites/filestorage_test.go:586 @ 05/19/26 13:05:43.898 (5.276s)&#xA;&gt; Enter [AfterAll] When managing file storage attachments - /home/runner/work/uni-region/uni-region/test/api/suites/filestorage_test.go:617 @ 05/19/26 13:05:43.898&#xA;&lt; Exit [AfterAll] When managing file storage attachments - /home/runner/work/uni-region/uni-region/test/api/suites/filestorage_test.go:617 @ 05/19/26 13:05:43.898 (0s)&#xA;</system-err>
          </testcase>
          <testcase name="[It] Region Discovery When listing regions Given valid organization access should return all available regions" classname="Region API Test Suites" status="skipped" time="0">
              <skipped message="skipped"></skipped>
          </testcase>
          <testcase name="[It] Region Discovery When listing regions Given invalid parameters should reject requests with empty organization ID" classname="Region API Test Suites" status="skipped" time="0">
              <skipped message="skipped"></skipped>
          </testcase>
          <testcase name="[It] Region Discovery When listing regions Given invalid parameters should reject requests with invalid organization ID format" classname="Region API Test Suites" status="skipped" time="0">
              <skipped message="skipped"></skipped>
          </testcase>
          <testcase name="[It] Region Discovery When listing regions Given the region is private to the requesting organization should be visible to the owning organization" classname="Region API Test Suites" status="skipped" time="0">
              <skipped message="skipped"></skipped>
          </testcase>
          <testcase name="[It] Region Discovery When listing regions Given the region is private to a different organization should not be visible to other organizations" classname="Region API Test Suites" status="skipped" time="0">
              <skipped message="skipped"></skipped>
          </testcase>
          <testcase name="[It] SecurityGroup When managing security groups Given a network fixture and valid configuration should create a security group with correct response fields" classname="Region API Test Suites" status="skipped" time="0">
              <skipped message="skipped"></skipped>
          </testcase>
          <testcase name="[It] SecurityGroup When managing security groups Given a network fixture and valid configuration should appear in the list filtered by org, project and region" classname="Region API Test Suites" status="skipped" time="0">
              <skipped message="skipped"></skipped>
          </testcase>
          <testcase name="[It] SecurityGroup When managing security groups Given a network fixture and valid configuration should update rules and verify the change persists on re-GET" classname="Region API Test Suites" status="skipped" time="0">
              <skipped message="skipped"></skipped>
          </testcase>
          <testcase name="[It] SecurityGroup When managing security groups Given a network fixture and valid configuration should delete the security group and confirm it is no longer found" classname="Region API Test Suites" status="skipped" time="0">
              <skipped message="skipped"></skipped>
          </testcase>
          <testcase name="[It] SecurityGroup When getting a non-existent security group Given a non-existent security group ID should return not found" classname="Region API Test Suites" status="skipped" time="0">
              <skipped message="skipped"></skipped>
          </testcase>
      </testsuite>
  </testsuites>