<?xml version="1.0" encoding="UTF-8"?>
  <testsuites tests="43" disabled="0" errors="0" failures="1" time="2328.610969413">
      <testsuite name="API Test Suites" package="/home/runner/work/uni-compute/uni-compute/test/api/suites" tests="43" disabled="0" skipped="0" errors="0" failures="1" time="2328.610969413" timestamp="2026-05-19T07:10:11">
          <properties>
              <property name="SuiteSucceeded" value="false"></property>
              <property name="SuiteHasProgrammaticFocus" value="false"></property>
              <property name="SpecialSuiteFailureReason" value=""></property>
              <property name="SuiteLabels" value="[]"></property>
              <property name="RandomSeed" value="1779174599"></property>
              <property name="RandomizeAllSpecs" value="false"></property>
              <property name="LabelFilter" value=""></property>
              <property name="FocusStrings" value=""></property>
              <property name="SkipStrings" value=""></property>
              <property name="FocusFiles" value=""></property>
              <property name="SkipFiles" value=""></property>
              <property name="FailOnPending" value="false"></property>
              <property name="FailOnEmpty" value="false"></property>
              <property name="FailFast" value="false"></property>
              <property name="FlakeAttempts" value="0"></property>
              <property name="DryRun" value="false"></property>
              <property name="ParallelTotal" value="1"></property>
              <property name="OutputInterceptorMode" value=""></property>
          </properties>
          <testcase name="[It] SSH Integration should connect over SSH using the instance private key" classname="API Test Suites" status="passed" time="94.333935642">
              <system-err>&gt; Enter [BeforeEach] TOP-LEVEL - /home/runner/work/uni-compute/uni-compute/test/api/suites/suite_test.go:39 @ 05/19/26 07:10:11.195&#xA;&lt; Exit [BeforeEach] TOP-LEVEL - /home/runner/work/uni-compute/uni-compute/test/api/suites/suite_test.go:39 @ 05/19/26 07:10:11.196 (1ms)&#xA;&gt; Enter [BeforeEach] SSH Integration - /home/runner/work/uni-compute/uni-compute/test/api/suites/ssh_test.go:43 @ 05/19/26 07:10:11.196&#xA;&lt; Exit [BeforeEach] SSH Integration - /home/runner/work/uni-compute/uni-compute/test/api/suites/ssh_test.go:43 @ 05/19/26 07:10:11.196 (0s)&#xA;&gt; Enter [It] should connect over SSH using the instance private key - /home/runner/work/uni-compute/uni-compute/test/api/suites/ssh_test.go:53 @ 05/19/26 07:10:11.196&#xA;Created instance with ID: ec4fd6e2-c019-45ee-9427-914f681b1ca1&#xA;Instance ec4fd6e2-c019-45ee-9427-914f681b1ca1 power state: Pending (waiting for Running)&#xA;Instance ec4fd6e2-c019-45ee-9427-914f681b1ca1 power state: Pending (waiting for Running)&#xA;Instance ec4fd6e2-c019-45ee-9427-914f681b1ca1 power state: Pending (waiting for Running)&#xA;Instance ec4fd6e2-c019-45ee-9427-914f681b1ca1 power state: Pending (waiting for Running)&#xA;Instance ec4fd6e2-c019-45ee-9427-914f681b1ca1 power state: Pending (waiting for Running)&#xA;Instance ec4fd6e2-c019-45ee-9427-914f681b1ca1 power state: Pending (waiting for Running)&#xA;Instance ec4fd6e2-c019-45ee-9427-914f681b1ca1 power state: Pending (waiting for Running)&#xA;Instance ec4fd6e2-c019-45ee-9427-914f681b1ca1 power state: Running (waiting for Running)&#xA;Instance ec4fd6e2-c019-45ee-9427-914f681b1ca1 is running&#xA;Instance ec4fd6e2-c019-45ee-9427-914f681b1ca1 network identity ready: private IP=10.0.3.141, MAC=fa:16:3e:fd:a5:75, public IP=193.143.123.202&#xA;&lt; Exit [It] should connect over SSH using the instance private key - /home/runner/work/uni-compute/uni-compute/test/api/suites/ssh_test.go:53 @ 05/19/26 07:11:39.548 (1m28.351s)&#xA;&gt; Enter [DeferCleanup (Each)] SSH Integration - /home/runner/work/uni-compute/uni-compute/test/api/fixtures.go:134 @ 05/19/26 07:11:39.548&#xA;Cleaning up instance: ec4fd6e2-c019-45ee-9427-914f681b1ca1&#xA;Waiting for instance ec4fd6e2-c019-45ee-9427-914f681b1ca1 to be fully deleted&#xA;&lt; Exit [DeferCleanup (Each)] SSH Integration - /home/runner/work/uni-compute/uni-compute/test/api/fixtures.go:134 @ 05/19/26 07:11:45.004 (5.456s)&#xA;&gt; Enter [DeferCleanup (Each)] SSH Integration - /home/runner/work/uni-compute/uni-compute/test/api/fixtures.go:310 @ 05/19/26 07:11:45.004&#xA;Cleaning up SSH security group: df1ac2c0-6870-49a7-a1ad-3510a7d3eac4&#xA;&lt; Exit [DeferCleanup (Each)] SSH Integration - /home/runner/work/uni-compute/uni-compute/test/api/fixtures.go:310 @ 05/19/26 07:11:45.529 (526ms)&#xA;</system-err>
          </testcase>
          <testcase name="[It] SSH Integration should connect over SSH using a certificate authority" classname="API Test Suites" status="passed" time="62.090424368">
              <system-err>&gt; Enter [BeforeEach] TOP-LEVEL - /home/runner/work/uni-compute/uni-compute/test/api/suites/suite_test.go:39 @ 05/19/26 07:11:45.529&#xA;&lt; Exit [BeforeEach] TOP-LEVEL - /home/runner/work/uni-compute/uni-compute/test/api/suites/suite_test.go:39 @ 05/19/26 07:11:45.53 (0s)&#xA;&gt; Enter [BeforeEach] SSH Integration - /home/runner/work/uni-compute/uni-compute/test/api/suites/ssh_test.go:43 @ 05/19/26 07:11:45.53&#xA;&lt; Exit [BeforeEach] SSH Integration - /home/runner/work/uni-compute/uni-compute/test/api/suites/ssh_test.go:43 @ 05/19/26 07:11:45.53 (0s)&#xA;&gt; Enter [It] should connect over SSH using a certificate authority - /home/runner/work/uni-compute/uni-compute/test/api/suites/ssh_test.go:86 @ 05/19/26 07:11:45.53&#xA;Created instance with ID: f5472c44-0c84-4b28-a45c-e4efdcf0258a&#xA;Instance f5472c44-0c84-4b28-a45c-e4efdcf0258a power state is nil (waiting for initialization)&#xA;Instance f5472c44-0c84-4b28-a45c-e4efdcf0258a power state is nil (waiting for initialization)&#xA;Instance f5472c44-0c84-4b28-a45c-e4efdcf0258a power state is nil (waiting for initialization)&#xA;Instance f5472c44-0c84-4b28-a45c-e4efdcf0258a power state is nil (waiting for initialization)&#xA;Instance f5472c44-0c84-4b28-a45c-e4efdcf0258a power state: Running (waiting for Running)&#xA;Instance f5472c44-0c84-4b28-a45c-e4efdcf0258a is running&#xA;Instance f5472c44-0c84-4b28-a45c-e4efdcf0258a network identity ready: private IP=10.0.3.195, MAC=fa:16:3e:32:23:05, public IP=193.143.123.202&#xA;&lt; Exit [It] should connect over SSH using a certificate authority - /home/runner/work/uni-compute/uni-compute/test/api/suites/ssh_test.go:86 @ 05/19/26 07:12:41.47 (55.939s)&#xA;&gt; Enter [DeferCleanup (Each)] SSH Integration - /home/runner/work/uni-compute/uni-compute/test/api/fixtures.go:134 @ 05/19/26 07:12:41.47&#xA;Cleaning up instance: f5472c44-0c84-4b28-a45c-e4efdcf0258a&#xA;Waiting for instance f5472c44-0c84-4b28-a45c-e4efdcf0258a to be fully deleted&#xA;&lt; Exit [DeferCleanup (Each)] SSH Integration - /home/runner/work/uni-compute/uni-compute/test/api/fixtures.go:134 @ 05/19/26 07:12:46.913 (5.444s)&#xA;&gt; Enter [DeferCleanup (Each)] SSH Integration - /home/runner/work/uni-compute/uni-compute/test/api/fixtures.go:337 @ 05/19/26 07:12:46.913&#xA;Cleaning up SSH certificate authority: dd3841ed-88af-41aa-9af1-039f15becfcd&#xA;&lt; Exit [DeferCleanup (Each)] SSH Integration - /home/runner/work/uni-compute/uni-compute/test/api/fixtures.go:337 @ 05/19/26 07:12:47.459 (546ms)&#xA;&gt; Enter [DeferCleanup (Each)] SSH Integration - /home/runner/work/uni-compute/uni-compute/test/api/fixtures.go:310 @ 05/19/26 07:12:47.459&#xA;Cleaning up SSH security group: e402db2a-f472-4992-a3ff-07b41f432d5c&#xA;&lt; Exit [DeferCleanup (Each)] SSH Integration - /home/runner/work/uni-compute/uni-compute/test/api/fixtures.go:310 @ 05/19/26 07:12:47.62 (161ms)&#xA;</system-err>
          </testcase>
          <testcase name="[It] Instance Operations When listing instances Given a provisioned instance should return the provisioned instance in the list" classname="API Test Suites" status="passed" time="11.805824691">
              <system-err>&gt; Enter [BeforeEach] TOP-LEVEL - /home/runner/work/uni-compute/uni-compute/test/api/suites/suite_test.go:39 @ 05/19/26 07:12:47.62&#xA;&lt; Exit [BeforeEach] TOP-LEVEL - /home/runner/work/uni-compute/uni-compute/test/api/suites/suite_test.go:39 @ 05/19/26 07:12:47.62 (0s)&#xA;&gt; Enter [BeforeEach] Given a provisioned instance - /home/runner/work/uni-compute/uni-compute/test/api/suites/instance_operations_test.go:44 @ 05/19/26 07:12:47.62&#xA;Created instance with ID: fa3e13e5-73a0-4936-b2a3-773615222c9d&#xA;Using instance fa3e13e5-73a0-4936-b2a3-773615222c9d for list test&#xA;&lt; Exit [BeforeEach] Given a provisioned instance - /home/runner/work/uni-compute/uni-compute/test/api/suites/instance_operations_test.go:44 @ 05/19/26 07:12:53.841 (6.221s)&#xA;&gt; Enter [It] should return the provisioned instance in the list - /home/runner/work/uni-compute/uni-compute/test/api/suites/instance_operations_test.go:51 @ 05/19/26 07:12:53.841&#xA;Found instance fa3e13e5-73a0-4936-b2a3-773615222c9d in list with status provisioned&#xA;&lt; Exit [It] should return the provisioned instance in the list - /home/runner/work/uni-compute/uni-compute/test/api/suites/instance_operations_test.go:51 @ 05/19/26 07:12:53.981 (140ms)&#xA;&gt; Enter [DeferCleanup (Each)] Given a provisioned instance - /home/runner/work/uni-compute/uni-compute/test/api/fixtures.go:134 @ 05/19/26 07:12:53.981&#xA;Cleaning up instance: fa3e13e5-73a0-4936-b2a3-773615222c9d&#xA;Waiting for instance fa3e13e5-73a0-4936-b2a3-773615222c9d to be fully deleted&#xA;&lt; Exit [DeferCleanup (Each)] Given a provisioned instance - /home/runner/work/uni-compute/uni-compute/test/api/fixtures.go:134 @ 05/19/26 07:12:59.426 (5.444s)&#xA;</system-err>
          </testcase>
          <testcase name="[It] Instance Operations When updating an instance Given a provisioned instance should update the instance description and persist it" classname="API Test Suites" status="passed" time="11.635565452">
              <system-err>&gt; Enter [BeforeEach] TOP-LEVEL - /home/runner/work/uni-compute/uni-compute/test/api/suites/suite_test.go:39 @ 05/19/26 07:12:59.426&#xA;&lt; Exit [BeforeEach] TOP-LEVEL - /home/runner/work/uni-compute/uni-compute/test/api/suites/suite_test.go:39 @ 05/19/26 07:12:59.426 (0s)&#xA;&gt; Enter [BeforeEach] Given a provisioned instance - /home/runner/work/uni-compute/uni-compute/test/api/suites/instance_operations_test.go:79 @ 05/19/26 07:12:59.426&#xA;Created instance with ID: d8b0e628-3673-4137-af72-20ee435d0bfa&#xA;Using instance d8b0e628-3673-4137-af72-20ee435d0bfa for update test&#xA;&lt; Exit [BeforeEach] Given a provisioned instance - /home/runner/work/uni-compute/uni-compute/test/api/suites/instance_operations_test.go:79 @ 05/19/26 07:13:05.072 (5.646s)&#xA;&gt; Enter [It] should update the instance description and persist it - /home/runner/work/uni-compute/uni-compute/test/api/suites/instance_operations_test.go:86 @ 05/19/26 07:13:05.072&#xA;Instance d8b0e628-3673-4137-af72-20ee435d0bfa description updated and verified via GET&#xA;&lt; Exit [It] should update the instance description and persist it - /home/runner/work/uni-compute/uni-compute/test/api/suites/instance_operations_test.go:86 @ 05/19/26 07:13:05.608 (536ms)&#xA;&gt; Enter [DeferCleanup (Each)] Given a provisioned instance - /home/runner/work/uni-compute/uni-compute/test/api/fixtures.go:134 @ 05/19/26 07:13:05.608&#xA;Cleaning up instance: d8b0e628-3673-4137-af72-20ee435d0bfa&#xA;Waiting for instance d8b0e628-3673-4137-af72-20ee435d0bfa to be fully deleted&#xA;&lt; Exit [DeferCleanup (Each)] Given a provisioned instance - /home/runner/work/uni-compute/uni-compute/test/api/fixtures.go:134 @ 05/19/26 07:13:11.061 (5.453s)&#xA;</system-err>
          </testcase>
          <testcase name="[It] Instance Operations When deleting an instance Given a provisioned instance should successfully delete and return not found on subsequent get" classname="API Test Suites" status="passed" time="11.235729451">
              <system-err>&gt; Enter [BeforeEach] TOP-LEVEL - /home/runner/work/uni-compute/uni-compute/test/api/suites/suite_test.go:39 @ 05/19/26 07:13:11.061&#xA;&lt; Exit [BeforeEach] TOP-LEVEL - /home/runner/work/uni-compute/uni-compute/test/api/suites/suite_test.go:39 @ 05/19/26 07:13:11.062 (0s)&#xA;&gt; Enter [BeforeEach] Given a provisioned instance - /home/runner/work/uni-compute/uni-compute/test/api/suites/instance_operations_test.go:117 @ 05/19/26 07:13:11.062&#xA;Created instance with ID: bce96640-dfc3-4736-82f2-94e4b1c61aa8&#xA;Using instance bce96640-dfc3-4736-82f2-94e4b1c61aa8 for delete lifecycle test&#xA;&lt; Exit [BeforeEach] Given a provisioned instance - /home/runner/work/uni-compute/uni-compute/test/api/suites/instance_operations_test.go:117 @ 05/19/26 07:13:16.576 (5.515s)&#xA;&gt; Enter [It] should successfully delete and return not found on subsequent get - /home/runner/work/uni-compute/uni-compute/test/api/suites/instance_operations_test.go:124 @ 05/19/26 07:13:16.576&#xA;Instance bce96640-dfc3-4736-82f2-94e4b1c61aa8 confirmed deleted&#xA;&lt; Exit [It] should successfully delete and return not found on subsequent get - /home/runner/work/uni-compute/uni-compute/test/api/suites/instance_operations_test.go:124 @ 05/19/26 07:13:22.017 (5.441s)&#xA;&gt; Enter [DeferCleanup (Each)] Given a provisioned instance - /home/runner/work/uni-compute/uni-compute/test/api/fixtures.go:134 @ 05/19/26 07:13:22.017&#xA;Cleaning up instance: bce96640-dfc3-4736-82f2-94e4b1c61aa8&#xA;Waiting for instance bce96640-dfc3-4736-82f2-94e4b1c61aa8 to be fully deleted&#xA;&lt; Exit [DeferCleanup (Each)] Given a provisioned instance - /home/runner/work/uni-compute/uni-compute/test/api/fixtures.go:134 @ 05/19/26 07:13:22.297 (280ms)&#xA;</system-err>
          </testcase>
          <testcase name="[It] Instance Operations When creating an instance from a custom image should launch an instance successfully" classname="API Test Suites" status="passed" time="138.041067238">
              <system-err>&gt; Enter [BeforeEach] TOP-LEVEL - /home/runner/work/uni-compute/uni-compute/test/api/suites/suite_test.go:39 @ 05/19/26 07:13:22.297&#xA;&lt; Exit [BeforeEach] TOP-LEVEL - /home/runner/work/uni-compute/uni-compute/test/api/suites/suite_test.go:39 @ 05/19/26 07:13:22.298 (0s)&#xA;&gt; Enter [BeforeEach] from a custom image - /home/runner/work/uni-compute/uni-compute/test/api/suites/instance_operations_test.go:147 @ 05/19/26 07:13:22.298&#xA;Created custom image: d557df74-8f05-4c88-a051-f8f5e61c97d3&#xA;Waiting for image d557df74-8f05-4c88-a051-f8f5e61c97d3 to be ready&#xA;Image d557df74-8f05-4c88-a051-f8f5e61c97d3 not yet visible in list&#xA;Image d557df74-8f05-4c88-a051-f8f5e61c97d3 not yet visible in list&#xA;Image d557df74-8f05-4c88-a051-f8f5e61c97d3 not yet visible in list&#xA;Image d557df74-8f05-4c88-a051-f8f5e61c97d3 not yet visible in list&#xA;Image d557df74-8f05-4c88-a051-f8f5e61c97d3 state: ready&#xA;&lt; Exit [BeforeEach] from a custom image - /home/runner/work/uni-compute/uni-compute/test/api/suites/instance_operations_test.go:147 @ 05/19/26 07:14:24.619 (1m2.321s)&#xA;&gt; Enter [It] should launch an instance successfully - /home/runner/work/uni-compute/uni-compute/test/api/suites/instance_operations_test.go:170 @ 05/19/26 07:14:24.619&#xA;Created instance with ID: d4599d2d-60b2-4793-aebf-e44e8220e6cf&#xA;Launched instance d4599d2d-60b2-4793-aebf-e44e8220e6cf from custom image d557df74-8f05-4c88-a051-f8f5e61c97d3&#xA;Instance d4599d2d-60b2-4793-aebf-e44e8220e6cf network identity ready: private IP=10.0.3.119, MAC=fa:16:3e:56:0f:ef, public IP=&#xA;Instance d4599d2d-60b2-4793-aebf-e44e8220e6cf power state: Pending (waiting for Running)&#xA;Instance d4599d2d-60b2-4793-aebf-e44e8220e6cf power state: Pending (waiting for Running)&#xA;Instance d4599d2d-60b2-4793-aebf-e44e8220e6cf power state: Pending (waiting for Running)&#xA;Instance d4599d2d-60b2-4793-aebf-e44e8220e6cf power state: Pending (waiting for Running)&#xA;Instance d4599d2d-60b2-4793-aebf-e44e8220e6cf power state: Pending (waiting for Running)&#xA;Instance d4599d2d-60b2-4793-aebf-e44e8220e6cf power state: Pending (waiting for Running)&#xA;Instance d4599d2d-60b2-4793-aebf-e44e8220e6cf power state: Running (waiting for Running)&#xA;Instance d4599d2d-60b2-4793-aebf-e44e8220e6cf is running&#xA;&lt; Exit [It] should launch an instance successfully - /home/runner/work/uni-compute/uni-compute/test/api/suites/instance_operations_test.go:170 @ 05/19/26 07:15:32.871 (1m8.252s)&#xA;&gt; Enter [DeferCleanup (Each)] from a custom image - /home/runner/work/uni-compute/uni-compute/test/api/fixtures.go:134 @ 05/19/26 07:15:32.871&#xA;Cleaning up instance: d4599d2d-60b2-4793-aebf-e44e8220e6cf&#xA;Waiting for instance d4599d2d-60b2-4793-aebf-e44e8220e6cf to be fully deleted&#xA;&lt; Exit [DeferCleanup (Each)] from a custom image - /home/runner/work/uni-compute/uni-compute/test/api/fixtures.go:134 @ 05/19/26 07:15:38.317 (5.446s)&#xA;&gt; Enter [DeferCleanup (Each)] from a custom image - /home/runner/work/uni-compute/uni-compute/test/api/suites/instance_operations_test.go:161 @ 05/19/26 07:15:38.317&#xA;Cleaning up custom image: d557df74-8f05-4c88-a051-f8f5e61c97d3&#xA;&lt; Exit [DeferCleanup (Each)] from a custom image - /home/runner/work/uni-compute/uni-compute/test/api/suites/instance_operations_test.go:161 @ 05/19/26 07:15:40.338 (2.021s)&#xA;</system-err>
          </testcase>
          <testcase name="[It] Instance Operations When creating an instance from a snapshot image should launch an instance successfully" classname="API Test Suites" status="failed" time="1331.43593047">
              <failure message="Instance dff9b244-c104-4dbe-8739-e9a43efb02b5 entered error health status" type="failed">[FAILED] Instance dff9b244-c104-4dbe-8739-e9a43efb02b5 entered error health status&#xA;In [It] at: /home/runner/work/uni-compute/uni-compute/test/api/fixtures.go:188 @ 05/19/26 07:37:34.794&#xA;</failure>
              <system-err>&gt; Enter [BeforeEach] TOP-LEVEL - /home/runner/work/uni-compute/uni-compute/test/api/suites/suite_test.go:39 @ 05/19/26 07:15:40.338&#xA;&lt; Exit [BeforeEach] TOP-LEVEL - /home/runner/work/uni-compute/uni-compute/test/api/suites/suite_test.go:39 @ 05/19/26 07:15:40.339 (0s)&#xA;&gt; Enter [BeforeEach] from a snapshot image - /home/runner/work/uni-compute/uni-compute/test/api/suites/instance_operations_test.go:187 @ 05/19/26 07:15:40.339&#xA;Created instance with ID: ea4af676-3149-462d-8ed5-4e529ee3e6ef&#xA;Instance ea4af676-3149-462d-8ed5-4e529ee3e6ef network identity ready: private IP=10.0.3.11, MAC=fa:16:3e:bd:4b:6c, public IP=&#xA;Instance ea4af676-3149-462d-8ed5-4e529ee3e6ef power state: Pending (waiting for Running)&#xA;Instance ea4af676-3149-462d-8ed5-4e529ee3e6ef power state: Pending (waiting for Running)&#xA;Instance ea4af676-3149-462d-8ed5-4e529ee3e6ef power state: Pending (waiting for Running)&#xA;Instance ea4af676-3149-462d-8ed5-4e529ee3e6ef power state: Pending (waiting for Running)&#xA;Instance ea4af676-3149-462d-8ed5-4e529ee3e6ef power state: Pending (waiting for Running)&#xA;Instance ea4af676-3149-462d-8ed5-4e529ee3e6ef power state: Running (waiting for Running)&#xA;Instance ea4af676-3149-462d-8ed5-4e529ee3e6ef is running&#xA;Taking snapshot of instance ea4af676-3149-462d-8ed5-4e529ee3e6ef&#xA;Waiting for image 5f33cba0-4b23-4a77-9eaf-007919920ccb to be ready&#xA;Image 5f33cba0-4b23-4a77-9eaf-007919920ccb not yet visible in list&#xA;Image 5f33cba0-4b23-4a77-9eaf-007919920ccb not yet visible in list&#xA;Image 5f33cba0-4b23-4a77-9eaf-007919920ccb not yet visible in list&#xA;Image 5f33cba0-4b23-4a77-9eaf-007919920ccb not yet visible in list&#xA;Image 5f33cba0-4b23-4a77-9eaf-007919920ccb not yet visible in list&#xA;Image 5f33cba0-4b23-4a77-9eaf-007919920ccb not yet visible in list&#xA;Image 5f33cba0-4b23-4a77-9eaf-007919920ccb not yet visible in list&#xA;Image 5f33cba0-4b23-4a77-9eaf-007919920ccb not yet visible in list&#xA;Image 5f33cba0-4b23-4a77-9eaf-007919920ccb not yet visible in list&#xA;Image 5f33cba0-4b23-4a77-9eaf-007919920ccb not yet visible in list&#xA;Image 5f33cba0-4b23-4a77-9eaf-007919920ccb not yet visible in list&#xA;Image 5f33cba0-4b23-4a77-9eaf-007919920ccb not yet visible in list&#xA;Image 5f33cba0-4b23-4a77-9eaf-007919920ccb not yet visible in list&#xA;Image 5f33cba0-4b23-4a77-9eaf-007919920ccb not yet visible in list&#xA;Image 5f33cba0-4b23-4a77-9eaf-007919920ccb not yet visible in list&#xA;Image 5f33cba0-4b23-4a77-9eaf-007919920ccb not yet visible in list&#xA;Image 5f33cba0-4b23-4a77-9eaf-007919920ccb not yet visible in list&#xA;Image 5f33cba0-4b23-4a77-9eaf-007919920ccb not yet visible in list&#xA;Image 5f33cba0-4b23-4a77-9eaf-007919920ccb not yet visible in list&#xA;Image 5f33cba0-4b23-4a77-9eaf-007919920ccb not yet visible in list&#xA;Image 5f33cba0-4b23-4a77-9eaf-007919920ccb not yet visible in list&#xA;Image 5f33cba0-4b23-4a77-9eaf-007919920ccb not yet visible in list&#xA;Image 5f33cba0-4b23-4a77-9eaf-007919920ccb not yet visible in list&#xA;Image 5f33cba0-4b23-4a77-9eaf-007919920ccb not yet visible in list&#xA;Image 5f33cba0-4b23-4a77-9eaf-007919920ccb not yet visible in list&#xA;Image 5f33cba0-4b23-4a77-9eaf-007919920ccb not yet visible in list&#xA;Image 5f33cba0-4b23-4a77-9eaf-007919920ccb not yet visible in list&#xA;Image 5f33cba0-4b23-4a77-9eaf-007919920ccb not yet visible in list&#xA;Image 5f33cba0-4b23-4a77-9eaf-007919920ccb not yet visible in list&#xA;Image 5f33cba0-4b23-4a77-9eaf-007919920ccb not yet visible in list&#xA;Image 5f33cba0-4b23-4a77-9eaf-007919920ccb not yet visible in list&#xA;Image 5f33cba0-4b23-4a77-9eaf-007919920ccb not yet visible in list&#xA;Image 5f33cba0-4b23-4a77-9eaf-007919920ccb not yet visible in list&#xA;Image 5f33cba0-4b23-4a77-9eaf-007919920ccb not yet visible in list&#xA;Image 5f33cba0-4b23-4a77-9eaf-007919920ccb not yet visible in list&#xA;Image 5f33cba0-4b23-4a77-9eaf-007919920ccb not yet visible in list&#xA;Image 5f33cba0-4b23-4a77-9eaf-007919920ccb not yet visible in list&#xA;Image 5f33cba0-4b23-4a77-9eaf-007919920ccb not yet visible in list&#xA;Image 5f33cba0-4b23-4a77-9eaf-007919920ccb not yet visible in list&#xA;Image 5f33cba0-4b23-4a77-9eaf-007919920ccb not yet visible in list&#xA;Image 5f33cba0-4b23-4a77-9eaf-007919920ccb not yet visible in list&#xA;Image 5f33cba0-4b23-4a77-9eaf-007919920ccb not yet visible in list&#xA;Image 5f33cba0-4b23-4a77-9eaf-007919920ccb not yet visible in list&#xA;Image 5f33cba0-4b23-4a77-9eaf-007919920ccb not yet visible in list&#xA;Image 5f33cba0-4b23-4a77-9eaf-007919920ccb not yet visible in list&#xA;Image 5f33cba0-4b23-4a77-9eaf-007919920ccb not yet visible in list&#xA;Image 5f33cba0-4b23-4a77-9eaf-007919920ccb not yet visible in list&#xA;Image 5f33cba0-4b23-4a77-9eaf-007919920ccb not yet visible in list&#xA;Image 5f33cba0-4b23-4a77-9eaf-007919920ccb not yet visible in list&#xA;Image 5f33cba0-4b23-4a77-9eaf-007919920ccb not yet visible in list&#xA;Image 5f33cba0-4b23-4a77-9eaf-007919920ccb not yet visible in list&#xA;Image 5f33cba0-4b23-4a77-9eaf-007919920ccb not yet visible in list&#xA;Image 5f33cba0-4b23-4a77-9eaf-007919920ccb not yet visible in list&#xA;Image 5f33cba0-4b23-4a77-9eaf-007919920ccb not yet visible in list&#xA;Image 5f33cba0-4b23-4a77-9eaf-007919920ccb state: ready&#xA;&lt; Exit [BeforeEach] from a snapshot image - /home/runner/work/uni-compute/uni-compute/test/api/suites/instance_operations_test.go:187 @ 05/19/26 07:30:28.472 (14m48.133s)&#xA;&gt; Enter [It] should launch an instance successfully - /home/runner/work/uni-compute/uni-compute/test/api/suites/instance_operations_test.go:216 @ 05/19/26 07:30:28.472&#xA;Created instance with ID: dff9b244-c104-4dbe-8739-e9a43efb02b5&#xA;Launched instance dff9b244-c104-4dbe-8739-e9a43efb02b5 from snapshot image 5f33cba0-4b23-4a77-9eaf-007919920ccb&#xA;Instance dff9b244-c104-4dbe-8739-e9a43efb02b5 network identity ready: private IP=10.0.2.20, MAC=fa:16:3e:16:24:ce, public IP=&#xA;Instance dff9b244-c104-4dbe-8739-e9a43efb02b5 power state: Pending (waiting for Running)&#xA;Instance dff9b244-c104-4dbe-8739-e9a43efb02b5 power state: Pending (waiting for Running)&#xA;Instance dff9b244-c104-4dbe-8739-e9a43efb02b5 power state: Pending (waiting for Running)&#xA;Instance dff9b244-c104-4dbe-8739-e9a43efb02b5 power state: Pending (waiting for Running)&#xA;Instance dff9b244-c104-4dbe-8739-e9a43efb02b5 power state: Pending (waiting for Running)&#xA;Instance dff9b244-c104-4dbe-8739-e9a43efb02b5 power state: Pending (waiting for Running)&#xA;Instance dff9b244-c104-4dbe-8739-e9a43efb02b5 power state: Pending (waiting for Running)&#xA;Instance dff9b244-c104-4dbe-8739-e9a43efb02b5 power state: Pending (waiting for Running)&#xA;Instance dff9b244-c104-4dbe-8739-e9a43efb02b5 power state: Pending (waiting for Running)&#xA;Instance dff9b244-c104-4dbe-8739-e9a43efb02b5 power state: Pending (waiting for Running)&#xA;Instance dff9b244-c104-4dbe-8739-e9a43efb02b5 power state: Pending (waiting for Running)&#xA;Instance dff9b244-c104-4dbe-8739-e9a43efb02b5 power state: Pending (waiting for Running)&#xA;Instance dff9b244-c104-4dbe-8739-e9a43efb02b5 power state: Pending (waiting for Running)&#xA;Instance dff9b244-c104-4dbe-8739-e9a43efb02b5 power state: Pending (waiting for Running)&#xA;Instance dff9b244-c104-4dbe-8739-e9a43efb02b5 power state: Pending (waiting for Running)&#xA;Instance dff9b244-c104-4dbe-8739-e9a43efb02b5 power state: Pending (waiting for Running)&#xA;Instance dff9b244-c104-4dbe-8739-e9a43efb02b5 power state: Pending (waiting for Running)&#xA;Instance dff9b244-c104-4dbe-8739-e9a43efb02b5 power state: Pending (waiting for Running)&#xA;Instance dff9b244-c104-4dbe-8739-e9a43efb02b5 power state: Pending (waiting for Running)&#xA;Instance dff9b244-c104-4dbe-8739-e9a43efb02b5 power state: Pending (waiting for Running)&#xA;Instance dff9b244-c104-4dbe-8739-e9a43efb02b5 power state: Pending (waiting for Running)&#xA;Instance dff9b244-c104-4dbe-8739-e9a43efb02b5 power state: Pending (waiting for Running)&#xA;Instance dff9b244-c104-4dbe-8739-e9a43efb02b5 power state: Pending (waiting for Running)&#xA;Instance dff9b244-c104-4dbe-8739-e9a43efb02b5 power state: Pending (waiting for Running)&#xA;Instance dff9b244-c104-4dbe-8739-e9a43efb02b5 power state: Pending (waiting for Running)&#xA;Instance dff9b244-c104-4dbe-8739-e9a43efb02b5 power state: Pending (waiting for Running)&#xA;Instance dff9b244-c104-4dbe-8739-e9a43efb02b5 power state: Pending (waiting for Running)&#xA;Instance dff9b244-c104-4dbe-8739-e9a43efb02b5 power state: Pending (waiting for Running)&#xA;Instance dff9b244-c104-4dbe-8739-e9a43efb02b5 power state: Pending (waiting for Running)&#xA;Instance dff9b244-c104-4dbe-8739-e9a43efb02b5 power state: Pending (waiting for Running)&#xA;Instance dff9b244-c104-4dbe-8739-e9a43efb02b5 power state: Pending (waiting for Running)&#xA;Instance dff9b244-c104-4dbe-8739-e9a43efb02b5 power state: Pending (waiting for Running)&#xA;Instance dff9b244-c104-4dbe-8739-e9a43efb02b5 power state: Pending (waiting for Running)&#xA;Instance dff9b244-c104-4dbe-8739-e9a43efb02b5 power state: Pending (waiting for Running)&#xA;Instance dff9b244-c104-4dbe-8739-e9a43efb02b5 power state: Pending (waiting for Running)&#xA;Instance dff9b244-c104-4dbe-8739-e9a43efb02b5 power state: Pending (waiting for Running)&#xA;Instance dff9b244-c104-4dbe-8739-e9a43efb02b5 power state: Pending (waiting for Running)&#xA;Instance dff9b244-c104-4dbe-8739-e9a43efb02b5 power state: Pending (waiting for Running)&#xA;Instance dff9b244-c104-4dbe-8739-e9a43efb02b5 power state: Pending (waiting for Running)&#xA;Instance dff9b244-c104-4dbe-8739-e9a43efb02b5 power state: Pending (waiting for Running)&#xA;Instance dff9b244-c104-4dbe-8739-e9a43efb02b5 power state: Pending (waiting for Running)&#xA;[FAILED] Instance dff9b244-c104-4dbe-8739-e9a43efb02b5 entered error health status&#xA;In [It] at: /home/runner/work/uni-compute/uni-compute/test/api/fixtures.go:188 @ 05/19/26 07:37:34.794&#xA;&lt; Exit [It] should launch an instance successfully - /home/runner/work/uni-compute/uni-compute/test/api/suites/instance_operations_test.go:216 @ 05/19/26 07:37:34.794 (7m6.322s)&#xA;&gt; Enter [DeferCleanup (Each)] from a snapshot image - /home/runner/work/uni-compute/uni-compute/test/api/fixtures.go:134 @ 05/19/26 07:37:34.794&#xA;Cleaning up instance: dff9b244-c104-4dbe-8739-e9a43efb02b5&#xA;Waiting for instance dff9b244-c104-4dbe-8739-e9a43efb02b5 to be fully deleted&#xA;&lt; Exit [DeferCleanup (Each)] from a snapshot image - /home/runner/work/uni-compute/uni-compute/test/api/fixtures.go:134 @ 05/19/26 07:37:40.233 (5.439s)&#xA;&gt; Enter [DeferCleanup (Each)] from a snapshot image - /home/runner/work/uni-compute/uni-compute/test/api/suites/instance_operations_test.go:207 @ 05/19/26 07:37:40.233&#xA;Cleaning up snapshot image: 5f33cba0-4b23-4a77-9eaf-007919920ccb&#xA;&lt; Exit [DeferCleanup (Each)] from a snapshot image - /home/runner/work/uni-compute/uni-compute/test/api/suites/instance_operations_test.go:207 @ 05/19/26 07:37:46.024 (5.79s)&#xA;&gt; Enter [DeferCleanup (Each)] from a snapshot image - /home/runner/work/uni-compute/uni-compute/test/api/fixtures.go:134 @ 05/19/26 07:37:46.024&#xA;Cleaning up instance: ea4af676-3149-462d-8ed5-4e529ee3e6ef&#xA;Waiting for instance ea4af676-3149-462d-8ed5-4e529ee3e6ef to be fully deleted&#xA;&lt; Exit [DeferCleanup (Each)] from a snapshot image - /home/runner/work/uni-compute/uni-compute/test/api/fixtures.go:134 @ 05/19/26 07:37:51.774 (5.751s)&#xA;</system-err>
          </testcase>
          <testcase name="[It] Instance Operations When creating an instance Given an invalid payload should return bad request for missing required fields" classname="API Test Suites" status="passed" time="0.140409838">
              <system-err>&gt; Enter [BeforeEach] TOP-LEVEL - /home/runner/work/uni-compute/uni-compute/test/api/suites/suite_test.go:39 @ 05/19/26 07:37:51.774&#xA;&lt; Exit [BeforeEach] TOP-LEVEL - /home/runner/work/uni-compute/uni-compute/test/api/suites/suite_test.go:39 @ 05/19/26 07:37:51.775 (0s)&#xA;&gt; Enter [It] should return bad request for missing required fields - /home/runner/work/uni-compute/uni-compute/test/api/suites/instance_operations_test.go:228 @ 05/19/26 07:37:51.775&#xA;&lt; Exit [It] should return bad request for missing required fields - /home/runner/work/uni-compute/uni-compute/test/api/suites/instance_operations_test.go:228 @ 05/19/26 07:37:51.915 (140ms)&#xA;</system-err>
          </testcase>
          <testcase name="[It] Instance Operations When retrieving console output for an instance Given a valid instance exists should successfully get console output for instance" classname="API Test Suites" status="passed" time="49.296054289">
              <system-err>&gt; Enter [BeforeEach] TOP-LEVEL - /home/runner/work/uni-compute/uni-compute/test/api/suites/suite_test.go:39 @ 05/19/26 07:37:51.915&#xA;&lt; Exit [BeforeEach] TOP-LEVEL - /home/runner/work/uni-compute/uni-compute/test/api/suites/suite_test.go:39 @ 05/19/26 07:37:51.915 (0s)&#xA;&gt; Enter [BeforeAll] Given a valid instance exists - /home/runner/work/uni-compute/uni-compute/test/api/suites/instance_operations_test.go:243 @ 05/19/26 07:37:51.915&#xA;Created instance with ID: c9fbfc5a-620c-47d4-850b-f8c44b2fc6ee&#xA;Instance c9fbfc5a-620c-47d4-850b-f8c44b2fc6ee network identity ready: private IP=10.0.4.12, MAC=fa:16:3e:4f:ce:c7, public IP=&#xA;Instance c9fbfc5a-620c-47d4-850b-f8c44b2fc6ee power state: Pending (waiting for Running)&#xA;Instance c9fbfc5a-620c-47d4-850b-f8c44b2fc6ee power state: Pending (waiting for Running)&#xA;Instance c9fbfc5a-620c-47d4-850b-f8c44b2fc6ee power state: Pending (waiting for Running)&#xA;Instance c9fbfc5a-620c-47d4-850b-f8c44b2fc6ee power state: Pending (waiting for Running)&#xA;Instance c9fbfc5a-620c-47d4-850b-f8c44b2fc6ee power state: Running (waiting for Running)&#xA;Instance c9fbfc5a-620c-47d4-850b-f8c44b2fc6ee is running&#xA;Using instance c9fbfc5a-620c-47d4-850b-f8c44b2fc6ee for console output tests&#xA;&lt; Exit [BeforeAll] Given a valid instance exists - /home/runner/work/uni-compute/uni-compute/test/api/suites/instance_operations_test.go:243 @ 05/19/26 07:38:38.899 (46.984s)&#xA;&gt; Enter [It] should successfully get console output for instance - /home/runner/work/uni-compute/uni-compute/test/api/suites/instance_operations_test.go:256 @ 05/19/26 07:38:38.899&#xA;Successfully retrieved console output for instance c9fbfc5a-620c-47d4-850b-f8c44b2fc6ee (contents length: 100845)&#xA;&lt; Exit [It] should successfully get console output for instance - /home/runner/work/uni-compute/uni-compute/test/api/suites/instance_operations_test.go:256 @ 05/19/26 07:38:41.211 (2.312s)&#xA;</system-err>
          </testcase>
          <testcase name="[It] Instance Operations When retrieving console output for an instance Given a valid instance exists should successfully get console output with length parameter" classname="API Test Suites" status="passed" time="2.025715043">
              <system-err>&gt; Enter [BeforeEach] TOP-LEVEL - /home/runner/work/uni-compute/uni-compute/test/api/suites/suite_test.go:39 @ 05/19/26 07:38:41.211&#xA;&lt; Exit [BeforeEach] TOP-LEVEL - /home/runner/work/uni-compute/uni-compute/test/api/suites/suite_test.go:39 @ 05/19/26 07:38:41.211 (0s)&#xA;&gt; Enter [It] should successfully get console output with length parameter - /home/runner/work/uni-compute/uni-compute/test/api/suites/instance_operations_test.go:265 @ 05/19/26 07:38:41.211&#xA;Successfully retrieved console output with length=100 for instance c9fbfc5a-620c-47d4-850b-f8c44b2fc6ee (contents length: 9252)&#xA;&lt; Exit [It] should successfully get console output with length parameter - /home/runner/work/uni-compute/uni-compute/test/api/suites/instance_operations_test.go:265 @ 05/19/26 07:38:43.237 (2.025s)&#xA;</system-err>
          </testcase>
          <testcase name="[It] Instance Operations When retrieving console output for an instance Given a valid instance exists should handle different length values correctly" classname="API Test Suites" status="passed" time="11.982884156">
              <system-err>&gt; Enter [BeforeEach] TOP-LEVEL - /home/runner/work/uni-compute/uni-compute/test/api/suites/suite_test.go:39 @ 05/19/26 07:38:43.237&#xA;&lt; Exit [BeforeEach] TOP-LEVEL - /home/runner/work/uni-compute/uni-compute/test/api/suites/suite_test.go:39 @ 05/19/26 07:38:43.237 (0s)&#xA;&gt; Enter [It] should handle different length values correctly - /home/runner/work/uni-compute/uni-compute/test/api/suites/instance_operations_test.go:277 @ 05/19/26 07:38:43.237&#xA;Console output retrieved with length=50 (contents length: 4537)&#xA;Console output retrieved with length=100 (contents length: 9252)&#xA;Console output retrieved with length=500 (contents length: 40552)&#xA;Console output retrieved with length=1000 (contents length: 78956)&#xA;&lt; Exit [It] should handle different length values correctly - /home/runner/work/uni-compute/uni-compute/test/api/suites/instance_operations_test.go:277 @ 05/19/26 07:38:49.78 (6.543s)&#xA;&gt; Enter [DeferCleanup (All)] Given a valid instance exists - /home/runner/work/uni-compute/uni-compute/test/api/fixtures.go:134 @ 05/19/26 07:38:49.78&#xA;Cleaning up instance: c9fbfc5a-620c-47d4-850b-f8c44b2fc6ee&#xA;Waiting for instance c9fbfc5a-620c-47d4-850b-f8c44b2fc6ee to be fully deleted&#xA;&lt; Exit [DeferCleanup (All)] Given a valid instance exists - /home/runner/work/uni-compute/uni-compute/test/api/fixtures.go:134 @ 05/19/26 07:38:55.22 (5.439s)&#xA;</system-err>
          </testcase>
          <testcase name="[It] Instance Operations When retrieving console output for an instance Given an invalid instance ID should return appropriate error for non-existent instance" classname="API Test Suites" status="passed" time="0.140595462">
              <system-err>&gt; Enter [BeforeEach] TOP-LEVEL - /home/runner/work/uni-compute/uni-compute/test/api/suites/suite_test.go:39 @ 05/19/26 07:38:55.22&#xA;&lt; Exit [BeforeEach] TOP-LEVEL - /home/runner/work/uni-compute/uni-compute/test/api/suites/suite_test.go:39 @ 05/19/26 07:38:55.22 (0s)&#xA;&gt; Enter [It] should return appropriate error for non-existent instance - /home/runner/work/uni-compute/uni-compute/test/api/suites/instance_operations_test.go:294 @ 05/19/26 07:38:55.22&#xA;Expected HTTP 404 error for non-existent instance: unexpected status code: expected 200, got 404, body: {&#34;error&#34;:&#34;not_found&#34;,&#34;error_description&#34;:&#34;resource not found&#34;,&#34;trace_id&#34;:&#34;522c4912fca8c784841bc0d7b5bed50f&#34;}&#xA;&lt; Exit [It] should return appropriate error for non-existent instance - /home/runner/work/uni-compute/uni-compute/test/api/suites/instance_operations_test.go:294 @ 05/19/26 07:38:55.36 (140ms)&#xA;</system-err>
          </testcase>
          <testcase name="[It] Instance Operations When retrieving console output for an instance Given an invalid instance ID should return error for malformed instance ID with uppercase" classname="API Test Suites" status="passed" time="0.139560402">
              <system-err>&gt; Enter [BeforeEach] TOP-LEVEL - /home/runner/work/uni-compute/uni-compute/test/api/suites/suite_test.go:39 @ 05/19/26 07:38:55.36&#xA;&lt; Exit [BeforeEach] TOP-LEVEL - /home/runner/work/uni-compute/uni-compute/test/api/suites/suite_test.go:39 @ 05/19/26 07:38:55.361 (0s)&#xA;&gt; Enter [It] should return error for malformed instance ID with uppercase - /home/runner/work/uni-compute/uni-compute/test/api/suites/instance_operations_test.go:303 @ 05/19/26 07:38:55.361&#xA;Expected error for malformed instance ID (uppercase): unexpected status code: expected 200, got 404, body: {&#34;error&#34;:&#34;not_found&#34;,&#34;error_description&#34;:&#34;resource not found&#34;,&#34;trace_id&#34;:&#34;312085031ad333b61e7dd88c6dbd1a85&#34;}&#xA;&lt; Exit [It] should return error for malformed instance ID with uppercase - /home/runner/work/uni-compute/uni-compute/test/api/suites/instance_operations_test.go:303 @ 05/19/26 07:38:55.5 (139ms)&#xA;</system-err>
          </testcase>
          <testcase name="[It] Instance Operations When retrieving console output for an instance Given an invalid instance ID should return error for malformed instance ID starting with hyphen" classname="API Test Suites" status="passed" time="0.139530081">
              <system-err>&gt; Enter [BeforeEach] TOP-LEVEL - /home/runner/work/uni-compute/uni-compute/test/api/suites/suite_test.go:39 @ 05/19/26 07:38:55.5&#xA;&lt; Exit [BeforeEach] TOP-LEVEL - /home/runner/work/uni-compute/uni-compute/test/api/suites/suite_test.go:39 @ 05/19/26 07:38:55.5 (0s)&#xA;&gt; Enter [It] should return error for malformed instance ID starting with hyphen - /home/runner/work/uni-compute/uni-compute/test/api/suites/instance_operations_test.go:314 @ 05/19/26 07:38:55.5&#xA;Expected error for malformed instance ID (starts with hyphen): unexpected status code: expected 200, got 404, body: {&#34;error&#34;:&#34;not_found&#34;,&#34;error_description&#34;:&#34;resource not found&#34;,&#34;trace_id&#34;:&#34;ad77b3a5753aabcc7742dfbb4dc55ba1&#34;}&#xA;&lt; Exit [It] should return error for malformed instance ID starting with hyphen - /home/runner/work/uni-compute/uni-compute/test/api/suites/instance_operations_test.go:314 @ 05/19/26 07:38:55.639 (139ms)&#xA;</system-err>
          </testcase>
          <testcase name="[It] Instance Operations When retrieving console output for an instance Given an invalid instance ID should return error for malformed instance ID ending with hyphen" classname="API Test Suites" status="passed" time="0.139510913">
              <system-err>&gt; Enter [BeforeEach] TOP-LEVEL - /home/runner/work/uni-compute/uni-compute/test/api/suites/suite_test.go:39 @ 05/19/26 07:38:55.64&#xA;&lt; Exit [BeforeEach] TOP-LEVEL - /home/runner/work/uni-compute/uni-compute/test/api/suites/suite_test.go:39 @ 05/19/26 07:38:55.64 (0s)&#xA;&gt; Enter [It] should return error for malformed instance ID ending with hyphen - /home/runner/work/uni-compute/uni-compute/test/api/suites/instance_operations_test.go:325 @ 05/19/26 07:38:55.64&#xA;Expected error for malformed instance ID (ends with hyphen): unexpected status code: expected 200, got 404, body: {&#34;error&#34;:&#34;not_found&#34;,&#34;error_description&#34;:&#34;resource not found&#34;,&#34;trace_id&#34;:&#34;7ef86cbc0b0f856a8e9c2f54ad58209f&#34;}&#xA;&lt; Exit [It] should return error for malformed instance ID ending with hyphen - /home/runner/work/uni-compute/uni-compute/test/api/suites/instance_operations_test.go:325 @ 05/19/26 07:38:55.779 (139ms)&#xA;</system-err>
          </testcase>
          <testcase name="[It] Instance Operations When requesting a snapshot for an instance Given a valid instance exists should successfully request a snapshot for instance" classname="API Test Suites" status="passed" time="45.896878836">
              <system-err>&gt; Enter [BeforeEach] TOP-LEVEL - /home/runner/work/uni-compute/uni-compute/test/api/suites/suite_test.go:39 @ 05/19/26 07:38:55.779&#xA;&lt; Exit [BeforeEach] TOP-LEVEL - /home/runner/work/uni-compute/uni-compute/test/api/suites/suite_test.go:39 @ 05/19/26 07:38:55.78 (0s)&#xA;&gt; Enter [BeforeEach] Given a valid instance exists - /home/runner/work/uni-compute/uni-compute/test/api/suites/instance_operations_test.go:344 @ 05/19/26 07:38:55.78&#xA;Created instance with ID: abe3fb99-1792-40ec-9728-ffb9f7857b7e&#xA;Instance abe3fb99-1792-40ec-9728-ffb9f7857b7e network identity ready: private IP=10.0.4.21, MAC=fa:16:3e:a2:a5:d1, public IP=&#xA;Instance abe3fb99-1792-40ec-9728-ffb9f7857b7e power state: Pending (waiting for Running)&#xA;Instance abe3fb99-1792-40ec-9728-ffb9f7857b7e power state: Pending (waiting for Running)&#xA;Instance abe3fb99-1792-40ec-9728-ffb9f7857b7e power state: Pending (waiting for Running)&#xA;Instance abe3fb99-1792-40ec-9728-ffb9f7857b7e power state: Running (waiting for Running)&#xA;Instance abe3fb99-1792-40ec-9728-ffb9f7857b7e is running&#xA;Using instance abe3fb99-1792-40ec-9728-ffb9f7857b7e for snapshot tests&#xA;&lt; Exit [BeforeEach] Given a valid instance exists - /home/runner/work/uni-compute/uni-compute/test/api/suites/instance_operations_test.go:344 @ 05/19/26 07:39:32.491 (36.711s)&#xA;&gt; Enter [It] should successfully request a snapshot for instance - /home/runner/work/uni-compute/uni-compute/test/api/suites/instance_operations_test.go:358 @ 05/19/26 07:39:32.491&#xA;Successfully created snapshot image for instance abe3fb99-1792-40ec-9728-ffb9f7857b7e (image ID: ca72dd48-fe36-4ac9-aa18-a6b48b4d8100)&#xA;&lt; Exit [It] should successfully request a snapshot for instance - /home/runner/work/uni-compute/uni-compute/test/api/suites/instance_operations_test.go:358 @ 05/19/26 07:39:35.052 (2.562s)&#xA;&gt; Enter [DeferCleanup (Each)] Given a valid instance exists - /home/runner/work/uni-compute/uni-compute/test/api/suites/instance_operations_test.go:361 @ 05/19/26 07:39:35.053&#xA;Cleaning up snapshot image ca72dd48-fe36-4ac9-aa18-a6b48b4d8100&#xA;&lt; Exit [DeferCleanup (Each)] Given a valid instance exists - /home/runner/work/uni-compute/uni-compute/test/api/suites/instance_operations_test.go:361 @ 05/19/26 07:39:36.234 (1.181s)&#xA;&gt; Enter [DeferCleanup (Each)] Given a valid instance exists - /home/runner/work/uni-compute/uni-compute/test/api/fixtures.go:134 @ 05/19/26 07:39:36.234&#xA;Cleaning up instance: abe3fb99-1792-40ec-9728-ffb9f7857b7e&#xA;Waiting for instance abe3fb99-1792-40ec-9728-ffb9f7857b7e to be fully deleted&#xA;&lt; Exit [DeferCleanup (Each)] Given a valid instance exists - /home/runner/work/uni-compute/uni-compute/test/api/fixtures.go:134 @ 05/19/26 07:39:41.676 (5.442s)&#xA;</system-err>
          </testcase>
          <testcase name="[It] Instance Operations When requesting a snapshot for an instance Given an invalid instance ID should return appropriate error for non-existent instance" classname="API Test Suites" status="passed" time="0.139924872">
              <system-err>&gt; Enter [BeforeEach] TOP-LEVEL - /home/runner/work/uni-compute/uni-compute/test/api/suites/suite_test.go:39 @ 05/19/26 07:39:41.676&#xA;&lt; Exit [BeforeEach] TOP-LEVEL - /home/runner/work/uni-compute/uni-compute/test/api/suites/suite_test.go:39 @ 05/19/26 07:39:41.677 (0s)&#xA;&gt; Enter [It] should return appropriate error for non-existent instance - /home/runner/work/uni-compute/uni-compute/test/api/suites/instance_operations_test.go:381 @ 05/19/26 07:39:41.677&#xA;[POST /api/v2/instances/non-existent-instance-12345/snapshot] UNEXPECTED STATUS expected=201 got=404 body={&#34;error&#34;:&#34;not_found&#34;,&#34;error_description&#34;:&#34;resource not found&#34;,&#34;trace_id&#34;:&#34;1ffbd5e0994b4a0b1c4b06b4fd9eedae&#34;} traceID=1ffbd5e0994b4a0b1c4b06b4fd9eedae spanID=bd0c51bd623c7cba&#xA;TRACE CONTEXT: Use traceID=1ffbd5e0994b4a0b1c4b06b4fd9eedae spanID=bd0c51bd623c7cba to search logs for this request&#xA;Expected HTTP 404 error for non-existent instance: requesting snapshot for instance: expected 201, got 404, body: {&#34;error&#34;:&#34;not_found&#34;,&#34;error_description&#34;:&#34;resource not found&#34;,&#34;trace_id&#34;:&#34;1ffbd5e0994b4a0b1c4b06b4fd9eedae&#34;} (traceID=1ffbd5e0994b4a0b1c4b06b4fd9eedae spanID=bd0c51bd623c7cba): unexpected status code&#xA;&lt; Exit [It] should return appropriate error for non-existent instance - /home/runner/work/uni-compute/uni-compute/test/api/suites/instance_operations_test.go:381 @ 05/19/26 07:39:41.816 (139ms)&#xA;</system-err>
          </testcase>
          <testcase name="[It] Instance Operations When performing power operations on an instance Given a valid instance exists should successfully stop a running instance" classname="API Test Suites" status="passed" time="176.338864365">
              <system-err>&gt; Enter [BeforeEach] TOP-LEVEL - /home/runner/work/uni-compute/uni-compute/test/api/suites/suite_test.go:39 @ 05/19/26 07:39:41.816&#xA;&lt; Exit [BeforeEach] TOP-LEVEL - /home/runner/work/uni-compute/uni-compute/test/api/suites/suite_test.go:39 @ 05/19/26 07:39:41.816 (0s)&#xA;&gt; Enter [BeforeEach] Given a valid instance exists - /home/runner/work/uni-compute/uni-compute/test/api/suites/instance_operations_test.go:396 @ 05/19/26 07:39:41.816&#xA;Created instance with ID: eb469d48-89bb-435d-8af3-6c3b704d8a2d&#xA;Instance eb469d48-89bb-435d-8af3-6c3b704d8a2d network identity ready: private IP=10.0.0.181, MAC=fa:16:3e:83:3c:bb, public IP=&#xA;Instance eb469d48-89bb-435d-8af3-6c3b704d8a2d power state: Pending (waiting for Running)&#xA;Instance eb469d48-89bb-435d-8af3-6c3b704d8a2d power state: Pending (waiting for Running)&#xA;Instance eb469d48-89bb-435d-8af3-6c3b704d8a2d power state: Pending (waiting for Running)&#xA;Instance eb469d48-89bb-435d-8af3-6c3b704d8a2d power state: Pending (waiting for Running)&#xA;Instance eb469d48-89bb-435d-8af3-6c3b704d8a2d power state: Pending (waiting for Running)&#xA;Instance eb469d48-89bb-435d-8af3-6c3b704d8a2d power state: Running (waiting for Running)&#xA;Instance eb469d48-89bb-435d-8af3-6c3b704d8a2d is running&#xA;Using instance eb469d48-89bb-435d-8af3-6c3b704d8a2d for power operations&#xA;&lt; Exit [BeforeEach] Given a valid instance exists - /home/runner/work/uni-compute/uni-compute/test/api/suites/instance_operations_test.go:396 @ 05/19/26 07:40:38.755 (56.938s)&#xA;&gt; Enter [It] should successfully stop a running instance - /home/runner/work/uni-compute/uni-compute/test/api/suites/instance_operations_test.go:410 @ 05/19/26 07:40:38.755&#xA;Stopping instance eb469d48-89bb-435d-8af3-6c3b704d8a2d&#xA;Instance eb469d48-89bb-435d-8af3-6c3b704d8a2d power state: Running (waiting for Stopped)&#xA;Instance eb469d48-89bb-435d-8af3-6c3b704d8a2d power state: Stopping (waiting for Stopped)&#xA;Instance eb469d48-89bb-435d-8af3-6c3b704d8a2d power state: Stopping (waiting for Stopped)&#xA;Instance eb469d48-89bb-435d-8af3-6c3b704d8a2d power state: Stopping (waiting for Stopped)&#xA;Instance eb469d48-89bb-435d-8af3-6c3b704d8a2d power state: Stopping (waiting for Stopped)&#xA;Instance eb469d48-89bb-435d-8af3-6c3b704d8a2d power state: Running (waiting for Stopped)&#xA;Instance eb469d48-89bb-435d-8af3-6c3b704d8a2d power state: Running (waiting for Stopped)&#xA;Instance eb469d48-89bb-435d-8af3-6c3b704d8a2d power state: Running (waiting for Stopped)&#xA;Instance eb469d48-89bb-435d-8af3-6c3b704d8a2d power state: Running (waiting for Stopped)&#xA;Instance eb469d48-89bb-435d-8af3-6c3b704d8a2d power state: Running (waiting for Stopped)&#xA;Instance eb469d48-89bb-435d-8af3-6c3b704d8a2d power state: Running (waiting for Stopped)&#xA;Instance eb469d48-89bb-435d-8af3-6c3b704d8a2d power state: Stopped (waiting for Stopped)&#xA;&lt; Exit [It] should successfully stop a running instance - /home/runner/work/uni-compute/uni-compute/test/api/suites/instance_operations_test.go:410 @ 05/19/26 07:42:32.713 (1m53.958s)&#xA;&gt; Enter [DeferCleanup (Each)] Given a valid instance exists - /home/runner/work/uni-compute/uni-compute/test/api/fixtures.go:134 @ 05/19/26 07:42:32.713&#xA;Cleaning up instance: eb469d48-89bb-435d-8af3-6c3b704d8a2d&#xA;Waiting for instance eb469d48-89bb-435d-8af3-6c3b704d8a2d to be fully deleted&#xA;&lt; Exit [DeferCleanup (Each)] Given a valid instance exists - /home/runner/work/uni-compute/uni-compute/test/api/fixtures.go:134 @ 05/19/26 07:42:38.155 (5.442s)&#xA;</system-err>
          </testcase>
          <testcase name="[It] Instance Operations When performing power operations on an instance Given a valid instance exists should successfully start a stopped instance" classname="API Test Suites" status="passed" time="249.406923747">
              <system-err>&gt; Enter [BeforeEach] TOP-LEVEL - /home/runner/work/uni-compute/uni-compute/test/api/suites/suite_test.go:39 @ 05/19/26 07:42:38.155&#xA;&lt; Exit [BeforeEach] TOP-LEVEL - /home/runner/work/uni-compute/uni-compute/test/api/suites/suite_test.go:39 @ 05/19/26 07:42:38.155 (0s)&#xA;&gt; Enter [BeforeEach] Given a valid instance exists - /home/runner/work/uni-compute/uni-compute/test/api/suites/instance_operations_test.go:396 @ 05/19/26 07:42:38.156&#xA;Created instance with ID: bc50e93f-f9cb-4f58-bb5f-dcd82bc6c3c7&#xA;Instance bc50e93f-f9cb-4f58-bb5f-dcd82bc6c3c7 network identity ready: private IP=10.0.2.55, MAC=fa:16:3e:9c:73:f9, public IP=&#xA;Instance bc50e93f-f9cb-4f58-bb5f-dcd82bc6c3c7 power state: Pending (waiting for Running)&#xA;Instance bc50e93f-f9cb-4f58-bb5f-dcd82bc6c3c7 power state: Pending (waiting for Running)&#xA;Instance bc50e93f-f9cb-4f58-bb5f-dcd82bc6c3c7 power state: Pending (waiting for Running)&#xA;Instance bc50e93f-f9cb-4f58-bb5f-dcd82bc6c3c7 power state: Pending (waiting for Running)&#xA;Instance bc50e93f-f9cb-4f58-bb5f-dcd82bc6c3c7 power state: Pending (waiting for Running)&#xA;Instance bc50e93f-f9cb-4f58-bb5f-dcd82bc6c3c7 power state: Running (waiting for Running)&#xA;Instance bc50e93f-f9cb-4f58-bb5f-dcd82bc6c3c7 is running&#xA;Using instance bc50e93f-f9cb-4f58-bb5f-dcd82bc6c3c7 for power operations&#xA;&lt; Exit [BeforeEach] Given a valid instance exists - /home/runner/work/uni-compute/uni-compute/test/api/suites/instance_operations_test.go:396 @ 05/19/26 07:43:35.491 (57.336s)&#xA;&gt; Enter [It] should successfully start a stopped instance - /home/runner/work/uni-compute/uni-compute/test/api/suites/instance_operations_test.go:433 @ 05/19/26 07:43:35.491&#xA;Stopping instance bc50e93f-f9cb-4f58-bb5f-dcd82bc6c3c7&#xA;Instance bc50e93f-f9cb-4f58-bb5f-dcd82bc6c3c7 power state: Running (waiting for Stopped)&#xA;Instance bc50e93f-f9cb-4f58-bb5f-dcd82bc6c3c7 power state: Stopping (waiting for Stopped)&#xA;Instance bc50e93f-f9cb-4f58-bb5f-dcd82bc6c3c7 power state: Stopping (waiting for Stopped)&#xA;Instance bc50e93f-f9cb-4f58-bb5f-dcd82bc6c3c7 power state: Stopping (waiting for Stopped)&#xA;Instance bc50e93f-f9cb-4f58-bb5f-dcd82bc6c3c7 power state: Stopping (waiting for Stopped)&#xA;Instance bc50e93f-f9cb-4f58-bb5f-dcd82bc6c3c7 power state: Stopping (waiting for Stopped)&#xA;Instance bc50e93f-f9cb-4f58-bb5f-dcd82bc6c3c7 power state: Running (waiting for Stopped)&#xA;Instance bc50e93f-f9cb-4f58-bb5f-dcd82bc6c3c7 power state: Running (waiting for Stopped)&#xA;Instance bc50e93f-f9cb-4f58-bb5f-dcd82bc6c3c7 power state: Running (waiting for Stopped)&#xA;Instance bc50e93f-f9cb-4f58-bb5f-dcd82bc6c3c7 power state: Running (waiting for Stopped)&#xA;Instance bc50e93f-f9cb-4f58-bb5f-dcd82bc6c3c7 power state: Running (waiting for Stopped)&#xA;Instance bc50e93f-f9cb-4f58-bb5f-dcd82bc6c3c7 power state: Running (waiting for Stopped)&#xA;Instance bc50e93f-f9cb-4f58-bb5f-dcd82bc6c3c7 power state: Stopped (waiting for Stopped)&#xA;Starting instance bc50e93f-f9cb-4f58-bb5f-dcd82bc6c3c7&#xA;Instance bc50e93f-f9cb-4f58-bb5f-dcd82bc6c3c7 power state: Stopped (waiting for Running)&#xA;Instance bc50e93f-f9cb-4f58-bb5f-dcd82bc6c3c7 power state: Pending (waiting for Running)&#xA;Instance bc50e93f-f9cb-4f58-bb5f-dcd82bc6c3c7 power state: Pending (waiting for Running)&#xA;Instance bc50e93f-f9cb-4f58-bb5f-dcd82bc6c3c7 power state: Pending (waiting for Running)&#xA;Instance bc50e93f-f9cb-4f58-bb5f-dcd82bc6c3c7 power state: Pending (waiting for Running)&#xA;Instance bc50e93f-f9cb-4f58-bb5f-dcd82bc6c3c7 power state: Pending (waiting for Running)&#xA;Instance bc50e93f-f9cb-4f58-bb5f-dcd82bc6c3c7 power state: Running (waiting for Running)&#xA;&lt; Exit [It] should successfully start a stopped instance - /home/runner/work/uni-compute/uni-compute/test/api/suites/instance_operations_test.go:433 @ 05/19/26 07:46:42.117 (3m6.626s)&#xA;&gt; Enter [DeferCleanup (Each)] Given a valid instance exists - /home/runner/work/uni-compute/uni-compute/test/api/fixtures.go:134 @ 05/19/26 07:46:42.117&#xA;Cleaning up instance: bc50e93f-f9cb-4f58-bb5f-dcd82bc6c3c7&#xA;Waiting for instance bc50e93f-f9cb-4f58-bb5f-dcd82bc6c3c7 to be fully deleted&#xA;&lt; Exit [DeferCleanup (Each)] Given a valid instance exists - /home/runner/work/uni-compute/uni-compute/test/api/fixtures.go:134 @ 05/19/26 07:46:47.562 (5.445s)&#xA;</system-err>
          </testcase>
          <testcase name="[It] Instance Operations When performing power operations on an instance Given a valid instance exists should successfully soft reboot a running instance" classname="API Test Suites" status="passed" time="53.737992131">
              <system-err>&gt; Enter [BeforeEach] TOP-LEVEL - /home/runner/work/uni-compute/uni-compute/test/api/suites/suite_test.go:39 @ 05/19/26 07:46:47.562&#xA;&lt; Exit [BeforeEach] TOP-LEVEL - /home/runner/work/uni-compute/uni-compute/test/api/suites/suite_test.go:39 @ 05/19/26 07:46:47.562 (0s)&#xA;&gt; Enter [BeforeEach] Given a valid instance exists - /home/runner/work/uni-compute/uni-compute/test/api/suites/instance_operations_test.go:396 @ 05/19/26 07:46:47.563&#xA;Created instance with ID: b369fce7-6868-42b2-91ea-b6a7a55a4be3&#xA;Instance b369fce7-6868-42b2-91ea-b6a7a55a4be3 network identity ready: private IP=10.0.2.242, MAC=fa:16:3e:c8:d1:f2, public IP=&#xA;Instance b369fce7-6868-42b2-91ea-b6a7a55a4be3 power state: Pending (waiting for Running)&#xA;Instance b369fce7-6868-42b2-91ea-b6a7a55a4be3 power state: Pending (waiting for Running)&#xA;Instance b369fce7-6868-42b2-91ea-b6a7a55a4be3 power state: Pending (waiting for Running)&#xA;Instance b369fce7-6868-42b2-91ea-b6a7a55a4be3 power state: Pending (waiting for Running)&#xA;Instance b369fce7-6868-42b2-91ea-b6a7a55a4be3 power state: Running (waiting for Running)&#xA;Instance b369fce7-6868-42b2-91ea-b6a7a55a4be3 is running&#xA;Using instance b369fce7-6868-42b2-91ea-b6a7a55a4be3 for power operations&#xA;&lt; Exit [BeforeEach] Given a valid instance exists - /home/runner/work/uni-compute/uni-compute/test/api/suites/instance_operations_test.go:396 @ 05/19/26 07:47:34.501 (46.939s)&#xA;&gt; Enter [It] should successfully soft reboot a running instance - /home/runner/work/uni-compute/uni-compute/test/api/suites/instance_operations_test.go:475 @ 05/19/26 07:47:34.501&#xA;Soft rebooting instance b369fce7-6868-42b2-91ea-b6a7a55a4be3&#xA;Instance b369fce7-6868-42b2-91ea-b6a7a55a4be3 power state: Running (waiting for Running after soft reboot)&#xA;&lt; Exit [It] should successfully soft reboot a running instance - /home/runner/work/uni-compute/uni-compute/test/api/suites/instance_operations_test.go:475 @ 05/19/26 07:47:35.84 (1.339s)&#xA;&gt; Enter [DeferCleanup (Each)] Given a valid instance exists - /home/runner/work/uni-compute/uni-compute/test/api/fixtures.go:134 @ 05/19/26 07:47:35.84&#xA;Cleaning up instance: b369fce7-6868-42b2-91ea-b6a7a55a4be3&#xA;Waiting for instance b369fce7-6868-42b2-91ea-b6a7a55a4be3 to be fully deleted&#xA;&lt; Exit [DeferCleanup (Each)] Given a valid instance exists - /home/runner/work/uni-compute/uni-compute/test/api/fixtures.go:134 @ 05/19/26 07:47:41.3 (5.46s)&#xA;</system-err>
          </testcase>
          <testcase name="[It] Instance Operations When performing power operations on an instance Given a valid instance exists should successfully hard reboot a running instance" classname="API Test Suites" status="passed" time="64.036213784">
              <system-err>&gt; Enter [BeforeEach] TOP-LEVEL - /home/runner/work/uni-compute/uni-compute/test/api/suites/suite_test.go:39 @ 05/19/26 07:47:41.3&#xA;&lt; Exit [BeforeEach] TOP-LEVEL - /home/runner/work/uni-compute/uni-compute/test/api/suites/suite_test.go:39 @ 05/19/26 07:47:41.3 (0s)&#xA;&gt; Enter [BeforeEach] Given a valid instance exists - /home/runner/work/uni-compute/uni-compute/test/api/suites/instance_operations_test.go:396 @ 05/19/26 07:47:41.3&#xA;Created instance with ID: cf533c2d-e613-4509-88c4-51ce298528f0&#xA;Instance cf533c2d-e613-4509-88c4-51ce298528f0 network identity ready: private IP=10.0.2.181, MAC=fa:16:3e:1b:5b:67, public IP=&#xA;Instance cf533c2d-e613-4509-88c4-51ce298528f0 power state: Pending (waiting for Running)&#xA;Instance cf533c2d-e613-4509-88c4-51ce298528f0 power state: Pending (waiting for Running)&#xA;Instance cf533c2d-e613-4509-88c4-51ce298528f0 power state: Pending (waiting for Running)&#xA;Instance cf533c2d-e613-4509-88c4-51ce298528f0 power state: Pending (waiting for Running)&#xA;Instance cf533c2d-e613-4509-88c4-51ce298528f0 power state: Pending (waiting for Running)&#xA;Instance cf533c2d-e613-4509-88c4-51ce298528f0 power state: Running (waiting for Running)&#xA;Instance cf533c2d-e613-4509-88c4-51ce298528f0 is running&#xA;Using instance cf533c2d-e613-4509-88c4-51ce298528f0 for power operations&#xA;&lt; Exit [BeforeEach] Given a valid instance exists - /home/runner/work/uni-compute/uni-compute/test/api/suites/instance_operations_test.go:396 @ 05/19/26 07:48:38.345 (57.045s)&#xA;&gt; Enter [It] should successfully hard reboot a running instance - /home/runner/work/uni-compute/uni-compute/test/api/suites/instance_operations_test.go:497 @ 05/19/26 07:48:38.345&#xA;Hard rebooting instance cf533c2d-e613-4509-88c4-51ce298528f0&#xA;Instance cf533c2d-e613-4509-88c4-51ce298528f0 power state: Running (waiting for Running after hard reboot)&#xA;&lt; Exit [It] should successfully hard reboot a running instance - /home/runner/work/uni-compute/uni-compute/test/api/suites/instance_operations_test.go:497 @ 05/19/26 07:48:39.895 (1.55s)&#xA;&gt; Enter [DeferCleanup (Each)] Given a valid instance exists - /home/runner/work/uni-compute/uni-compute/test/api/fixtures.go:134 @ 05/19/26 07:48:39.895&#xA;Cleaning up instance: cf533c2d-e613-4509-88c4-51ce298528f0&#xA;Waiting for instance cf533c2d-e613-4509-88c4-51ce298528f0 to be fully deleted&#xA;&lt; Exit [DeferCleanup (Each)] Given a valid instance exists - /home/runner/work/uni-compute/uni-compute/test/api/fixtures.go:134 @ 05/19/26 07:48:45.336 (5.441s)&#xA;</system-err>
          </testcase>
          <testcase name="[It] Instance Operations When performing power operations on an instance Given an invalid instance ID should return not found when stopping" classname="API Test Suites" status="passed" time="0.139678303">
              <system-err>&gt; Enter [BeforeEach] TOP-LEVEL - /home/runner/work/uni-compute/uni-compute/test/api/suites/suite_test.go:39 @ 05/19/26 07:48:45.336&#xA;&lt; Exit [BeforeEach] TOP-LEVEL - /home/runner/work/uni-compute/uni-compute/test/api/suites/suite_test.go:39 @ 05/19/26 07:48:45.337 (0s)&#xA;&gt; Enter [It] should return not found when stopping - /home/runner/work/uni-compute/uni-compute/test/api/suites/instance_operations_test.go:521 @ 05/19/26 07:48:45.337&#xA;[POST /api/v2/instances/non-existent-instance-12345/stop] UNEXPECTED STATUS expected=202 got=404 body={&#34;error&#34;:&#34;not_found&#34;,&#34;error_description&#34;:&#34;resource not found&#34;,&#34;trace_id&#34;:&#34;63cfde07988dd8684239e2697a65de74&#34;} traceID=63cfde07988dd8684239e2697a65de74 spanID=1ecc97a0d5fd2216&#xA;TRACE CONTEXT: Use traceID=63cfde07988dd8684239e2697a65de74 spanID=1ecc97a0d5fd2216 to search logs for this request&#xA;Expected HTTP 404 error for non-existent instance: stopping instance: expected 202, got 404, body: {&#34;error&#34;:&#34;not_found&#34;,&#34;error_description&#34;:&#34;resource not found&#34;,&#34;trace_id&#34;:&#34;63cfde07988dd8684239e2697a65de74&#34;} (traceID=63cfde07988dd8684239e2697a65de74 spanID=1ecc97a0d5fd2216): unexpected status code&#xA;&lt; Exit [It] should return not found when stopping - /home/runner/work/uni-compute/uni-compute/test/api/suites/instance_operations_test.go:521 @ 05/19/26 07:48:45.476 (139ms)&#xA;</system-err>
          </testcase>
          <testcase name="[It] Instance Operations When performing power operations on an instance Given an invalid instance ID should return not found when starting" classname="API Test Suites" status="passed" time="0.141375097">
              <system-err>&gt; Enter [BeforeEach] TOP-LEVEL - /home/runner/work/uni-compute/uni-compute/test/api/suites/suite_test.go:39 @ 05/19/26 07:48:45.476&#xA;&lt; Exit [BeforeEach] TOP-LEVEL - /home/runner/work/uni-compute/uni-compute/test/api/suites/suite_test.go:39 @ 05/19/26 07:48:45.476 (0s)&#xA;&gt; Enter [It] should return not found when starting - /home/runner/work/uni-compute/uni-compute/test/api/suites/instance_operations_test.go:529 @ 05/19/26 07:48:45.477&#xA;[POST /api/v2/instances/non-existent-instance-12345/start] UNEXPECTED STATUS expected=202 got=404 body={&#34;error&#34;:&#34;not_found&#34;,&#34;error_description&#34;:&#34;resource not found&#34;,&#34;trace_id&#34;:&#34;384c12998616e6a14a283569733fcf0d&#34;} traceID=384c12998616e6a14a283569733fcf0d spanID=255af0d685cf8cdc&#xA;TRACE CONTEXT: Use traceID=384c12998616e6a14a283569733fcf0d spanID=255af0d685cf8cdc to search logs for this request&#xA;Expected HTTP 404 error for non-existent instance: starting instance: expected 202, got 404, body: {&#34;error&#34;:&#34;not_found&#34;,&#34;error_description&#34;:&#34;resource not found&#34;,&#34;trace_id&#34;:&#34;384c12998616e6a14a283569733fcf0d&#34;} (traceID=384c12998616e6a14a283569733fcf0d spanID=255af0d685cf8cdc): unexpected status code&#xA;&lt; Exit [It] should return not found when starting - /home/runner/work/uni-compute/uni-compute/test/api/suites/instance_operations_test.go:529 @ 05/19/26 07:48:45.617 (141ms)&#xA;</system-err>
          </testcase>
          <testcase name="[It] Instance Operations When performing power operations on an instance Given an invalid instance ID should return not found when rebooting" classname="API Test Suites" status="passed" time="0.139725481">
              <system-err>&gt; Enter [BeforeEach] TOP-LEVEL - /home/runner/work/uni-compute/uni-compute/test/api/suites/suite_test.go:39 @ 05/19/26 07:48:45.618&#xA;&lt; Exit [BeforeEach] TOP-LEVEL - /home/runner/work/uni-compute/uni-compute/test/api/suites/suite_test.go:39 @ 05/19/26 07:48:45.618 (0s)&#xA;&gt; Enter [It] should return not found when rebooting - /home/runner/work/uni-compute/uni-compute/test/api/suites/instance_operations_test.go:537 @ 05/19/26 07:48:45.618&#xA;[POST /api/v2/instances/non-existent-instance-12345/reboot] UNEXPECTED STATUS expected=202 got=404 body={&#34;error&#34;:&#34;not_found&#34;,&#34;error_description&#34;:&#34;resource not found&#34;,&#34;trace_id&#34;:&#34;2392009c653696493681d93101f1166a&#34;} traceID=2392009c653696493681d93101f1166a spanID=6188cf7736bd7a86&#xA;TRACE CONTEXT: Use traceID=2392009c653696493681d93101f1166a spanID=6188cf7736bd7a86 to search logs for this request&#xA;Expected HTTP 404 error for non-existent instance: rebooting instance: expected 202, got 404, body: {&#34;error&#34;:&#34;not_found&#34;,&#34;error_description&#34;:&#34;resource not found&#34;,&#34;trace_id&#34;:&#34;2392009c653696493681d93101f1166a&#34;} (traceID=2392009c653696493681d93101f1166a spanID=6188cf7736bd7a86): unexpected status code&#xA;&lt; Exit [It] should return not found when rebooting - /home/runner/work/uni-compute/uni-compute/test/api/suites/instance_operations_test.go:537 @ 05/19/26 07:48:45.757 (139ms)&#xA;</system-err>
          </testcase>
          <testcase name="[It] Instance Operations When retrieving an instance Given a valid instance exists should return the instance with correct metadata" classname="API Test Suites" status="passed" time="11.496816203">
              <system-err>&gt; Enter [BeforeEach] TOP-LEVEL - /home/runner/work/uni-compute/uni-compute/test/api/suites/suite_test.go:39 @ 05/19/26 07:48:45.757&#xA;&lt; Exit [BeforeEach] TOP-LEVEL - /home/runner/work/uni-compute/uni-compute/test/api/suites/suite_test.go:39 @ 05/19/26 07:48:45.758 (0s)&#xA;&gt; Enter [BeforeEach] Given a valid instance exists - /home/runner/work/uni-compute/uni-compute/test/api/suites/instance_operations_test.go:551 @ 05/19/26 07:48:45.758&#xA;Created instance with ID: deb6d499-4e95-4b8a-9af8-299c8fa55d45&#xA;&lt; Exit [BeforeEach] Given a valid instance exists - /home/runner/work/uni-compute/uni-compute/test/api/suites/instance_operations_test.go:551 @ 05/19/26 07:48:51.676 (5.919s)&#xA;&gt; Enter [It] should return the instance with correct metadata - /home/runner/work/uni-compute/uni-compute/test/api/suites/instance_operations_test.go:559 @ 05/19/26 07:48:51.676&#xA;Successfully retrieved instance deb6d499-4e95-4b8a-9af8-299c8fa55d45&#xA;&lt; Exit [It] should return the instance with correct metadata - /home/runner/work/uni-compute/uni-compute/test/api/suites/instance_operations_test.go:559 @ 05/19/26 07:48:51.815 (139ms)&#xA;&gt; Enter [DeferCleanup (Each)] Given a valid instance exists - /home/runner/work/uni-compute/uni-compute/test/api/fixtures.go:134 @ 05/19/26 07:48:51.815&#xA;Cleaning up instance: deb6d499-4e95-4b8a-9af8-299c8fa55d45&#xA;Waiting for instance deb6d499-4e95-4b8a-9af8-299c8fa55d45 to be fully deleted&#xA;&lt; Exit [DeferCleanup (Each)] Given a valid instance exists - /home/runner/work/uni-compute/uni-compute/test/api/fixtures.go:134 @ 05/19/26 07:48:57.254 (5.439s)&#xA;</system-err>
          </testcase>
          <testcase name="[It] Instance Operations When retrieving an instance Given an invalid instance ID should return not found" classname="API Test Suites" status="passed" time="0.141688704">
              <system-err>&gt; Enter [BeforeEach] TOP-LEVEL - /home/runner/work/uni-compute/uni-compute/test/api/suites/suite_test.go:39 @ 05/19/26 07:48:57.254&#xA;&lt; Exit [BeforeEach] TOP-LEVEL - /home/runner/work/uni-compute/uni-compute/test/api/suites/suite_test.go:39 @ 05/19/26 07:48:57.255 (0s)&#xA;&gt; Enter [It] should return not found - /home/runner/work/uni-compute/uni-compute/test/api/suites/instance_operations_test.go:570 @ 05/19/26 07:48:57.255&#xA;Expected HTTP 404 error for non-existent instance: instance &#39;non-existent-instance-12345&#39;: resource not found&#xA;&lt; Exit [It] should return not found - /home/runner/work/uni-compute/uni-compute/test/api/suites/instance_operations_test.go:570 @ 05/19/26 07:48:57.396 (141ms)&#xA;</system-err>
          </testcase>
          <testcase name="[It] Security and Authentication When accessing API with different authentication states Given invalid authentication should reject requests with invalid tokens" classname="API Test Suites" status="passed" time="0.150574552">
              <system-err>&gt; Enter [BeforeEach] TOP-LEVEL - /home/runner/work/uni-compute/uni-compute/test/api/suites/suite_test.go:39 @ 05/19/26 07:48:57.396&#xA;&lt; Exit [BeforeEach] TOP-LEVEL - /home/runner/work/uni-compute/uni-compute/test/api/suites/suite_test.go:39 @ 05/19/26 07:48:57.396 (0s)&#xA;&gt; Enter [It] should reject requests with invalid tokens - /home/runner/work/uni-compute/uni-compute/test/api/suites/security_authentication_test.go:33 @ 05/19/26 07:48:57.396&#xA;&lt; Exit [It] should reject requests with invalid tokens - /home/runner/work/uni-compute/uni-compute/test/api/suites/security_authentication_test.go:33 @ 05/19/26 07:48:57.546 (150ms)&#xA;</system-err>
          </testcase>
          <testcase name="[It] Security and Authentication When accessing API with different authentication states Given invalid authentication should reject requests with missing authentication" classname="API Test Suites" status="passed" time="0.139829433">
              <system-err>&gt; Enter [BeforeEach] TOP-LEVEL - /home/runner/work/uni-compute/uni-compute/test/api/suites/suite_test.go:39 @ 05/19/26 07:48:57.547&#xA;&lt; Exit [BeforeEach] TOP-LEVEL - /home/runner/work/uni-compute/uni-compute/test/api/suites/suite_test.go:39 @ 05/19/26 07:48:57.547 (0s)&#xA;&gt; Enter [It] should reject requests with missing authentication - /home/runner/work/uni-compute/uni-compute/test/api/suites/security_authentication_test.go:43 @ 05/19/26 07:48:57.547&#xA;&lt; Exit [It] should reject requests with missing authentication - /home/runner/work/uni-compute/uni-compute/test/api/suites/security_authentication_test.go:43 @ 05/19/26 07:48:57.686 (139ms)&#xA;</system-err>
          </testcase>
          <testcase name="[It] Security and Authentication When submitting malicious input Given security testing should reject XSS payloads script tag" classname="API Test Suites" status="passed" time="0.139778113">
              <system-err>&gt; Enter [BeforeEach] TOP-LEVEL - /home/runner/work/uni-compute/uni-compute/test/api/suites/suite_test.go:39 @ 05/19/26 07:48:57.686&#xA;&lt; Exit [BeforeEach] TOP-LEVEL - /home/runner/work/uni-compute/uni-compute/test/api/suites/suite_test.go:39 @ 05/19/26 07:48:57.687 (0s)&#xA;&gt; Enter [It] script tag - /home/runner/work/uni-compute/uni-compute/test/api/suites/security_authentication_test.go:75 @ 05/19/26 07:48:57.687&#xA;&lt; Exit [It] script tag - /home/runner/work/uni-compute/uni-compute/test/api/suites/security_authentication_test.go:75 @ 05/19/26 07:48:57.826 (139ms)&#xA;</system-err>
          </testcase>
          <testcase name="[It] Security and Authentication When submitting malicious input Given security testing should reject XSS payloads img onerror" classname="API Test Suites" status="passed" time="0.139640117">
              <system-err>&gt; Enter [BeforeEach] TOP-LEVEL - /home/runner/work/uni-compute/uni-compute/test/api/suites/suite_test.go:39 @ 05/19/26 07:48:57.826&#xA;&lt; Exit [BeforeEach] TOP-LEVEL - /home/runner/work/uni-compute/uni-compute/test/api/suites/suite_test.go:39 @ 05/19/26 07:48:57.827 (0s)&#xA;&gt; Enter [It] img onerror - /home/runner/work/uni-compute/uni-compute/test/api/suites/security_authentication_test.go:76 @ 05/19/26 07:48:57.827&#xA;&lt; Exit [It] img onerror - /home/runner/work/uni-compute/uni-compute/test/api/suites/security_authentication_test.go:76 @ 05/19/26 07:48:57.966 (139ms)&#xA;</system-err>
          </testcase>
          <testcase name="[It] Security and Authentication When submitting malicious input Given security testing should reject XSS payloads javascript protocol" classname="API Test Suites" status="passed" time="0.13979478">
              <system-err>&gt; Enter [BeforeEach] TOP-LEVEL - /home/runner/work/uni-compute/uni-compute/test/api/suites/suite_test.go:39 @ 05/19/26 07:48:57.966&#xA;&lt; Exit [BeforeEach] TOP-LEVEL - /home/runner/work/uni-compute/uni-compute/test/api/suites/suite_test.go:39 @ 05/19/26 07:48:57.966 (0s)&#xA;&gt; Enter [It] javascript protocol - /home/runner/work/uni-compute/uni-compute/test/api/suites/security_authentication_test.go:77 @ 05/19/26 07:48:57.966&#xA;&lt; Exit [It] javascript protocol - /home/runner/work/uni-compute/uni-compute/test/api/suites/security_authentication_test.go:77 @ 05/19/26 07:48:58.106 (139ms)&#xA;</system-err>
          </testcase>
          <testcase name="[It] Security and Authentication When submitting malicious input Given security testing should reject XSS payloads svg onload" classname="API Test Suites" status="passed" time="0.141128106">
              <system-err>&gt; Enter [BeforeEach] TOP-LEVEL - /home/runner/work/uni-compute/uni-compute/test/api/suites/suite_test.go:39 @ 05/19/26 07:48:58.106&#xA;&lt; Exit [BeforeEach] TOP-LEVEL - /home/runner/work/uni-compute/uni-compute/test/api/suites/suite_test.go:39 @ 05/19/26 07:48:58.106 (0s)&#xA;&gt; Enter [It] svg onload - /home/runner/work/uni-compute/uni-compute/test/api/suites/security_authentication_test.go:78 @ 05/19/26 07:48:58.106&#xA;&lt; Exit [It] svg onload - /home/runner/work/uni-compute/uni-compute/test/api/suites/security_authentication_test.go:78 @ 05/19/26 07:48:58.247 (141ms)&#xA;</system-err>
          </testcase>
          <testcase name="[It] Security and Authentication When submitting malicious input Given security testing should handle path traversal attempts unix path traversal" classname="API Test Suites" status="passed" time="0.143496553">
              <system-err>&gt; Enter [BeforeEach] TOP-LEVEL - /home/runner/work/uni-compute/uni-compute/test/api/suites/suite_test.go:39 @ 05/19/26 07:48:58.247&#xA;&lt; Exit [BeforeEach] TOP-LEVEL - /home/runner/work/uni-compute/uni-compute/test/api/suites/suite_test.go:39 @ 05/19/26 07:48:58.247 (0s)&#xA;&gt; Enter [It] unix path traversal - /home/runner/work/uni-compute/uni-compute/test/api/suites/security_authentication_test.go:95 @ 05/19/26 07:48:58.247&#xA;&lt; Exit [It] unix path traversal - /home/runner/work/uni-compute/uni-compute/test/api/suites/security_authentication_test.go:95 @ 05/19/26 07:48:58.391 (143ms)&#xA;</system-err>
          </testcase>
          <testcase name="[It] Security and Authentication When submitting malicious input Given security testing should handle path traversal attempts windows path traversal" classname="API Test Suites" status="passed" time="0.141152139">
              <system-err>&gt; Enter [BeforeEach] TOP-LEVEL - /home/runner/work/uni-compute/uni-compute/test/api/suites/suite_test.go:39 @ 05/19/26 07:48:58.391&#xA;&lt; Exit [BeforeEach] TOP-LEVEL - /home/runner/work/uni-compute/uni-compute/test/api/suites/suite_test.go:39 @ 05/19/26 07:48:58.391 (0s)&#xA;&gt; Enter [It] windows path traversal - /home/runner/work/uni-compute/uni-compute/test/api/suites/security_authentication_test.go:96 @ 05/19/26 07:48:58.391&#xA;&lt; Exit [It] windows path traversal - /home/runner/work/uni-compute/uni-compute/test/api/suites/security_authentication_test.go:96 @ 05/19/26 07:48:58.532 (141ms)&#xA;</system-err>
          </testcase>
          <testcase name="[It] Security and Authentication When submitting malicious input Given security testing should handle path traversal attempts double encoded traversal" classname="API Test Suites" status="passed" time="0.140429518">
              <system-err>&gt; Enter [BeforeEach] TOP-LEVEL - /home/runner/work/uni-compute/uni-compute/test/api/suites/suite_test.go:39 @ 05/19/26 07:48:58.532&#xA;&lt; Exit [BeforeEach] TOP-LEVEL - /home/runner/work/uni-compute/uni-compute/test/api/suites/suite_test.go:39 @ 05/19/26 07:48:58.532 (0s)&#xA;&gt; Enter [It] double encoded traversal - /home/runner/work/uni-compute/uni-compute/test/api/suites/security_authentication_test.go:97 @ 05/19/26 07:48:58.532&#xA;&lt; Exit [It] double encoded traversal - /home/runner/work/uni-compute/uni-compute/test/api/suites/security_authentication_test.go:97 @ 05/19/26 07:48:58.672 (140ms)&#xA;</system-err>
          </testcase>
          <testcase name="[It] Security and Authentication When submitting malicious input Given security testing should handle path traversal attempts null byte injection" classname="API Test Suites" status="passed" time="0.141864397">
              <system-err>&gt; Enter [BeforeEach] TOP-LEVEL - /home/runner/work/uni-compute/uni-compute/test/api/suites/suite_test.go:39 @ 05/19/26 07:48:58.672&#xA;&lt; Exit [BeforeEach] TOP-LEVEL - /home/runner/work/uni-compute/uni-compute/test/api/suites/suite_test.go:39 @ 05/19/26 07:48:58.673 (0s)&#xA;&gt; Enter [It] null byte injection - /home/runner/work/uni-compute/uni-compute/test/api/suites/security_authentication_test.go:98 @ 05/19/26 07:48:58.673&#xA;&lt; Exit [It] null byte injection - /home/runner/work/uni-compute/uni-compute/test/api/suites/security_authentication_test.go:98 @ 05/19/26 07:48:58.814 (141ms)&#xA;</system-err>
          </testcase>
          <testcase name="[It] Security and Authentication When submitting malicious input Given encoding and Unicode issues should handle Unicode characters properly emoji characters" classname="API Test Suites" status="passed" time="0.139957264">
              <system-err>&gt; Enter [BeforeEach] TOP-LEVEL - /home/runner/work/uni-compute/uni-compute/test/api/suites/suite_test.go:39 @ 05/19/26 07:48:58.814&#xA;&lt; Exit [BeforeEach] TOP-LEVEL - /home/runner/work/uni-compute/uni-compute/test/api/suites/suite_test.go:39 @ 05/19/26 07:48:58.815 (0s)&#xA;&gt; Enter [It] emoji characters - /home/runner/work/uni-compute/uni-compute/test/api/suites/security_authentication_test.go:117 @ 05/19/26 07:48:58.815&#xA;&lt; Exit [It] emoji characters - /home/runner/work/uni-compute/uni-compute/test/api/suites/security_authentication_test.go:117 @ 05/19/26 07:48:58.954 (140ms)&#xA;</system-err>
          </testcase>
          <testcase name="[It] Security and Authentication When submitting malicious input Given encoding and Unicode issues should handle Unicode characters properly chinese characters" classname="API Test Suites" status="passed" time="0.141992428">
              <system-err>&gt; Enter [BeforeEach] TOP-LEVEL - /home/runner/work/uni-compute/uni-compute/test/api/suites/suite_test.go:39 @ 05/19/26 07:48:58.954&#xA;&lt; Exit [BeforeEach] TOP-LEVEL - /home/runner/work/uni-compute/uni-compute/test/api/suites/suite_test.go:39 @ 05/19/26 07:48:58.955 (0s)&#xA;&gt; Enter [It] chinese characters - /home/runner/work/uni-compute/uni-compute/test/api/suites/security_authentication_test.go:118 @ 05/19/26 07:48:58.955&#xA;&lt; Exit [It] chinese characters - /home/runner/work/uni-compute/uni-compute/test/api/suites/security_authentication_test.go:118 @ 05/19/26 07:48:59.096 (141ms)&#xA;</system-err>
          </testcase>
          <testcase name="[It] Security and Authentication When submitting malicious input Given encoding and Unicode issues should handle Unicode characters properly arabic characters" classname="API Test Suites" status="passed" time="0.139156314">
              <system-err>&gt; Enter [BeforeEach] TOP-LEVEL - /home/runner/work/uni-compute/uni-compute/test/api/suites/suite_test.go:39 @ 05/19/26 07:48:59.096&#xA;&lt; Exit [BeforeEach] TOP-LEVEL - /home/runner/work/uni-compute/uni-compute/test/api/suites/suite_test.go:39 @ 05/19/26 07:48:59.097 (0s)&#xA;&gt; Enter [It] arabic characters - /home/runner/work/uni-compute/uni-compute/test/api/suites/security_authentication_test.go:119 @ 05/19/26 07:48:59.097&#xA;&lt; Exit [It] arabic characters - /home/runner/work/uni-compute/uni-compute/test/api/suites/security_authentication_test.go:119 @ 05/19/26 07:48:59.235 (139ms)&#xA;</system-err>
          </testcase>
          <testcase name="[It] Security and Authentication When submitting malicious input Given encoding and Unicode issues should handle Unicode characters properly cyrillic characters" classname="API Test Suites" status="passed" time="0.14093833">
              <system-err>&gt; Enter [BeforeEach] TOP-LEVEL - /home/runner/work/uni-compute/uni-compute/test/api/suites/suite_test.go:39 @ 05/19/26 07:48:59.236&#xA;&lt; Exit [BeforeEach] TOP-LEVEL - /home/runner/work/uni-compute/uni-compute/test/api/suites/suite_test.go:39 @ 05/19/26 07:48:59.236 (0s)&#xA;&gt; Enter [It] cyrillic characters - /home/runner/work/uni-compute/uni-compute/test/api/suites/security_authentication_test.go:120 @ 05/19/26 07:48:59.236&#xA;&lt; Exit [It] cyrillic characters - /home/runner/work/uni-compute/uni-compute/test/api/suites/security_authentication_test.go:120 @ 05/19/26 07:48:59.376 (140ms)&#xA;</system-err>
          </testcase>
          <testcase name="[It] Security and Authentication When submitting malicious input Given encoding and Unicode issues should handle invalid character encodings invalid UTF-8 start byte" classname="API Test Suites" status="passed" time="0.14040442">
              <system-err>&gt; Enter [BeforeEach] TOP-LEVEL - /home/runner/work/uni-compute/uni-compute/test/api/suites/suite_test.go:39 @ 05/19/26 07:48:59.377&#xA;&lt; Exit [BeforeEach] TOP-LEVEL - /home/runner/work/uni-compute/uni-compute/test/api/suites/suite_test.go:39 @ 05/19/26 07:48:59.377 (0s)&#xA;&gt; Enter [It] invalid UTF-8 start byte - /home/runner/work/uni-compute/uni-compute/test/api/suites/security_authentication_test.go:137 @ 05/19/26 07:48:59.377&#xA;&lt; Exit [It] invalid UTF-8 start byte - /home/runner/work/uni-compute/uni-compute/test/api/suites/security_authentication_test.go:137 @ 05/19/26 07:48:59.517 (140ms)&#xA;</system-err>
          </testcase>
          <testcase name="[It] Security and Authentication When submitting malicious input Given encoding and Unicode issues should handle invalid character encodings truncated multi-byte" classname="API Test Suites" status="passed" time="0.144313093">
              <system-err>&gt; Enter [BeforeEach] TOP-LEVEL - /home/runner/work/uni-compute/uni-compute/test/api/suites/suite_test.go:39 @ 05/19/26 07:48:59.517&#xA;&lt; Exit [BeforeEach] TOP-LEVEL - /home/runner/work/uni-compute/uni-compute/test/api/suites/suite_test.go:39 @ 05/19/26 07:48:59.517 (0s)&#xA;&gt; Enter [It] truncated multi-byte - /home/runner/work/uni-compute/uni-compute/test/api/suites/security_authentication_test.go:138 @ 05/19/26 07:48:59.517&#xA;&lt; Exit [It] truncated multi-byte - /home/runner/work/uni-compute/uni-compute/test/api/suites/security_authentication_test.go:138 @ 05/19/26 07:48:59.661 (144ms)&#xA;</system-err>
          </testcase>
          <testcase name="[It] Security and Authentication When submitting malicious input Given encoding and Unicode issues should handle invalid character encodings overlong encoding" classname="API Test Suites" status="passed" time="0.144457076">
              <system-err>&gt; Enter [BeforeEach] TOP-LEVEL - /home/runner/work/uni-compute/uni-compute/test/api/suites/suite_test.go:39 @ 05/19/26 07:48:59.661&#xA;&lt; Exit [BeforeEach] TOP-LEVEL - /home/runner/work/uni-compute/uni-compute/test/api/suites/suite_test.go:39 @ 05/19/26 07:48:59.662 (0s)&#xA;&gt; Enter [It] overlong encoding - /home/runner/work/uni-compute/uni-compute/test/api/suites/security_authentication_test.go:139 @ 05/19/26 07:48:59.662&#xA;&lt; Exit [It] overlong encoding - /home/runner/work/uni-compute/uni-compute/test/api/suites/security_authentication_test.go:139 @ 05/19/26 07:48:59.806 (144ms)&#xA;</system-err>
          </testcase>
      </testsuite>
  </testsuites>